<?xml version="1.0" encoding="UTF-8"?>
<testsuite xmlns:xsi="http://www.w3.org/2001/XMLSchema-instance" xsi:noNamespaceSchemaLocation="https://maven.apache.org/surefire/maven-surefire-plugin/xsd/surefire-test-report.xsd" version="3.0.2" name="org.acme.employeescheduling.solver.EmployeeSchedulingConstraintProviderTest" time="6.545" tests="5" errors="0" skipped="0" failures="0">
  <properties>
[...]
</properties>
  <testcase name="oneShiftPerDay" classname="org.acme.employeescheduling.solver.EmployeeSchedulingConstraintProviderTest" time="0.314">
    <system-out><![CDATA[Shift created: Location 2021-02-01T09:00-2021-02-01T17:00
isFullDay: false
Shift created: Location 2 2021-02-01T09:00-2021-02-01T17:00
isFullDay: false
Shift created: Location 2021-02-01T09:00-2021-02-01T17:00
isFullDay: false
Shift created: Location 2 2021-02-01T09:00-2021-02-01T17:00
isFullDay: false
Shift created: Location 2021-02-01T09:00-2021-02-01T17:00
isFullDay: false
Shift created: Location 2 2021-02-01T13:00-2021-02-01T21:00
isFullDay: false
Shift created: Location 2021-02-01T09:00-2021-02-01T17:00
isFullDay: false
Shift created: Location 2 2021-02-02T09:00-2021-02-02T17:00
isFullDay: false
]]></system-out>
    <system-err><![CDATA[Aug 30, 2025 1:56:54 PM ai.timefold.solver.quarkus.bean.TimefoldSolverBannerBean onStart
INFO: Using Timefold Solver Community Edition v1.14.0.
Aug 30, 2025 1:56:54 PM io.quarkus.bootstrap.runner.Timing printStartupTime
INFO: employee-scheduling 1.0-SNAPSHOT on JVM (powered by Quarkus 3.13.2) started in 2.651s. Listening on: http://localhost:8081
Aug 30, 2025 1:56:54 PM io.quarkus.bootstrap.runner.Timing printStartupTime
INFO: Profile test activated. 
Aug 30, 2025 1:56:54 PM io.quarkus.bootstrap.runner.Timing printStartupTime
INFO: Installed features: [cdi, resteasy, resteasy-jackson, smallrye-context-propagation, smallrye-openapi, swagger-ui, timefold-solver, timefold-solver-jackson, vertx, web-dependency-locator]
]]></system-err>
  </testcase>
  <testcase name="balanceEmployeeShiftAssignments" classname="org.acme.employeescheduling.solver.EmployeeSchedulingConstraintProviderTest" time="0.013">
    <system-out><![CDATA[Shift created: Location 2021-01-31T09:00-2021-02-01T17:00
isFullDay: false
Shift created: Location 2021-01-31T09:00-2021-02-01T17:00
isFullDay: false
Shift created: Location 2021-01-31T09:00-2021-02-01T17:00
isFullDay: false
]]></system-out>
  </testcase>
  <testcase name="atLeast11HoursBetweenConsecutiveShifts" classname="org.acme.employeescheduling.solver.EmployeeSchedulingConstraintProviderTest" time="0.007">
    <system-out><![CDATA[Shift created: Location 2021-02-01T09:00-2021-02-01T17:00
isFullDay: false
Shift created: Location 2 2021-02-01T21:00-2021-02-02T09:00
isFullDay: false
Shift created: Location 2021-02-01T09:00-2021-02-01T17:00
isFullDay: false
Shift created: Location 2 2021-02-01T17:00-2021-02-02T09:00
isFullDay: false
Shift created: Location 2021-02-01T17:00-2021-02-02T09:00
isFullDay: false
Shift created: Location 2 2021-02-01T09:00-2021-02-01T17:00
isFullDay: false
Shift created: Location 2021-02-01T09:00-2021-02-01T17:00
isFullDay: false
Shift created: Location 2 2021-02-02T04:00-2021-02-02T09:00
isFullDay: false
Shift created: Location 2021-02-01T09:00-2021-02-01T17:00
isFullDay: false
Shift created: Location 2 2021-02-01T21:00-2021-02-02T09:00
isFullDay: false
Shift created: Location 2021-02-01T09:00-2021-02-01T17:00
isFullDay: false
Shift created: Location 2 2021-02-02T09:00-2021-02-02T17:00
isFullDay: false
]]></system-out>
  </testcase>
  <testcase name="overlappingShifts" classname="org.acme.employeescheduling.solver.EmployeeSchedulingConstraintProviderTest" time="0.004">
    <system-out><![CDATA[Shift created: Location 2021-02-01T09:00-2021-02-01T17:00
isFullDay: false
Shift created: Location 2 2021-02-01T09:00-2021-02-01T17:00
isFullDay: false
Shift created: Location 2021-02-01T09:00-2021-02-01T17:00
isFullDay: false
Shift created: Location 2 2021-02-01T09:00-2021-02-01T17:00
isFullDay: false
Shift created: Location 2021-02-01T09:00-2021-02-01T17:00
isFullDay: false
Shift created: Location 2 2021-02-01T13:00-2021-02-01T21:00
isFullDay: false
]]></system-out>
  </testcase>
  <testcase name="requiredSkill" classname="org.acme.employeescheduling.solver.EmployeeSchedulingConstraintProviderTest" time="0.003">
    <system-out><![CDATA[Shift created: Location 2021-02-01T09:00-2021-02-01T17:00
isFullDay: false
Shift created: Location 2021-02-01T09:00-2021-02-01T17:00
isFullDay: false
]]></system-out>
  </testcase>
</testsuite>