<?xml version="1.0" encoding="UTF-8"?>
<testsuite xmlns:xsi="http://www.w3.org/2001/XMLSchema-instance" xsi:noNamespaceSchemaLocation="https://maven.apache.org/surefire/maven-surefire-plugin/xsd/surefire-test-report.xsd" version="3.0.2" name="org.acme.employeescheduling.solver.EmployeeSchedulingConstraintProviderTest" time="0.991" tests="5" errors="0" skipped="0" failures="0">
  <properties>
[...]
</properties>
  <testcase name="oneShiftPerDay" classname="org.acme.employeescheduling.solver.EmployeeSchedulingConstraintProviderTest" time="0.355">
    <system-out><![CDATA[&amp#27;[90mDownloading from &amp#27;[0mcentral&amp#27;[90m: https://repo.maven.apache.org/maven2/&amp#27;[0mio/quarkus/quarkus-bom-quarkus-platform-properties/3.28.3/quarkus-bom-quarkus-platform-properties-3.28.3.properties
Progress (1): quarkus-bom-quarkus-platform-properties-3.28.3.properties (45 B)                                                                              Downloaded&amp#27;[90m from &amp#27;[0mcentral&amp#27;[90m: https://repo.maven.apache.org/maven2/&amp#27;[0mio/quarkus/quarkus-bom-quarkus-platform-properties/3.28.3/quarkus-bom-quarkus-platform-properties-3.28.3.properties&amp#27;[90m (45 B at 150 B/s)&amp#27;[0m
&amp#27;[90mDownloading from &amp#27;[0mcentral&amp#27;[90m: https://repo.maven.apache.org/maven2/&amp#27;[0mio/quarkus/quarkus-rest-kotlin/3.28.3/quarkus-rest-kotlin-3.28.3.jar
Progress (1): quarkus-rest-kotlin-3.28.3.jar (0.9/36 kB)Progress (1): quarkus-rest-kotlin-3.28.3.jar (2.3/36 kB)Progress (1): quarkus-rest-kotlin-3.28.3.jar (3.6/36 kB)Progress (1): quarkus-rest-kotlin-3.28.3.jar (5.0/36 kB)Progress (1): quarkus-rest-kotlin-3.28.3.jar (6.4/36 kB)Progress (1): quarkus-rest-kotlin-3.28.3.jar (7.7/36 kB)Progress (1): quarkus-rest-kotlin-3.28.3.jar (9.1/36 kB)Progress (1): quarkus-rest-kotlin-3.28.3.jar (10/36 kB) Progress (1): quarkus-rest-kotlin-3.28.3.jar (12/36 kB)Progress (1): quarkus-rest-kotlin-3.28.3.jar (13/36 kB)Progress (1): quarkus-rest-kotlin-3.28.3.jar (15/36 kB)Progress (1): quarkus-rest-kotlin-3.28.3.jar (16/36 kB)Progress (1): quarkus-rest-kotlin-3.28.3.jar (17/36 kB)Progress (1): quarkus-rest-kotlin-3.28.3.jar (19/36 kB)Progress (1): quarkus-rest-kotlin-3.28.3.jar (20/36 kB)Progress (1): quarkus-rest-kotlin-3.28.3.jar (20/36 kB)Progress (1): quarkus-rest-kotlin-3.28.3.jar (21/36 kB)Progress (1): quarkus-rest-kotlin-3.28.3.jar (23/36 kB)Progress (1): quarkus-rest-kotlin-3.28.3.jar (24/36 kB)Progress (1): quarkus-rest-kotlin-3.28.3.jar (26/36 kB)Progress (1): quarkus-rest-kotlin-3.28.3.jar (27/36 kB)Progress (1): quarkus-rest-kotlin-3.28.3.jar (28/36 kB)Progress (1): quarkus-rest-kotlin-3.28.3.jar (30/36 kB)Progress (1): quarkus-rest-kotlin-3.28.3.jar (31/36 kB)Progress (1): quarkus-rest-kotlin-3.28.3.jar (32/36 kB)Progress (1): quarkus-rest-kotlin-3.28.3.jar (34/36 kB)Progress (1): quarkus-rest-kotlin-3.28.3.jar (35/36 kB)Progress (1): quarkus-rest-kotlin-3.28.3.jar (36 kB)                                                       Downloaded&amp#27;[90m from &amp#27;[0mcentral&amp#27;[90m: https://repo.maven.apache.org/maven2/&amp#27;[0mio/quarkus/quarkus-rest-kotlin/3.28.3/quarkus-rest-kotlin-3.28.3.jar&amp#27;[90m (36 kB at 498 kB/s)&amp#27;[0m
&amp#27;[90mDownloading from &amp#27;[0mcentral&amp#27;[90m: https://repo.maven.apache.org/maven2/&amp#27;[0mio/quarkus/quarkus-rest-deployment/3.28.3/quarkus-rest-deployment-3.28.3.pom
&amp#27;[90mDownloading from &amp#27;[0mcentral&amp#27;[90m: https://repo.maven.apache.org/maven2/&amp#27;[0mio/quarkus/quarkus-rest-jackson-deployment/3.28.3/quarkus-rest-jackson-deployment-3.28.3.pom
&amp#27;[90mDownloading from &amp#27;[0mcentral&amp#27;[90m: https://repo.maven.apache.org/maven2/&amp#27;[0mio/quarkus/quarkus-smallrye-openapi-deployment/3.28.3/quarkus-smallrye-openapi-deployment-3.28.3.pom
&amp#27;[90mDownloading from &amp#27;[0mcentral&amp#27;[90m: https://repo.maven.apache.org/maven2/&amp#27;[0mai/timefold/solver/timefold-solver-quarkus-deployment/1.27.0/timefold-solver-quarkus-deployment-1.27.0.pom
&amp#27;[90mDownloading from &amp#27;[0mcentral&amp#27;[90m: https://repo.maven.apache.org/maven2/&amp#27;[0mio/quarkus/quarkus-web-dependency-locator-deployment/3.28.3/quarkus-web-dependency-locator-deployment-3.28.3.pom
&amp#27;[90mDownloading from &amp#27;[0mcentral&amp#27;[90m: https://repo.maven.apache.org/maven2/&amp#27;[0mai/timefold/solver/timefold-solver-quarkus-jackson-deployment/1.27.0/timefold-solver-quarkus-jackson-deployment-1.27.0.pom
Progress (1): quarkus-rest-deployment-3.28.3.pom (3.0 kB)Progress (1): quarkus-rest-deployment-3.28.3.pom (5.8 kB)Progress (2): quarkus-rest-deployment-3.28.3.pom (5.8 kB) | quarkus-rest-jackson-deployment-3.28.3.pom (2.4 kB)Progress (2): quarkus-rest-deployment-3.28.3.pom (5.8 kB) | quarkus-rest-jackson-deployment-3.28.3.pom (3.0 kB)                                                                                                               Downloaded&amp#27;[90m from &amp#27;[0mcentral&amp#27;[90m: https://repo.maven.apache.org/maven2/&amp#27;[0mio/quarkus/quarkus-rest-deployment/3.28.3/quarkus-rest-deployment-3.28.3.pom&amp#27;[90m (5.8 kB at 102 kB/s)&amp#27;[0m
Downloaded&amp#27;[90m from &amp#27;[0mcentral&amp#27;[90m: https://repo.maven.apache.org/maven2/&amp#27;[0mio/quarkus/quarkus-rest-jackson-deployment/3.28.3/quarkus-rest-jackson-deployment-3.28.3.pom&amp#27;[90m (3.0 kB at 48 kB/s)&amp#27;[0m
&amp#27;[90mDownloading from &amp#27;[0mcentral&amp#27;[90m: https://repo.maven.apache.org/maven2/&amp#27;[0mio/quarkus/resteasy/reactive/resteasy-reactive-processor/3.28.3/resteasy-reactive-processor-3.28.3.pom
Progress (1): timefold-solver-quarkus-deployment-1.27.0.pom (1.9 kB)Progress (1): timefold-solver-quarkus-deployment-1.27.0.pom (4.0 kB)Progress (1): timefold-solver-quarkus-deployment-1.27.0.pom (4.0 kB)                                                                    Downloaded&amp#27;[90m from &amp#27;[0mcentral&amp#27;[90m: https://repo.maven.apache.org/maven2/&amp#27;[0mai/timefold/solver/timefold-solver-quarkus-deployment/1.27.0/timefold-solver-quarkus-deployment-1.27.0.pom&amp#27;[90m (4.0 kB at 43 kB/s)&amp#27;[0m
Progress (1): quarkus-smallrye-openapi-deployment-3.28.3.pom (3.4 kB)Progress (1): quarkus-smallrye-openapi-deployment-3.28.3.pom (6.4 kB)                                                                     &amp#27;[90mDownloading from &amp#27;[0mcentral&amp#27;[90m: https://repo.maven.apache.org/maven2/&amp#27;[0mio/quarkus/quarkus-arc-deployment/3.28.3/quarkus-arc-deployment-3.28.3.pom
Downloaded&amp#27;[90m from &amp#27;[0mcentral&amp#27;[90m: https://repo.maven.apache.org/maven2/&amp#27;[0mio/quarkus/quarkus-smallrye-openapi-deployment/3.28.3/quarkus-smallrye-openapi-deployment-3.28.3.pom&amp#27;[90m (6.4 kB at 61 kB/s)&amp#27;[0m
Progress (1): quarkus-web-dependency-locator-deployment-3.28.3.pom (1.6 kB)Progress (1): quarkus-web-dependency-locator-deployment-3.28.3.pom (5.0 kB)Progress (2): quarkus-web-dependency-locator-deployment-3.28.3.pom (5.0 kB) | resteasy-reactive-processor-3.28.3.pom (2.0 kB)Progress (2): quarkus-web-dependency-locator-deployment-3.28.3.pom (5.0 kB) | resteasy-reactive-processor-3.28.3.pom (2.8 kB)                                                                                                                                                                                                                                                          Downloaded&amp#27;[90m from &amp#27;[0mcentral&amp#27;[90m: https://repo.maven.apache.org/maven2/&amp#27;[0mio/quarkus/quarkus-web-dependency-locator-deployment/3.28.3/quarkus-web-dependency-locator-deployment-3.28.3.pom&amp#27;[90m (5.0 kB at 44 kB/s)&amp#27;[0m
Downloaded&amp#27;[90m from &amp#27;[0mcentral&amp#27;[90m: https://repo.maven.apache.org/maven2/&amp#27;[0mio/quarkus/resteasy/reactive/resteasy-reactive-processor/3.28.3/resteasy-reactive-processor-3.28.3.pom&amp#27;[90m (2.8 kB at 63 kB/s)&amp#27;[0m
&amp#27;[90mDownloading from &amp#27;[0mcentral&amp#27;[90m: https://repo.maven.apache.org/maven2/&amp#27;[0mio/quarkus/resteasy/reactive/resteasy-reactive-common-processor/3.28.3/resteasy-reactive-common-processor-3.28.3.pom
&amp#27;[90mDownloading from &amp#27;[0mcentral&amp#27;[90m: https://repo.maven.apache.org/maven2/&amp#27;[0mio/quarkus/quarkus-vertx-http-deployment/3.28.3/quarkus-vertx-http-deployment-3.28.3.pom
Progress (1): quarkus-arc-deployment-3.28.3.pom (2.4 kB)Progress (1): quarkus-arc-deployment-3.28.3.pom (3.3 kB)                                                        Downloaded&amp#27;[90m from &amp#27;[0mcentral&amp#27;[90m: https://repo.maven.apache.org/maven2/&amp#27;[0mio/quarkus/quarkus-arc-deployment/3.28.3/quarkus-arc-deployment-3.28.3.pom&amp#27;[90m (3.3 kB at 69 kB/s)&amp#27;[0m
&amp#27;[90mDownloading from &amp#27;[0mcentral&amp#27;[90m: https://repo.maven.apache.org/maven2/&amp#27;[0mio/quarkus/quarkus-smallrye-context-propagation-spi/3.28.3/quarkus-smallrye-context-propagation-spi-3.28.3.pom
Progress (1): resteasy-reactive-common-processor-3.28.3.pom (2.0 kB) | quarkus-vertx-http-deployment-3.28.3.pom (3.0 kB)Progress (2): resteasy-reactive-common-processor-3.28.3.pom (2.0 kB) | quarkus-vertx-http-deployment-3.28.3.pom (3.0 kB)Progress (2): resteasy-reactive-common-processor-3.28.3.pom (2.1 kB) | quarkus-vertx-http-deployment-3.28.3.pom (3.0 kB)Progress (2): resteasy-reactive-common-processor-3.28.3.pom (2.1 kB) | quarkus-vertx-http-deployment-3.28.3.pom (5.5 kB)Progress (2): resteasy-reactive-common-processor-3.28.3.pom (2.1 kB) | quarkus-vertx-http-deployment-3.28.3.pom (6.0 kB)                                                                                                                        Downloaded&amp#27;[90m from &amp#27;[0mcentral&amp#27;[90m: https://repo.maven.apache.org/maven2/&amp#27;[0mio/quarkus/resteasy/reactive/resteasy-reactive-common-processor/3.28.3/resteasy-reactive-common-processor-3.28.3.pom&amp#27;[90m (2.1 kB at 37 kB/s)&amp#27;[0m
Downloaded&amp#27;[90m from &amp#27;[0mcentral&amp#27;[90m: https://repo.maven.apache.org/maven2/&amp#27;[0mio/quarkus/quarkus-vertx-http-deployment/3.28.3/quarkus-vertx-http-deployment-3.28.3.pom&amp#27;[90m (6.0 kB at 109 kB/s)&amp#27;[0m
&amp#27;[90mDownloading from &amp#27;[0mcentral&amp#27;[90m: https://repo.maven.apache.org/maven2/&amp#27;[0mio/quarkus/quarkus-vertx-deployment/3.28.3/quarkus-vertx-deployment-3.28.3.pom
Progress (1): quarkus-smallrye-context-propagation-spi-3.28.3.pom (1.0 kB)                                                                          Downloaded&amp#27;[90m from &amp#27;[0mcentral&amp#27;[90m: https://repo.maven.apache.org/maven2/&amp#27;[0mio/quarkus/quarkus-smallrye-context-propagation-spi/3.28.3/quarkus-smallrye-context-propagation-spi-3.28.3.pom&amp#27;[90m (1.0 kB at 19 kB/s)&amp#27;[0m
Progress (1): quarkus-vertx-deployment-3.28.3.pom (2.8 kB)Progress (1): quarkus-vertx-deployment-3.28.3.pom (3.8 kB)                                                          &amp#27;[90mDownloading from &amp#27;[0mcentral&amp#27;[90m: https://repo.maven.apache.org/maven2/&amp#27;[0mio/quarkus/quarkus-devui-deployment-spi/3.28.3/quarkus-devui-deployment-spi-3.28.3.pom
Downloaded&amp#27;[90m from &amp#27;[0mcentral&amp#27;[90m: https://repo.maven.apache.org/maven2/&amp#27;[0mio/quarkus/quarkus-vertx-deployment/3.28.3/quarkus-vertx-deployment-3.28.3.pom&amp#27;[90m (3.8 kB at 95 kB/s)&amp#27;[0m
Progress (1): timefold-solver-quarkus-jackson-deployment-1.27.0.pom (1.7 kB)Progress (1): timefold-solver-quarkus-jackson-deployment-1.27.0.pom (2.4 kB)                                                                            Downloaded&amp#27;[90m from &amp#27;[0mcentral&amp#27;[90m: https://repo.maven.apache.org/maven2/&amp#27;[0mai/timefold/solver/timefold-solver-quarkus-jackson-deployment/1.27.0/timefold-solver-quarkus-jackson-deployment-1.27.0.pom&amp#27;[90m (2.4 kB at 10 kB/s)&amp#27;[0m
&amp#27;[90mDownloading from &amp#27;[0mcentral&amp#27;[90m: https://repo.maven.apache.org/maven2/&amp#27;[0mio/quarkus/quarkus-jackson-deployment/3.28.3/quarkus-jackson-deployment-3.28.3.pom
Progress (1): quarkus-devui-deployment-spi-3.28.3.pom (796 B)                                                             Downloaded&amp#27;[90m from &amp#27;[0mcentral&amp#27;[90m: https://repo.maven.apache.org/maven2/&amp#27;[0mio/quarkus/quarkus-devui-deployment-spi/3.28.3/quarkus-devui-deployment-spi-3.28.3.pom&amp#27;[90m (796 B at 17 kB/s)&amp#27;[0m
&amp#27;[90mDownloading from &amp#27;[0mcentral&amp#27;[90m: https://repo.maven.apache.org/maven2/&amp#27;[0mio/quarkus/quarkus-devui-parent/3.28.3/quarkus-devui-parent-3.28.3.pom
Progress (1): quarkus-jackson-deployment-3.28.3.pom (2.2 kB)Progress (1): quarkus-jackson-deployment-3.28.3.pom (2.4 kB)                                                            Downloaded&amp#27;[90m from &amp#27;[0mcentral&amp#27;[90m: https://repo.maven.apache.org/maven2/&amp#27;[0mio/quarkus/quarkus-jackson-deployment/3.28.3/quarkus-jackson-deployment-3.28.3.pom&amp#27;[90m (2.4 kB at 47 kB/s)&amp#27;[0m
&amp#27;[90mDownloading from &amp#27;[0mcentral&amp#27;[90m: https://repo.maven.apache.org/maven2/&amp#27;[0mio/quarkus/quarkus-jackson-spi/3.28.3/quarkus-jackson-spi-3.28.3.pom
Progress (1): quarkus-devui-parent-3.28.3.pom (879 B)                                                     Downloaded&amp#27;[90m from &amp#27;[0mcentral&amp#27;[90m: https://repo.maven.apache.org/maven2/&amp#27;[0mio/quarkus/quarkus-devui-parent/3.28.3/quarkus-devui-parent-3.28.3.pom&amp#27;[90m (879 B at 23 kB/s)&amp#27;[0m
&amp#27;[90mDownloading from &amp#27;[0mcentral&amp#27;[90m: https://repo.maven.apache.org/maven2/&amp#27;[0mio/quarkus/quarkus-arc-dev/3.28.3/quarkus-arc-dev-3.28.3.pom
Progress (1): quarkus-jackson-spi-3.28.3.pom (830 B)                                                    Downloaded&amp#27;[90m from &amp#27;[0mcentral&amp#27;[90m: https://repo.maven.apache.org/maven2/&amp#27;[0mio/quarkus/quarkus-jackson-spi/3.28.3/quarkus-jackson-spi-3.28.3.pom&amp#27;[90m (830 B at 13 kB/s)&amp#27;[0m
Progress (1): quarkus-arc-dev-3.28.3.pom (823 B)                                                Downloaded&amp#27;[90m from &amp#27;[0mcentral&amp#27;[90m: https://repo.maven.apache.org/maven2/&amp#27;[0mio/quarkus/quarkus-arc-dev/3.28.3/quarkus-arc-dev-3.28.3.pom&amp#27;[90m (823 B at 16 kB/s)&amp#27;[0m
&amp#27;[90mDownloading from &amp#27;[0mcentral&amp#27;[90m: https://repo.maven.apache.org/maven2/&amp#27;[0mio/quarkus/arc/arc-processor/3.28.3/arc-processor-3.28.3.pom
Progress (1): arc-processor-3.28.3.pom (2.2 kB)Progress (1): arc-processor-3.28.3.pom (3.2 kB)                                               Downloaded&amp#27;[90m from &amp#27;[0mcentral&amp#27;[90m: https://repo.maven.apache.org/maven2/&amp#27;[0mio/quarkus/arc/arc-processor/3.28.3/arc-processor-3.28.3.pom&amp#27;[90m (3.2 kB at 64 kB/s)&amp#27;[0m
&amp#27;[90mDownloading from &amp#27;[0mcentral&amp#27;[90m: https://repo.maven.apache.org/maven2/&amp#27;[0mio/quarkus/quarkus-tls-registry-deployment-spi/3.28.3/quarkus-tls-registry-deployment-spi-3.28.3.pom
Progress (1): quarkus-tls-registry-deployment-spi-3.28.3.pom (1.1 kB)                                                                     Downloaded&amp#27;[90m from &amp#27;[0mcentral&amp#27;[90m: https://repo.maven.apache.org/maven2/&amp#27;[0mio/quarkus/quarkus-tls-registry-deployment-spi/3.28.3/quarkus-tls-registry-deployment-spi-3.28.3.pom&amp#27;[90m (1.1 kB at 30 kB/s)&amp#27;[0m
&amp#27;[90mDownloading from &amp#27;[0mcentral&amp#27;[90m: https://repo.maven.apache.org/maven2/&amp#27;[0mio/quarkus/quarkus-netty-deployment/3.28.3/quarkus-netty-deployment-3.28.3.pom
Progress (1): quarkus-netty-deployment-3.28.3.pom (1.9 kB)                                                          Downloaded&amp#27;[90m from &amp#27;[0mcentral&amp#27;[90m: https://repo.maven.apache.org/maven2/&amp#27;[0mio/quarkus/quarkus-netty-deployment/3.28.3/quarkus-netty-deployment-3.28.3.pom&amp#27;[90m (1.9 kB at 45 kB/s)&amp#27;[0m
&amp#27;[90mDownloading from &amp#27;[0mcentral&amp#27;[90m: https://repo.maven.apache.org/maven2/&amp#27;[0mio/quarkus/quarkus-virtual-threads-deployment/3.28.3/quarkus-virtual-threads-deployment-3.28.3.pom
Progress (1): quarkus-virtual-threads-deployment-3.28.3.pom (1.9 kB)Progress (1): quarkus-virtual-threads-deployment-3.28.3.pom (2.0 kB)                                                                    Downloaded&amp#27;[90m from &amp#27;[0mcentral&amp#27;[90m: https://repo.maven.apache.org/maven2/&amp#27;[0mio/quarkus/quarkus-virtual-threads-deployment/3.28.3/quarkus-virtual-threads-deployment-3.28.3.pom&amp#27;[90m (2.0 kB at 36 kB/s)&amp#27;[0m
&amp#27;[90mDownloading from &amp#27;[0mcentral&amp#27;[90m: https://repo.maven.apache.org/maven2/&amp#27;[0mio/quarkus/quarkus-mutiny-deployment/3.28.3/quarkus-mutiny-deployment-3.28.3.pom
Progress (1): quarkus-mutiny-deployment-3.28.3.pom (2.0 kB)Progress (1): quarkus-mutiny-deployment-3.28.3.pom (2.2 kB)                                                           Downloaded&amp#27;[90m from &amp#27;[0mcentral&amp#27;[90m: https://repo.maven.apache.org/maven2/&amp#27;[0mio/quarkus/quarkus-mutiny-deployment/3.28.3/quarkus-mutiny-deployment-3.28.3.pom&amp#27;[90m (2.2 kB at 51 kB/s)&amp#27;[0m
&amp#27;[90mDownloading from &amp#27;[0mcentral&amp#27;[90m: https://repo.maven.apache.org/maven2/&amp#27;[0mio/quarkus/quarkus-smallrye-context-propagation-deployment/3.28.3/quarkus-smallrye-context-propagation-deployment-3.28.3.pom
Progress (1): quarkus-smallrye-context-propagation-deployment-3.28.3.pom (2.0 kB)Progress (1): quarkus-smallrye-context-propagation-deployment-3.28.3.pom (2.3 kB)                                                                                 Downloaded&amp#27;[90m from &amp#27;[0mcentral&amp#27;[90m: https://repo.maven.apache.org/maven2/&amp#27;[0mio/quarkus/quarkus-smallrye-context-propagation-deployment/3.28.3/quarkus-smallrye-context-propagation-deployment-3.28.3.pom&amp#27;[90m (2.3 kB at 37 kB/s)&amp#27;[0m
&amp#27;[90mDownloading from &amp#27;[0mcentral&amp#27;[90m: https://repo.maven.apache.org/maven2/&amp#27;[0mio/quarkus/quarkus-vertx-deployment-spi/3.28.3/quarkus-vertx-deployment-spi-3.28.3.pom
Progress (1): quarkus-vertx-deployment-spi-3.28.3.pom (904 B)                                                             Downloaded&amp#27;[90m from &amp#27;[0mcentral&amp#27;[90m: https://repo.maven.apache.org/maven2/&amp#27;[0mio/quarkus/quarkus-vertx-deployment-spi/3.28.3/quarkus-vertx-deployment-spi-3.28.3.pom&amp#27;[90m (904 B at 14 kB/s)&amp#27;[0m
&amp#27;[90mDownloading from &amp#27;[0mcentral&amp#27;[90m: https://repo.maven.apache.org/maven2/&amp#27;[0mio/quarkus/quarkus-vertx-http-deployment-spi/3.28.3/quarkus-vertx-http-deployment-spi-3.28.3.pom
Progress (1): quarkus-vertx-http-deployment-spi-3.28.3.pom (957 B)                                                                  Downloaded&amp#27;[90m from &amp#27;[0mcentral&amp#27;[90m: https://repo.maven.apache.org/maven2/&amp#27;[0mio/quarkus/quarkus-vertx-http-deployment-spi/3.28.3/quarkus-vertx-http-deployment-spi-3.28.3.pom&amp#27;[90m (957 B at 25 kB/s)&amp#27;[0m
&amp#27;[90mDownloading from &amp#27;[0mcentral&amp#27;[90m: https://repo.maven.apache.org/maven2/&amp#27;[0mio/quarkus/quarkus-tls-registry-deployment/3.28.3/quarkus-tls-registry-deployment-3.28.3.pom
Progress (1): quarkus-tls-registry-deployment-3.28.3.pom (2.7 kB)Progress (1): quarkus-tls-registry-deployment-3.28.3.pom (3.7 kB)                                                                 Downloaded&amp#27;[90m from &amp#27;[0mcentral&amp#27;[90m: https://repo.maven.apache.org/maven2/&amp#27;[0mio/quarkus/quarkus-tls-registry-deployment/3.28.3/quarkus-tls-registry-deployment-3.28.3.pom&amp#27;[90m (3.7 kB at 90 kB/s)&amp#27;[0m
&amp#27;[90mDownloading from &amp#27;[0mcentral&amp#27;[90m: https://repo.maven.apache.org/maven2/&amp#27;[0mio/quarkus/quarkus-credentials-deployment/3.28.3/quarkus-credentials-deployment-3.28.3.pom
Progress (1): quarkus-credentials-deployment-3.28.3.pom (1.9 kB)                                                                Downloaded&amp#27;[90m from &amp#27;[0mcentral&amp#27;[90m: https://repo.maven.apache.org/maven2/&amp#27;[0mio/quarkus/quarkus-credentials-deployment/3.28.3/quarkus-credentials-deployment-3.28.3.pom&amp#27;[90m (1.9 kB at 51 kB/s)&amp#27;[0m
&amp#27;[90mDownloading from &amp#27;[0mcentral&amp#27;[90m: https://repo.maven.apache.org/maven2/&amp#27;[0mio/quarkus/quarkus-kubernetes-spi/3.28.3/quarkus-kubernetes-spi-3.28.3.pom
Progress (1): quarkus-kubernetes-spi-3.28.3.pom (1.2 kB)                                                        Downloaded&amp#27;[90m from &amp#27;[0mcentral&amp#27;[90m: https://repo.maven.apache.org/maven2/&amp#27;[0mio/quarkus/quarkus-kubernetes-spi/3.28.3/quarkus-kubernetes-spi-3.28.3.pom&amp#27;[90m (1.2 kB at 26 kB/s)&amp#27;[0m
&amp#27;[90mDownloading from &amp#27;[0mcentral&amp#27;[90m: https://repo.maven.apache.org/maven2/&amp#27;[0mio/quarkus/quarkus-kubernetes-parent/3.28.3/quarkus-kubernetes-parent-3.28.3.pom
Progress (1): quarkus-kubernetes-parent-3.28.3.pom (834 B)                                                          Downloaded&amp#27;[90m from &amp#27;[0mcentral&amp#27;[90m: https://repo.maven.apache.org/maven2/&amp#27;[0mio/quarkus/quarkus-kubernetes-parent/3.28.3/quarkus-kubernetes-parent-3.28.3.pom&amp#27;[90m (834 B at 18 kB/s)&amp#27;[0m
&amp#27;[90mDownloading from &amp#27;[0mcentral&amp#27;[90m: https://repo.maven.apache.org/maven2/&amp#27;[0mio/quarkus/quarkus-security-spi/3.28.3/quarkus-security-spi-3.28.3.pom
Progress (1): quarkus-security-spi-3.28.3.pom (1.7 kB)                                                      Downloaded&amp#27;[90m from &amp#27;[0mcentral&amp#27;[90m: https://repo.maven.apache.org/maven2/&amp#27;[0mio/quarkus/quarkus-security-spi/3.28.3/quarkus-security-spi-3.28.3.pom&amp#27;[90m (1.7 kB at 28 kB/s)&amp#27;[0m
&amp#27;[90mDownloading from &amp#27;[0mcentral&amp#27;[90m: https://repo.maven.apache.org/maven2/&amp#27;[0mio/quarkus/quarkus-smallrye-openapi-spi/3.28.3/quarkus-smallrye-openapi-spi-3.28.3.pom
&amp#27;[90mDownloading from &amp#27;[0mcentral&amp#27;[90m: https://repo.maven.apache.org/maven2/&amp#27;[0mio/quarkus/quarkus-rest-dev/3.28.3/quarkus-rest-dev-3.28.3.pom
Progress (1): quarkus-smallrye-openapi-spi-3.28.3.pom (928 B)                                                             Downloaded&amp#27;[90m from &amp#27;[0mcentral&amp#27;[90m: https://repo.maven.apache.org/maven2/&amp#27;[0mio/quarkus/quarkus-smallrye-openapi-spi/3.28.3/quarkus-smallrye-openapi-spi-3.28.3.pom&amp#27;[90m (928 B at 13 kB/s)&amp#27;[0m
&amp#27;[90mDownloading from &amp#27;[0mcentral&amp#27;[90m: https://repo.maven.apache.org/maven2/&amp#27;[0mio/quarkus/quarkus-resteasy-server-common-spi/3.28.3/quarkus-resteasy-server-common-spi-3.28.3.pom
Progress (1): quarkus-rest-dev-3.28.3.pom (972 B)                                                 Downloaded&amp#27;[90m from &amp#27;[0mcentral&amp#27;[90m: https://repo.maven.apache.org/maven2/&amp#27;[0mio/quarkus/quarkus-rest-dev/3.28.3/quarkus-rest-dev-3.28.3.pom&amp#27;[90m (972 B at 10 kB/s)&amp#27;[0m
&amp#27;[90mDownloading from &amp#27;[0mcentral&amp#27;[90m: https://repo.maven.apache.org/maven2/&amp#27;[0mio/quarkus/quarkus-rest-server-spi-deployment/3.28.3/quarkus-rest-server-spi-deployment-3.28.3.pom
Progress (1): quarkus-resteasy-server-common-spi-3.28.3.pom (892 B)                                                                   Downloaded&amp#27;[90m from &amp#27;[0mcentral&amp#27;[90m: https://repo.maven.apache.org/maven2/&amp#27;[0mio/quarkus/quarkus-resteasy-server-common-spi/3.28.3/quarkus-resteasy-server-common-spi-3.28.3.pom&amp#27;[90m (892 B at 15 kB/s)&amp#27;[0m
&amp#27;[90mDownloading from &amp#27;[0mcentral&amp#27;[90m: https://repo.maven.apache.org/maven2/&amp#27;[0mio/quarkus/quarkus-resteasy-server-common-parent/3.28.3/quarkus-resteasy-server-common-parent-3.28.3.pom
Progress (1): quarkus-rest-server-spi-deployment-3.28.3.pom (954 B)                                                                   Downloaded&amp#27;[90m from &amp#27;[0mcentral&amp#27;[90m: https://repo.maven.apache.org/maven2/&amp#27;[0mio/quarkus/quarkus-rest-server-spi-deployment/3.28.3/quarkus-rest-server-spi-deployment-3.28.3.pom&amp#27;[90m (954 B at 16 kB/s)&amp#27;[0m
&amp#27;[90mDownloading from &amp#27;[0mcentral&amp#27;[90m: https://repo.maven.apache.org/maven2/&amp#27;[0mio/quarkus/quarkus-rest-spi-deployment/3.28.3/quarkus-rest-spi-deployment-3.28.3.pom
Progress (1): quarkus-rest-spi-deployment-3.28.3.pom (896 B)                                                            Downloaded&amp#27;[90m from &amp#27;[0mcentral&amp#27;[90m: https://repo.maven.apache.org/maven2/&amp#27;[0mio/quarkus/quarkus-rest-spi-deployment/3.28.3/quarkus-rest-spi-deployment-3.28.3.pom&amp#27;[90m (896 B at 19 kB/s)&amp#27;[0m
&amp#27;[90mDownloading from &amp#27;[0mcentral&amp#27;[90m: https://repo.maven.apache.org/maven2/&amp#27;[0mio/quarkus/quarkus-jaxrs-spi-deployment/3.28.3/quarkus-jaxrs-spi-deployment-3.28.3.pom
Progress (1): quarkus-resteasy-server-common-parent-3.28.3.pom (815 B)                                                                      Downloaded&amp#27;[90m from &amp#27;[0mcentral&amp#27;[90m: https://repo.maven.apache.org/maven2/&amp#27;[0mio/quarkus/quarkus-resteasy-server-common-parent/3.28.3/quarkus-resteasy-server-common-parent-3.28.3.pom&amp#27;[90m (815 B at 6.8 kB/s)&amp#27;[0m
&amp#27;[90mDownloading from &amp#27;[0mcentral&amp#27;[90m: https://repo.maven.apache.org/maven2/&amp#27;[0mio/quarkus/quarkus-resteasy-parent-aggregator/3.28.3/quarkus-resteasy-parent-aggregator-3.28.3.pom
Progress (1): quarkus-jaxrs-spi-deployment-3.28.3.pom (774 B)                                                             Downloaded&amp#27;[90m from &amp#27;[0mcentral&amp#27;[90m: https://repo.maven.apache.org/maven2/&amp#27;[0mio/quarkus/quarkus-jaxrs-spi-deployment/3.28.3/quarkus-jaxrs-spi-deployment-3.28.3.pom&amp#27;[90m (774 B at 15 kB/s)&amp#27;[0m
&amp#27;[90mDownloading from &amp#27;[0mcentral&amp#27;[90m: https://repo.maven.apache.org/maven2/&amp#27;[0mio/quarkus/quarkus-jaxrs-spi-parent/3.28.3/quarkus-jaxrs-spi-parent-3.28.3.pom
Progress (1): quarkus-jaxrs-spi-parent-3.28.3.pom (718 B)                                                         Downloaded&amp#27;[90m from &amp#27;[0mcentral&amp#27;[90m: https://repo.maven.apache.org/maven2/&amp#27;[0mio/quarkus/quarkus-jaxrs-spi-parent/3.28.3/quarkus-jaxrs-spi-parent-3.28.3.pom&amp#27;[90m (718 B at 13 kB/s)&amp#27;[0m
&amp#27;[90mDownloading from &amp#27;[0mcentral&amp#27;[90m: https://repo.maven.apache.org/maven2/&amp#27;[0mio/quarkus/quarkus-jsonp-deployment/3.28.3/quarkus-jsonp-deployment-3.28.3.pom
Progress (1): quarkus-resteasy-parent-aggregator-3.28.3.pom (1.4 kB)                                                                    Downloaded&amp#27;[90m from &amp#27;[0mcentral&amp#27;[90m: https://repo.maven.apache.org/maven2/&amp#27;[0mio/quarkus/quarkus-resteasy-parent-aggregator/3.28.3/quarkus-resteasy-parent-aggregator-3.28.3.pom&amp#27;[90m (1.4 kB at 16 kB/s)&amp#27;[0m
&amp#27;[90mDownloading from &amp#27;[0mcentral&amp#27;[90m: https://repo.maven.apache.org/maven2/&amp#27;[0mio/quarkus/quarkus-resteasy-common-spi/3.28.3/quarkus-resteasy-common-spi-3.28.3.pom
Progress (1): quarkus-jsonp-deployment-3.28.3.pom (1.7 kB)                                                          Downloaded&amp#27;[90m from &amp#27;[0mcentral&amp#27;[90m: https://repo.maven.apache.org/maven2/&amp#27;[0mio/quarkus/quarkus-jsonp-deployment/3.28.3/quarkus-jsonp-deployment-3.28.3.pom&amp#27;[90m (1.7 kB at 28 kB/s)&amp#27;[0m
&amp#27;[90mDownloading from &amp#27;[0mcentral&amp#27;[90m: https://repo.maven.apache.org/maven2/&amp#27;[0mio/quarkus/quarkus-rest-common-deployment/3.28.3/quarkus-rest-common-deployment-3.28.3.pom
Progress (1): quarkus-resteasy-common-spi-3.28.3.pom (779 B)                                                            Downloaded&amp#27;[90m from &amp#27;[0mcentral&amp#27;[90m: https://repo.maven.apache.org/maven2/&amp#27;[0mio/quarkus/quarkus-resteasy-common-spi/3.28.3/quarkus-resteasy-common-spi-3.28.3.pom&amp#27;[90m (779 B at 9.4 kB/s)&amp#27;[0m
&amp#27;[90mDownloading from &amp#27;[0mcentral&amp#27;[90m: https://repo.maven.apache.org/maven2/&amp#27;[0mio/quarkus/quarkus-resteasy-common-parent/3.28.3/quarkus-resteasy-common-parent-3.28.3.pom
Progress (1): quarkus-rest-common-deployment-3.28.3.pom (2.3 kB)Progress (1): quarkus-rest-common-deployment-3.28.3.pom (3.9 kB)                                                                Downloaded&amp#27;[90m from &amp#27;[0mcentral&amp#27;[90m: https://repo.maven.apache.org/maven2/&amp#27;[0mio/quarkus/quarkus-rest-common-deployment/3.28.3/quarkus-rest-common-deployment-3.28.3.pom&amp#27;[90m (3.9 kB at 82 kB/s)&amp#27;[0m
&amp#27;[90mDownloading from &amp#27;[0mcentral&amp#27;[90m: https://repo.maven.apache.org/maven2/&amp#27;[0mio/quarkus/quarkus-rest-jackson-common-deployment/3.28.3/quarkus-rest-jackson-common-deployment-3.28.3.pom
Progress (1): quarkus-rest-jackson-common-deployment-3.28.3.pom (1.9 kB)Progress (1): quarkus-rest-jackson-common-deployment-3.28.3.pom (1.9 kB)                                                                        Downloaded&amp#27;[90m from &amp#27;[0mcentral&amp#27;[90m: https://repo.maven.apache.org/maven2/&amp#27;[0mio/quarkus/quarkus-rest-jackson-common-deployment/3.28.3/quarkus-rest-jackson-common-deployment-3.28.3.pom&amp#27;[90m (1.9 kB at 42 kB/s)&amp#27;[0m
Progress (1): quarkus-resteasy-common-parent-3.28.3.pom (801 B)                                                               Downloaded&amp#27;[90m from &amp#27;[0mcentral&amp#27;[90m: https://repo.maven.apache.org/maven2/&amp#27;[0mio/quarkus/quarkus-resteasy-common-parent/3.28.3/quarkus-resteasy-common-parent-3.28.3.pom&amp#27;[90m (801 B at 9.8 kB/s)&amp#27;[0m
&amp#27;[90mDownloading from &amp#27;[0mcentral&amp#27;[90m: https://repo.maven.apache.org/maven2/&amp#27;[0mio/quarkus/quarkus-smallrye-openapi-common-deployment/3.28.3/quarkus-smallrye-openapi-common-deployment-3.28.3.pom
Progress (1): quarkus-smallrye-openapi-common-deployment-3.28.3.pom (1.7 kB)                                                                            Downloaded&amp#27;[90m from &amp#27;[0mcentral&amp#27;[90m: https://repo.maven.apache.org/maven2/&amp#27;[0mio/quarkus/quarkus-smallrye-openapi-common-deployment/3.28.3/quarkus-smallrye-openapi-common-deployment-3.28.3.pom&amp#27;[90m (1.7 kB at 17 kB/s)&amp#27;[0m
&amp#27;[90mDownloading from &amp#27;[0mcentral&amp#27;[90m: https://repo.maven.apache.org/maven2/&amp#27;[0mio/quarkus/quarkus-smallrye-openapi-common-parent/3.28.3/quarkus-smallrye-openapi-common-parent-3.28.3.pom
Progress (1): quarkus-smallrye-openapi-common-parent-3.28.3.pom (738 B)                                                                       Downloaded&amp#27;[90m from &amp#27;[0mcentral&amp#27;[90m: https://repo.maven.apache.org/maven2/&amp#27;[0mio/quarkus/quarkus-smallrye-openapi-common-parent/3.28.3/quarkus-smallrye-openapi-common-parent-3.28.3.pom&amp#27;[90m (738 B at 11 kB/s)&amp#27;[0m
&amp#27;[90mDownloading from &amp#27;[0mcentral&amp#27;[90m: https://repo.maven.apache.org/maven2/&amp#27;[0mio/quarkus/quarkus-swagger-ui-deployment/3.28.3/quarkus-swagger-ui-deployment-3.28.3.pom
Progress (1): quarkus-swagger-ui-deployment-3.28.3.pom (2.2 kB)Progress (1): quarkus-swagger-ui-deployment-3.28.3.pom (2.7 kB)                                                               Downloaded&amp#27;[90m from &amp#27;[0mcentral&amp#27;[90m: https://repo.maven.apache.org/maven2/&amp#27;[0mio/quarkus/quarkus-swagger-ui-deployment/3.28.3/quarkus-swagger-ui-deployment-3.28.3.pom&amp#27;[90m (2.7 kB at 34 kB/s)&amp#27;[0m
&amp#27;[90mDownloading from &amp#27;[0mcentral&amp#27;[90m: https://repo.maven.apache.org/maven2/&amp#27;[0mio/smallrye/smallrye-open-api-ui/4.0.12/smallrye-open-api-ui-4.0.12.pom
Progress (1): smallrye-open-api-ui-4.0.12.pom (1.4 kB)Progress (1): smallrye-open-api-ui-4.0.12.pom (4.0 kB)Progress (1): smallrye-open-api-ui-4.0.12.pom (6.2 kB)                                                      Downloaded&amp#27;[90m from &amp#27;[0mcentral&amp#27;[90m: https://repo.maven.apache.org/maven2/&amp#27;[0mio/smallrye/smallrye-open-api-ui/4.0.12/smallrye-open-api-ui-4.0.12.pom&amp#27;[90m (6.2 kB at 63 kB/s)&amp#27;[0m
&amp#27;[90mDownloading from &amp#27;[0mcentral&amp#27;[90m: https://repo.maven.apache.org/maven2/&amp#27;[0mio/smallrye/smallrye-open-api-ui-parent/4.0.12/smallrye-open-api-ui-parent-4.0.12.pom
Progress (1): smallrye-open-api-ui-parent-4.0.12.pom (713 B)                                                            Downloaded&amp#27;[90m from &amp#27;[0mcentral&amp#27;[90m: https://repo.maven.apache.org/maven2/&amp#27;[0mio/smallrye/smallrye-open-api-ui-parent/4.0.12/smallrye-open-api-ui-parent-4.0.12.pom&amp#27;[90m (713 B at 9.1 kB/s)&amp#27;[0m
&amp#27;[90mDownloading from &amp#27;[0mcentral&amp#27;[90m: https://repo.maven.apache.org/maven2/&amp#27;[0mio/quarkus/quarkus-smallrye-openapi-dev/3.28.3/quarkus-smallrye-openapi-dev-3.28.3.pom
Progress (1): quarkus-smallrye-openapi-dev-3.28.3.pom (1.1 kB)                                                              Downloaded&amp#27;[90m from &amp#27;[0mcentral&amp#27;[90m: https://repo.maven.apache.org/maven2/&amp#27;[0mio/quarkus/quarkus-smallrye-openapi-dev/3.28.3/quarkus-smallrye-openapi-dev-3.28.3.pom&amp#27;[90m (1.1 kB at 25 kB/s)&amp#27;[0m
&amp#27;[90mDownloading from &amp#27;[0mcentral&amp#27;[90m: https://repo.maven.apache.org/maven2/&amp#27;[0mio/quarkus/quarkus-assistant-dev/3.28.3/quarkus-assistant-dev-3.28.3.pom
Progress (1): quarkus-assistant-dev-3.28.3.pom (638 B)                                                      Downloaded&amp#27;[90m from &amp#27;[0mcentral&amp#27;[90m: https://repo.maven.apache.org/maven2/&amp#27;[0mio/quarkus/quarkus-assistant-dev/3.28.3/quarkus-assistant-dev-3.28.3.pom&amp#27;[90m (638 B at 13 kB/s)&amp#27;[0m
&amp#27;[90mDownloading from &amp#27;[0mcentral&amp#27;[90m: https://repo.maven.apache.org/maven2/&amp#27;[0mio/quarkus/quarkus-assistant-parent/3.28.3/quarkus-assistant-parent-3.28.3.pom
Progress (1): quarkus-assistant-parent-3.28.3.pom (818 B)                                                         Downloaded&amp#27;[90m from &amp#27;[0mcentral&amp#27;[90m: https://repo.maven.apache.org/maven2/&amp#27;[0mio/quarkus/quarkus-assistant-parent/3.28.3/quarkus-assistant-parent-3.28.3.pom&amp#27;[90m (818 B at 26 kB/s)&amp#27;[0m
&amp#27;[90mDownloading from &amp#27;[0mcentral&amp#27;[90m: https://repo.maven.apache.org/maven2/&amp#27;[0mio/smallrye/smallrye-open-api-jaxrs/4.0.12/smallrye-open-api-jaxrs-4.0.12.pom
Progress (1): smallrye-open-api-jaxrs-4.0.12.pom (1.8 kB)Progress (1): smallrye-open-api-jaxrs-4.0.12.pom (4.6 kB)Progress (1): smallrye-open-api-jaxrs-4.0.12.pom (6.5 kB)                                                         Downloaded&amp#27;[90m from &amp#27;[0mcentral&amp#27;[90m: https://repo.maven.apache.org/maven2/&amp#27;[0mio/smallrye/smallrye-open-api-jaxrs/4.0.12/smallrye-open-api-jaxrs-4.0.12.pom&amp#27;[90m (6.5 kB at 81 kB/s)&amp#27;[0m
&amp#27;[90mDownloading from &amp#27;[0mcentral&amp#27;[90m: https://repo.maven.apache.org/maven2/&amp#27;[0mio/smallrye/smallrye-open-api-spring/4.0.12/smallrye-open-api-spring-4.0.12.pom
Progress (1): smallrye-open-api-spring-4.0.12.pom (1.6 kB)Progress (1): smallrye-open-api-spring-4.0.12.pom (5.1 kB)                                                          Downloaded&amp#27;[90m from &amp#27;[0mcentral&amp#27;[90m: https://repo.maven.apache.org/maven2/&amp#27;[0mio/smallrye/smallrye-open-api-spring/4.0.12/smallrye-open-api-spring-4.0.12.pom&amp#27;[90m (5.1 kB at 53 kB/s)&amp#27;[0m
&amp#27;[90mDownloading from &amp#27;[0mcentral&amp#27;[90m: https://repo.maven.apache.org/maven2/&amp#27;[0mio/smallrye/smallrye-open-api-vertx/4.0.12/smallrye-open-api-vertx-4.0.12.pom
Progress (1): smallrye-open-api-vertx-4.0.12.pom (1.9 kB)Progress (1): smallrye-open-api-vertx-4.0.12.pom (3.5 kB)                                                         Downloaded&amp#27;[90m from &amp#27;[0mcentral&amp#27;[90m: https://repo.maven.apache.org/maven2/&amp#27;[0mio/smallrye/smallrye-open-api-vertx/4.0.12/smallrye-open-api-vertx-4.0.12.pom&amp#27;[90m (3.5 kB at 32 kB/s)&amp#27;[0m
&amp#27;[90mDownloading from &amp#27;[0mcentral&amp#27;[90m: https://repo.maven.apache.org/maven2/&amp#27;[0mio/quarkus/quarkus-rest-deployment/3.28.3/quarkus-rest-deployment-3.28.3.jar
&amp#27;[90mDownloading from &amp#27;[0mcentral&amp#27;[90m: https://repo.maven.apache.org/maven2/&amp#27;[0mio/quarkus/quarkus-vertx-http-deployment/3.28.3/quarkus-vertx-http-deployment-3.28.3.jar
&amp#27;[90mDownloading from &amp#27;[0mcentral&amp#27;[90m: https://repo.maven.apache.org/maven2/&amp#27;[0mio/quarkus/resteasy/reactive/resteasy-reactive-common-processor/3.28.3/resteasy-reactive-common-processor-3.28.3.jar
&amp#27;[90mDownloading from &amp#27;[0mcentral&amp#27;[90m: https://repo.maven.apache.org/maven2/&amp#27;[0mio/quarkus/quarkus-netty-deployment/3.28.3/quarkus-netty-deployment-3.28.3.jar
&amp#27;[90mDownloading from &amp#27;[0mcentral&amp#27;[90m: https://repo.maven.apache.org/maven2/&amp#27;[0mio/quarkus/quarkus-vertx-deployment/3.28.3/quarkus-vertx-deployment-3.28.3.jar
&amp#27;[90mDownloading from &amp#27;[0mcentral&amp#27;[90m: https://repo.maven.apache.org/maven2/&amp#27;[0mio/quarkus/quarkus-vertx-deployment-spi/3.28.3/quarkus-vertx-deployment-spi-3.28.3.jar
&amp#27;[90mDownloading from &amp#27;[0mcentral&amp#27;[90m: https://repo.maven.apache.org/maven2/&amp#27;[0mio/quarkus/quarkus-mutiny-deployment/3.28.3/quarkus-mutiny-deployment-3.28.3.jar
&amp#27;[90mDownloading from &amp#27;[0mcentral&amp#27;[90m: https://repo.maven.apache.org/maven2/&amp#27;[0mio/quarkus/quarkus-tls-registry-deployment-spi/3.28.3/quarkus-tls-registry-deployment-spi-3.28.3.jar
&amp#27;[90mDownloading from &amp#27;[0mcentral&amp#27;[90m: https://repo.maven.apache.org/maven2/&amp#27;[0mio/quarkus/quarkus-vertx-http-deployment-spi/3.28.3/quarkus-vertx-http-deployment-spi-3.28.3.jar
&amp#27;[90mDownloading from &amp#27;[0mcentral&amp#27;[90m: https://repo.maven.apache.org/maven2/&amp#27;[0mio/quarkus/resteasy/reactive/resteasy-reactive-processor/3.28.3/resteasy-reactive-processor-3.28.3.jar
&amp#27;[90mDownloading from &amp#27;[0mcentral&amp#27;[90m: https://repo.maven.apache.org/maven2/&amp#27;[0mio/quarkus/quarkus-smallrye-context-propagation-deployment/3.28.3/quarkus-smallrye-context-propagation-deployment-3.28.3.jar
Progress (1): quarkus-mutiny-deployment-3.28.3.jar (0.9/14 kB)Progress (1): quarkus-mutiny-deployment-3.28.3.jar (2.3/14 kB)Progress (1): quarkus-mutiny-deployment-3.28.3.jar (3.6/14 kB)Progress (1): quarkus-mutiny-deployment-3.28.3.jar (5.0/14 kB)Progress (1): quarkus-mutiny-deployment-3.28.3.jar (6.4/14 kB)Progress (1): quarkus-mutiny-deployment-3.28.3.jar (7.7/14 kB)Progress (1): quarkus-mutiny-deployment-3.28.3.jar (9.1/14 kB)Progress (1): quarkus-mutiny-deployment-3.28.3.jar (10/14 kB) Progress (2): quarkus-mutiny-deployment-3.28.3.jar (10/14 kB) | quarkus-tls-registry-deployment-spi-3.28.3.jar (0.9/8.0 kB)Progress (2): quarkus-mutiny-deployment-3.28.3.jar (10/14 kB) | quarkus-tls-registry-deployment-spi-3.28.3.jar (2.3/8.0 kB)Progress (2): quarkus-mutiny-deployment-3.28.3.jar (10/14 kB) | quarkus-tls-registry-deployment-spi-3.28.3.jar (3.7/8.0 kB)Progress (2): quarkus-mutiny-deployment-3.28.3.jar (10/14 kB) | quarkus-tls-registry-deployment-spi-3.28.3.jar (3.7/8.0 kB)Progress (2): quarkus-mutiny-deployment-3.28.3.jar (10/14 kB) | quarkus-tls-registry-deployment-spi-3.28.3.jar (5.1/8.0 kB)Progress (2): quarkus-mutiny-deployment-3.28.3.jar (10/14 kB) | quarkus-tls-registry-deployment-spi-3.28.3.jar (6.5/8.0 kB)Progress (2): quarkus-mutiny-deployment-3.28.3.jar (10/14 kB) | quarkus-tls-registry-deployment-spi-3.28.3.jar (7.8/8.0 kB)Progress (2): quarkus-mutiny-deployment-3.28.3.jar (10/14 kB) | quarkus-tls-registry-deployment-spi-3.28.3.jar (8.0 kB)    Progress (3): quarkus-mutiny-deployment-3.28.3.jar (10/14 kB) | quarkus-tls-registry-deployment-spi-3.28.3.jar (8.0 kB) | resteasy-reactive-common-processor-3.28.3.jar (0.9/130 kB)Progress (3): quarkus-mutiny-deployment-3.28.3.jar (10/14 kB) | quarkus-tls-registry-deployment-spi-3.28.3.jar (8.0 kB) | resteasy-reactive-common-processor-3.28.3.jar (2.3/130 kB)Progress (3): quarkus-mutiny-deployment-3.28.3.jar (10/14 kB) | quarkus-tls-registry-deployment-spi-3.28.3.jar (8.0 kB) | resteasy-reactive-common-processor-3.28.3.jar (3.7/130 kB)Progress (3): quarkus-mutiny-deployment-3.28.3.jar (10/14 kB) | quarkus-tls-registry-deployment-spi-3.28.3.jar (8.0 kB) | resteasy-reactive-common-processor-3.28.3.jar (5.0/130 kB)Progress (3): quarkus-mutiny-deployment-3.28.3.jar (10/14 kB) | quarkus-tls-registry-deployment-spi-3.28.3.jar (8.0 kB) | resteasy-reactive-common-processor-3.28.3.jar (6.4/130 kB)Progress (3): quarkus-mutiny-deployment-3.28.3.jar (10/14 kB) | quarkus-tls-registry-deployment-spi-3.28.3.jar (8.0 kB) | resteasy-reactive-common-processor-3.28.3.jar (7.8/130 kB)Progress (3): quarkus-mutiny-deployment-3.28.3.jar (10/14 kB) | quarkus-tls-registry-deployment-spi-3.28.3.jar (8.0 kB) | resteasy-reactive-common-processor-3.28.3.jar (9.1/130 kB)Progress (3): quarkus-mutiny-deployment-3.28.3.jar (10/14 kB) | quarkus-tls-registry-deployment-spi-3.28.3.jar (8.0 kB) | resteasy-reactive-common-processor-3.28.3.jar (11/130 kB) Progress (3): quarkus-mutiny-deployment-3.28.3.jar (10/14 kB) | quarkus-tls-registry-deployment-spi-3.28.3.jar (8.0 kB) | resteasy-reactive-common-processor-3.28.3.jar (12/130 kB)                                                                                                                                                                                   Downloaded&amp#27;[90m from &amp#27;[0mcentral&amp#27;[90m: https://repo.maven.apache.org/maven2/&amp#27;[0mio/quarkus/quarkus-tls-registry-deployment-spi/3.28.3/quarkus-tls-registry-deployment-spi-3.28.3.jar&amp#27;[90m (8.0 kB at 154 kB/s)&amp#27;[0m
Progress (3): quarkus-mutiny-deployment-3.28.3.jar (10/14 kB) | resteasy-reactive-common-processor-3.28.3.jar (12/130 kB) | quarkus-rest-deployment-3.28.3.jar (3.7/154 kB)Progress (4): quarkus-mutiny-deployment-3.28.3.jar (10/14 kB) | resteasy-reactive-common-processor-3.28.3.jar (12/130 kB) | quarkus-rest-deployment-3.28.3.jar (3.7/154 kB) | quarkus-vertx-deployment-3.28.3.jar (0.9/50 kB)                                                                                                                                                                                                                             &amp#27;[90mDownloading from &amp#27;[0mcentral&amp#27;[90m: https://repo.maven.apache.org/maven2/&amp#27;[0mio/quarkus/quarkus-tls-registry-deployment/3.28.3/quarkus-tls-registry-deployment-3.28.3.jar
Progress (4): quarkus-mutiny-deployment-3.28.3.jar (10/14 kB) | resteasy-reactive-common-processor-3.28.3.jar (12/130 kB) | quarkus-rest-deployment-3.28.3.jar (3.7/154 kB) | quarkus-vertx-deployment-3.28.3.jar (2.3/50 kB)Progress (5): quarkus-mutiny-deployment-3.28.3.jar (10/14 kB) | resteasy-reactive-common-processor-3.28.3.jar (12/130 kB) | quarkus-rest-deployment-3.28.3.jar (3.7/154 kB) | quarkus-vertx-deployment-3.28.3.jar (2.3/50 kB) | quarkus-smallrye-context-propagation-deployment-3.28.3.jar (0.9/21 kB)Progress (5): quarkus-mutiny-deployment-3.28.3.jar (10/14 kB) | resteasy-reactive-common-processor-3.28.3.jar (12/130 kB) | quarkus-rest-deployment-3.28.3.jar (3.7/154 kB) | quarkus-vertx-deployment-3.28.3.jar (2.3/50 kB) | quarkus-smallrye-context-propagation-deployment-3.28.3.jar (2.3/21 kB)Progress (5): quarkus-mutiny-deployment-3.28.3.jar (10/14 kB) | resteasy-reactive-common-processor-3.28.3.jar (12/130 kB) | quarkus-rest-deployment-3.28.3.jar (3.7/154 kB) | quarkus-vertx-deployment-3.28.3.jar (3.7/50 kB) | quarkus-smallrye-context-propagation-deployment-3.28.3.jar (2.3/21 kB)Progress (5): quarkus-mutiny-deployment-3.28.3.jar (10/14 kB) | resteasy-reactive-common-processor-3.28.3.jar (12/130 kB) | quarkus-rest-deployment-3.28.3.jar (3.7/154 kB) | quarkus-vertx-deployment-3.28.3.jar (3.7/50 kB) | quarkus-smallrye-context-propagation-deployment-3.28.3.jar (3.7/21 kB)Progress (5): quarkus-mutiny-deployment-3.28.3.jar (10/14 kB) | resteasy-reactive-common-processor-3.28.3.jar (12/130 kB) | quarkus-rest-deployment-3.28.3.jar (3.7/154 kB) | quarkus-vertx-deployment-3.28.3.jar (5.0/50 kB) | quarkus-smallrye-context-propagation-deployment-3.28.3.jar (3.7/21 kB)Progress (5): quarkus-mutiny-deployment-3.28.3.jar (10/14 kB) | resteasy-reactive-common-processor-3.28.3.jar (12/130 kB) | quarkus-rest-deployment-3.28.3.jar (3.7/154 kB) | quarkus-vertx-deployment-3.28.3.jar (5.0/50 kB) | quarkus-smallrye-context-propagation-deployment-3.28.3.jar (5.0/21 kB)Progress (5): quarkus-mutiny-deployment-3.28.3.jar (10/14 kB) | resteasy-reactive-common-processor-3.28.3.jar (12/130 kB) | quarkus-rest-deployment-3.28.3.jar (3.7/154 kB) | quarkus-vertx-deployment-3.28.3.jar (6.4/50 kB) | quarkus-smallrye-context-propagation-deployment-3.28.3.jar (5.0/21 kB)Progress (5): quarkus-mutiny-deployment-3.28.3.jar (10/14 kB) | resteasy-reactive-common-processor-3.28.3.jar (12/130 kB) | quarkus-rest-deployment-3.28.3.jar (3.7/154 kB) | quarkus-vertx-deployment-3.28.3.jar (6.4/50 kB) | quarkus-smallrye-context-propagation-deployment-3.28.3.jar (6.4/21 kB)Progress (5): quarkus-mutiny-deployment-3.28.3.jar (10/14 kB) | resteasy-reactive-common-processor-3.28.3.jar (12/130 kB) | quarkus-rest-deployment-3.28.3.jar (3.7/154 kB) | quarkus-vertx-deployment-3.28.3.jar (7.8/50 kB) | quarkus-smallrye-context-propagation-deployment-3.28.3.jar (6.4/21 kB)Progress (5): quarkus-mutiny-deployment-3.28.3.jar (10/14 kB) | resteasy-reactive-common-processor-3.28.3.jar (12/130 kB) | quarkus-rest-deployment-3.28.3.jar (3.7/154 kB) | quarkus-vertx-deployment-3.28.3.jar (7.8/50 kB) | quarkus-smallrye-context-propagation-deployment-3.28.3.jar (7.8/21 kB)Progress (5): quarkus-mutiny-deployment-3.28.3.jar (10/14 kB) | resteasy-reactive-common-processor-3.28.3.jar (12/130 kB) | quarkus-rest-deployment-3.28.3.jar (3.7/154 kB) | quarkus-vertx-deployment-3.28.3.jar (9.1/50 kB) | quarkus-smallrye-context-propagation-deployment-3.28.3.jar (7.8/21 kB)Progress (5): quarkus-mutiny-deployment-3.28.3.jar (10/14 kB) | resteasy-reactive-common-processor-3.28.3.jar (12/130 kB) | quarkus-rest-deployment-3.28.3.jar (3.7/154 kB) | quarkus-vertx-deployment-3.28.3.jar (9.1/50 kB) | quarkus-smallrye-context-propagation-deployment-3.28.3.jar (9.1/21 kB)Progress (5): quarkus-mutiny-deployment-3.28.3.jar (10/14 kB) | resteasy-reactive-common-processor-3.28.3.jar (12/130 kB) | quarkus-rest-deployment-3.28.3.jar (3.7/154 kB) | quarkus-vertx-deployment-3.28.3.jar (11/50 kB) | quarkus-smallrye-context-propagation-deployment-3.28.3.jar (9.1/21 kB) Progress (5): quarkus-mutiny-deployment-3.28.3.jar (10/14 kB) | resteasy-reactive-common-processor-3.28.3.jar (12/130 kB) | quarkus-rest-deployment-3.28.3.jar (3.7/154 kB) | quarkus-vertx-deployment-3.28.3.jar (11/50 kB) | quarkus-smallrye-context-propagation-deployment-3.28.3.jar (11/21 kB) Progress (5): quarkus-mutiny-deployment-3.28.3.jar (10/14 kB) | resteasy-reactive-common-processor-3.28.3.jar (12/130 kB) | quarkus-rest-deployment-3.28.3.jar (3.7/154 kB) | quarkus-vertx-deployment-3.28.3.jar (12/50 kB) | quarkus-smallrye-context-propagation-deployment-3.28.3.jar (11/21 kB)Progress (5): quarkus-mutiny-deployment-3.28.3.jar (10/14 kB) | resteasy-reactive-common-processor-3.28.3.jar (12/130 kB) | quarkus-rest-deployment-3.28.3.jar (3.7/154 kB) | quarkus-vertx-deployment-3.28.3.jar (13/50 kB) | quarkus-smallrye-context-propagation-deployment-3.28.3.jar (11/21 kB)Progress (6): quarkus-mutiny-deployment-3.28.3.jar (10/14 kB) | resteasy-reactive-common-processor-3.28.3.jar (12/130 kB) | quarkus-rest-deployment-3.28.3.jar (3.7/154 kB) | quarkus-vertx-deployment-3.28.3.jar (13/50 kB) | quarkus-smallrye-context-propagation-deployment-3.28.3.jar (11/21 kB) | quarkus-vertx-deployment-spi-3.28.3.jar (0.9/7.4 kB)Progress (6): quarkus-mutiny-deployment-3.28.3.jar (10/14 kB) | resteasy-reactive-common-processor-3.28.3.jar (12/130 kB) | quarkus-rest-deployment-3.28.3.jar (3.7/154 kB) | quarkus-vertx-deployment-3.28.3.jar (15/50 kB) | quarkus-smallrye-context-propagation-deployment-3.28.3.jar (11/21 kB) | quarkus-vertx-deployment-spi-3.28.3.jar (0.9/7.4 kB)Progress (6): quarkus-mutiny-deployment-3.28.3.jar (10/14 kB) | resteasy-reactive-common-processor-3.28.3.jar (12/130 kB) | quarkus-rest-deployment-3.28.3.jar (3.7/154 kB) | quarkus-vertx-deployment-3.28.3.jar (15/50 kB) | quarkus-smallrye-context-propagation-deployment-3.28.3.jar (11/21 kB) | quarkus-vertx-deployment-spi-3.28.3.jar (2.3/7.4 kB)Progress (6): quarkus-mutiny-deployment-3.28.3.jar (10/14 kB) | resteasy-reactive-common-processor-3.28.3.jar (12/130 kB) | quarkus-rest-deployment-3.28.3.jar (3.7/154 kB) | quarkus-vertx-deployment-3.28.3.jar (16/50 kB) | quarkus-smallrye-context-propagation-deployment-3.28.3.jar (11/21 kB) | quarkus-vertx-deployment-spi-3.28.3.jar (2.3/7.4 kB)Progress (6): quarkus-mutiny-deployment-3.28.3.jar (10/14 kB) | resteasy-reactive-common-processor-3.28.3.jar (12/130 kB) | quarkus-rest-deployment-3.28.3.jar (3.7/154 kB) | quarkus-vertx-deployment-3.28.3.jar (17/50 kB) | quarkus-smallrye-context-propagation-deployment-3.28.3.jar (11/21 kB) | quarkus-vertx-deployment-spi-3.28.3.jar (2.3/7.4 kB)Progress (6): quarkus-mutiny-deployment-3.28.3.jar (10/14 kB) | resteasy-reactive-common-processor-3.28.3.jar (12/130 kB) | quarkus-rest-deployment-3.28.3.jar (3.7/154 kB) | quarkus-vertx-deployment-3.28.3.jar (19/50 kB) | quarkus-smallrye-context-propagation-deployment-3.28.3.jar (11/21 kB) | quarkus-vertx-deployment-spi-3.28.3.jar (2.3/7.4 kB)Progress (6): quarkus-mutiny-deployment-3.28.3.jar (10/14 kB) | resteasy-reactive-common-processor-3.28.3.jar (12/130 kB) | quarkus-rest-deployment-3.28.3.jar (3.7/154 kB) | quarkus-vertx-deployment-3.28.3.jar (20/50 kB) | quarkus-smallrye-context-propagation-deployment-3.28.3.jar (11/21 kB) | quarkus-vertx-deployment-spi-3.28.3.jar (2.3/7.4 kB)Progress (6): quarkus-mutiny-deployment-3.28.3.jar (10/14 kB) | resteasy-reactive-common-processor-3.28.3.jar (12/130 kB) | quarkus-rest-deployment-3.28.3.jar (3.7/154 kB) | quarkus-vertx-deployment-3.28.3.jar (20/50 kB) | quarkus-smallrye-context-propagation-deployment-3.28.3.jar (11/21 kB) | quarkus-vertx-deployment-spi-3.28.3.jar (2.3/7.4 kB)Progress (6): quarkus-mutiny-deployment-3.28.3.jar (10/14 kB) | resteasy-reactive-common-processor-3.28.3.jar (12/130 kB) | quarkus-rest-deployment-3.28.3.jar (3.7/154 kB) | quarkus-vertx-deployment-3.28.3.jar (21/50 kB) | quarkus-smallrye-context-propagation-deployment-3.28.3.jar (11/21 kB) | quarkus-vertx-deployment-spi-3.28.3.jar (2.3/7.4 kB)Progress (6): quarkus-mutiny-deployment-3.28.3.jar (10/14 kB) | resteasy-reactive-common-processor-3.28.3.jar (12/130 kB) | quarkus-rest-deployment-3.28.3.jar (3.7/154 kB) | quarkus-vertx-deployment-3.28.3.jar (23/50 kB) | quarkus-smallrye-context-propagation-deployment-3.28.3.jar (11/21 kB) | quarkus-vertx-deployment-spi-3.28.3.jar (2.3/7.4 kB)Progress (6): quarkus-mutiny-deployment-3.28.3.jar (10/14 kB) | resteasy-reactive-common-processor-3.28.3.jar (12/130 kB) | quarkus-rest-deployment-3.28.3.jar (3.7/154 kB) | quarkus-vertx-deployment-3.28.3.jar (24/50 kB) | quarkus-smallrye-context-propagation-deployment-3.28.3.jar (11/21 kB) | quarkus-vertx-deployment-spi-3.28.3.jar (2.3/7.4 kB)Progress (6): quarkus-mutiny-deployment-3.28.3.jar (10/14 kB) | resteasy-reactive-common-processor-3.28.3.jar (12/130 kB) | quarkus-rest-deployment-3.28.3.jar (3.7/154 kB) | quarkus-vertx-deployment-3.28.3.jar (26/50 kB) | quarkus-smallrye-context-propagation-deployment-3.28.3.jar (11/21 kB) | quarkus-vertx-deployment-spi-3.28.3.jar (2.3/7.4 kB)Progress (6): quarkus-mutiny-deployment-3.28.3.jar (10/14 kB) | resteasy-reactive-common-processor-3.28.3.jar (12/130 kB) | quarkus-rest-deployment-3.28.3.jar (3.7/154 kB) | quarkus-vertx-deployment-3.28.3.jar (27/50 kB) | quarkus-smallrye-context-propagation-deployment-3.28.3.jar (11/21 kB) | quarkus-vertx-deployment-spi-3.28.3.jar (2.3/7.4 kB)Progress (6): quarkus-mutiny-deployment-3.28.3.jar (10/14 kB) | resteasy-reactive-common-processor-3.28.3.jar (12/130 kB) | quarkus-rest-deployment-3.28.3.jar (3.7/154 kB) | quarkus-vertx-deployment-3.28.3.jar (28/50 kB) | quarkus-smallrye-context-propagation-deployment-3.28.3.jar (11/21 kB) | quarkus-vertx-deployment-spi-3.28.3.jar (2.3/7.4 kB)Progress (6): quarkus-mutiny-deployment-3.28.3.jar (10/14 kB) | resteasy-reactive-common-processor-3.28.3.jar (12/130 kB) | quarkus-rest-deployment-3.28.3.jar (3.7/154 kB) | quarkus-vertx-deployment-3.28.3.jar (30/50 kB) | quarkus-smallrye-context-propagation-deployment-3.28.3.jar (11/21 kB) | quarkus-vertx-deployment-spi-3.28.3.jar (2.3/7.4 kB)Progress (6): quarkus-mutiny-deployment-3.28.3.jar (10/14 kB) | resteasy-reactive-common-processor-3.28.3.jar (12/130 kB) | quarkus-rest-deployment-3.28.3.jar (3.7/154 kB) | quarkus-vertx-deployment-3.28.3.jar (31/50 kB) | quarkus-smallrye-context-propagation-deployment-3.28.3.jar (11/21 kB) | quarkus-vertx-deployment-spi-3.28.3.jar (2.3/7.4 kB)Progress (6): quarkus-mutiny-deployment-3.28.3.jar (10/14 kB) | resteasy-reactive-common-processor-3.28.3.jar (12/130 kB) | quarkus-rest-deployment-3.28.3.jar (3.7/154 kB) | quarkus-vertx-deployment-3.28.3.jar (32/50 kB) | quarkus-smallrye-context-propagation-deployment-3.28.3.jar (11/21 kB) | quarkus-vertx-deployment-spi-3.28.3.jar (2.3/7.4 kB)Progress (6): quarkus-mutiny-deployment-3.28.3.jar (10/14 kB) | resteasy-reactive-common-processor-3.28.3.jar (12/130 kB) | quarkus-rest-deployment-3.28.3.jar (3.7/154 kB) | quarkus-vertx-deployment-3.28.3.jar (34/50 kB) | quarkus-smallrye-context-propagation-deployment-3.28.3.jar (11/21 kB) | quarkus-vertx-deployment-spi-3.28.3.jar (2.3/7.4 kB)Progress (6): quarkus-mutiny-deployment-3.28.3.jar (10/14 kB) | resteasy-reactive-common-processor-3.28.3.jar (12/130 kB) | quarkus-rest-deployment-3.28.3.jar (3.7/154 kB) | quarkus-vertx-deployment-3.28.3.jar (35/50 kB) | quarkus-smallrye-context-propagation-deployment-3.28.3.jar (11/21 kB) | quarkus-vertx-deployment-spi-3.28.3.jar (2.3/7.4 kB)Progress (6): quarkus-mutiny-deployment-3.28.3.jar (10/14 kB) | resteasy-reactive-common-processor-3.28.3.jar (12/130 kB) | quarkus-rest-deployment-3.28.3.jar (3.7/154 kB) | quarkus-vertx-deployment-3.28.3.jar (37/50 kB) | quarkus-smallrye-context-propagation-deployment-3.28.3.jar (11/21 kB) | quarkus-vertx-deployment-spi-3.28.3.jar (2.3/7.4 kB)Progress (6): quarkus-mutiny-deployment-3.28.3.jar (10/14 kB) | resteasy-reactive-common-processor-3.28.3.jar (12/130 kB) | quarkus-rest-deployment-3.28.3.jar (3.7/154 kB) | quarkus-vertx-deployment-3.28.3.jar (38/50 kB) | quarkus-smallrye-context-propagation-deployment-3.28.3.jar (11/21 kB) | quarkus-vertx-deployment-spi-3.28.3.jar (2.3/7.4 kB)Progress (7): quarkus-mutiny-deployment-3.28.3.jar (10/14 kB) | resteasy-reactive-common-processor-3.28.3.jar (12/130 kB) | quarkus-rest-deployment-3.28.3.jar (3.7/154 kB) | quarkus-vertx-deployment-3.28.3.jar (38/50 kB) | quarkus-smallrye-context-propagation-deployment-3.28.3.jar (11/21 kB) | quarkus-vertx-deployment-spi-3.28.3.jar (2.3/7.4 kB) | quarkus-vertx-http-deployment-spi-3.28.3.jar (0.9/18 kB)Progress (7): quarkus-mutiny-deployment-3.28.3.jar (10/14 kB) | resteasy-reactive-common-processor-3.28.3.jar (12/130 kB) | quarkus-rest-deployment-3.28.3.jar (3.7/154 kB) | quarkus-vertx-deployment-3.28.3.jar (38/50 kB) | quarkus-smallrye-context-propagation-deployment-3.28.3.jar (11/21 kB) | quarkus-vertx-deployment-spi-3.28.3.jar (2.3/7.4 kB) | quarkus-vertx-http-deployment-spi-3.28.3.jar (2.3/18 kB)Progress (7): quarkus-mutiny-deployment-3.28.3.jar (10/14 kB) | resteasy-reactive-common-processor-3.28.3.jar (12/130 kB) | quarkus-rest-deployment-3.28.3.jar (3.7/154 kB) | quarkus-vertx-deployment-3.28.3.jar (38/50 kB) | quarkus-smallrye-context-propagation-deployment-3.28.3.jar (11/21 kB) | quarkus-vertx-deployment-spi-3.28.3.jar (2.3/7.4 kB) | quarkus-vertx-http-deployment-spi-3.28.3.jar (3.6/18 kB)Progress (7): quarkus-mutiny-deployment-3.28.3.jar (10/14 kB) | resteasy-reactive-common-processor-3.28.3.jar (12/130 kB) | quarkus-rest-deployment-3.28.3.jar (3.7/154 kB) | quarkus-vertx-deployment-3.28.3.jar (38/50 kB) | quarkus-smallrye-context-propagation-deployment-3.28.3.jar (11/21 kB) | quarkus-vertx-deployment-spi-3.28.3.jar (2.3/7.4 kB) | quarkus-vertx-http-deployment-spi-3.28.3.jar (3.7/18 kB)Progress (7): quarkus-mutiny-deployment-3.28.3.jar (10/14 kB) | resteasy-reactive-common-processor-3.28.3.jar (12/130 kB) | quarkus-rest-deployment-3.28.3.jar (3.7/154 kB) | quarkus-vertx-deployment-3.28.3.jar (38/50 kB) | quarkus-smallrye-context-propagation-deployment-3.28.3.jar (11/21 kB) | quarkus-vertx-deployment-spi-3.28.3.jar (2.3/7.4 kB) | quarkus-vertx-http-deployment-spi-3.28.3.jar (5.1/18 kB)Progress (7): quarkus-mutiny-deployment-3.28.3.jar (10/14 kB) | resteasy-reactive-common-processor-3.28.3.jar (12/130 kB) | quarkus-rest-deployment-3.28.3.jar (3.7/154 kB) | quarkus-vertx-deployment-3.28.3.jar (38/50 kB) | quarkus-smallrye-context-propagation-deployment-3.28.3.jar (11/21 kB) | quarkus-vertx-deployment-spi-3.28.3.jar (2.3/7.4 kB) | quarkus-vertx-http-deployment-spi-3.28.3.jar (6.5/18 kB)Progress (7): quarkus-mutiny-deployment-3.28.3.jar (10/14 kB) | resteasy-reactive-common-processor-3.28.3.jar (12/130 kB) | quarkus-rest-deployment-3.28.3.jar (3.7/154 kB) | quarkus-vertx-deployment-3.28.3.jar (38/50 kB) | quarkus-smallrye-context-propagation-deployment-3.28.3.jar (11/21 kB) | quarkus-vertx-deployment-spi-3.28.3.jar (2.3/7.4 kB) | quarkus-vertx-http-deployment-spi-3.28.3.jar (7.8/18 kB)Progress (7): quarkus-mutiny-deployment-3.28.3.jar (10/14 kB) | resteasy-reactive-common-processor-3.28.3.jar (12/130 kB) | quarkus-rest-deployment-3.28.3.jar (3.7/154 kB) | quarkus-vertx-deployment-3.28.3.jar (38/50 kB) | quarkus-smallrye-context-propagation-deployment-3.28.3.jar (11/21 kB) | quarkus-vertx-deployment-spi-3.28.3.jar (2.3/7.4 kB) | quarkus-vertx-http-deployment-spi-3.28.3.jar (9.2/18 kB)Progress (7): quarkus-mutiny-deployment-3.28.3.jar (10/14 kB) | resteasy-reactive-common-processor-3.28.3.jar (12/130 kB) | quarkus-rest-deployment-3.28.3.jar (3.7/154 kB) | quarkus-vertx-deployment-3.28.3.jar (38/50 kB) | quarkus-smallrye-context-propagation-deployment-3.28.3.jar (11/21 kB) | quarkus-vertx-deployment-spi-3.28.3.jar (2.3/7.4 kB) | quarkus-vertx-http-deployment-spi-3.28.3.jar (11/18 kB) Progress (7): quarkus-mutiny-deployment-3.28.3.jar (10/14 kB) | resteasy-reactive-common-processor-3.28.3.jar (12/130 kB) | quarkus-rest-deployment-3.28.3.jar (3.7/154 kB) | quarkus-vertx-deployment-3.28.3.jar (38/50 kB) | quarkus-smallrye-context-propagation-deployment-3.28.3.jar (11/21 kB) | quarkus-vertx-deployment-spi-3.28.3.jar (2.3/7.4 kB) | quarkus-vertx-http-deployment-spi-3.28.3.jar (12/18 kB)Progress (7): quarkus-mutiny-deployment-3.28.3.jar (10/14 kB) | resteasy-reactive-common-processor-3.28.3.jar (12/130 kB) | quarkus-rest-deployment-3.28.3.jar (3.7/154 kB) | quarkus-vertx-deployment-3.28.3.jar (38/50 kB) | quarkus-smallrye-context-propagation-deployment-3.28.3.jar (11/21 kB) | quarkus-vertx-deployment-spi-3.28.3.jar (2.3/7.4 kB) | quarkus-vertx-http-deployment-spi-3.28.3.jar (13/18 kB)Progress (7): quarkus-mutiny-deployment-3.28.3.jar (10/14 kB) | resteasy-reactive-common-processor-3.28.3.jar (12/130 kB) | quarkus-rest-deployment-3.28.3.jar (3.7/154 kB) | quarkus-vertx-deployment-3.28.3.jar (38/50 kB) | quarkus-smallrye-context-propagation-deployment-3.28.3.jar (11/21 kB) | quarkus-vertx-deployment-spi-3.28.3.jar (2.3/7.4 kB) | quarkus-vertx-http-deployment-spi-3.28.3.jar (15/18 kB)Progress (7): quarkus-mutiny-deployment-3.28.3.jar (10/14 kB) | resteasy-reactive-common-processor-3.28.3.jar (12/130 kB) | quarkus-rest-deployment-3.28.3.jar (3.7/154 kB) | quarkus-vertx-deployment-3.28.3.jar (38/50 kB) | quarkus-smallrye-context-propagation-deployment-3.28.3.jar (11/21 kB) | quarkus-vertx-deployment-spi-3.28.3.jar (2.3/7.4 kB) | quarkus-vertx-http-deployment-spi-3.28.3.jar (16/18 kB)Progress (7): quarkus-mutiny-deployment-3.28.3.jar (10/14 kB) | resteasy-reactive-common-processor-3.28.3.jar (12/130 kB) | quarkus-rest-deployment-3.28.3.jar (3.7/154 kB) | quarkus-vertx-deployment-3.28.3.jar (38/50 kB) | quarkus-smallrye-context-propagation-deployment-3.28.3.jar (11/21 kB) | quarkus-vertx-deployment-spi-3.28.3.jar (2.3/7.4 kB) | quarkus-vertx-http-deployment-spi-3.28.3.jar (17/18 kB)Progress (7): quarkus-mutiny-deployment-3.28.3.jar (10/14 kB) | resteasy-reactive-common-processor-3.28.3.jar (12/130 kB) | quarkus-rest-deployment-3.28.3.jar (3.7/154 kB) | quarkus-vertx-deployment-3.28.3.jar (38/50 kB) | quarkus-smallrye-context-propagation-deployment-3.28.3.jar (11/21 kB) | quarkus-vertx-deployment-spi-3.28.3.jar (2.3/7.4 kB) | quarkus-vertx-http-deployment-spi-3.28.3.jar (18 kB)                                                                                                                                                                                                                                                                                                                                                                                                                     Downloaded&amp#27;[90m from &amp#27;[0mcentral&amp#27;[90m: https://repo.maven.apache.org/maven2/&amp#27;[0mio/quarkus/quarkus-vertx-http-deployment-spi/3.28.3/quarkus-vertx-http-deployment-spi-3.28.3.jar&amp#27;[90m (18 kB at 244 kB/s)&amp#27;[0m
Progress (7): quarkus-mutiny-deployment-3.28.3.jar (10/14 kB) | resteasy-reactive-common-processor-3.28.3.jar (12/130 kB) | quarkus-rest-deployment-3.28.3.jar (3.7/154 kB) | quarkus-vertx-deployment-3.28.3.jar (38/50 kB) | quarkus-smallrye-context-propagation-deployment-3.28.3.jar (11/21 kB) | quarkus-vertx-deployment-spi-3.28.3.jar (2.3/7.4 kB) | quarkus-vertx-http-deployment-3.28.3.jar (0.9/135 kB)Progress (7): quarkus-mutiny-deployment-3.28.3.jar (10/14 kB) | resteasy-reactive-common-processor-3.28.3.jar (12/130 kB) | quarkus-rest-deployment-3.28.3.jar (3.7/154 kB) | quarkus-vertx-deployment-3.28.3.jar (38/50 kB) | quarkus-smallrye-context-propagation-deployment-3.28.3.jar (11/21 kB) | quarkus-vertx-deployment-spi-3.28.3.jar (2.3/7.4 kB) | quarkus-vertx-http-deployment-3.28.3.jar (2.3/135 kB)Progress (7): quarkus-mutiny-deployment-3.28.3.jar (10/14 kB) | resteasy-reactive-common-processor-3.28.3.jar (12/130 kB) | quarkus-rest-deployment-3.28.3.jar (3.7/154 kB) | quarkus-vertx-deployment-3.28.3.jar (38/50 kB) | quarkus-smallrye-context-propagation-deployment-3.28.3.jar (11/21 kB) | quarkus-vertx-deployment-spi-3.28.3.jar (2.3/7.4 kB) | quarkus-vertx-http-deployment-3.28.3.jar (3.6/135 kB)Progress (7): quarkus-mutiny-deployment-3.28.3.jar (10/14 kB) | resteasy-reactive-common-processor-3.28.3.jar (12/130 kB) | quarkus-rest-deployment-3.28.3.jar (3.7/154 kB) | quarkus-vertx-deployment-3.28.3.jar (38/50 kB) | quarkus-smallrye-context-propagation-deployment-3.28.3.jar (11/21 kB) | quarkus-vertx-deployment-spi-3.28.3.jar (2.3/7.4 kB) | quarkus-vertx-http-deployment-3.28.3.jar (5.0/135 kB)Progress (7): quarkus-mutiny-deployment-3.28.3.jar (10/14 kB) | resteasy-reactive-common-processor-3.28.3.jar (12/130 kB) | quarkus-rest-deployment-3.28.3.jar (3.7/154 kB) | quarkus-vertx-deployment-3.28.3.jar (38/50 kB) | quarkus-smallrye-context-propagation-deployment-3.28.3.jar (11/21 kB) | quarkus-vertx-deployment-spi-3.28.3.jar (2.3/7.4 kB) | quarkus-vertx-http-deployment-3.28.3.jar (6.4/135 kB)Progress (7): quarkus-mutiny-deployment-3.28.3.jar (10/14 kB) | resteasy-reactive-common-processor-3.28.3.jar (12/130 kB) | quarkus-rest-deployment-3.28.3.jar (3.7/154 kB) | quarkus-vertx-deployment-3.28.3.jar (38/50 kB) | quarkus-smallrye-context-propagation-deployment-3.28.3.jar (11/21 kB) | quarkus-vertx-deployment-spi-3.28.3.jar (2.3/7.4 kB) | quarkus-vertx-http-deployment-3.28.3.jar (7.7/135 kB)Progress (7): quarkus-mutiny-deployment-3.28.3.jar (10/14 kB) | resteasy-reactive-common-processor-3.28.3.jar (12/130 kB) | quarkus-rest-deployment-3.28.3.jar (3.7/154 kB) | quarkus-vertx-deployment-3.28.3.jar (38/50 kB) | quarkus-smallrye-context-propagation-deployment-3.28.3.jar (11/21 kB) | quarkus-vertx-deployment-spi-3.28.3.jar (2.3/7.4 kB) | quarkus-vertx-http-deployment-3.28.3.jar (9.1/135 kB)                                                                                                                                                                                                                                                                                                                                                                                                                   &amp#27;[90mDownloading from &amp#27;[0mcentral&amp#27;[90m: https://repo.maven.apache.org/maven2/&amp#27;[0mio/quarkus/quarkus-credentials-deployment/3.28.3/quarkus-credentials-deployment-3.28.3.jar
Progress (7): quarkus-mutiny-deployment-3.28.3.jar (10/14 kB) | resteasy-reactive-common-processor-3.28.3.jar (12/130 kB) | quarkus-rest-deployment-3.28.3.jar (3.7/154 kB) | quarkus-vertx-deployment-3.28.3.jar (38/50 kB) | quarkus-smallrye-context-propagation-deployment-3.28.3.jar (11/21 kB) | quarkus-vertx-deployment-spi-3.28.3.jar (2.3/7.4 kB) | quarkus-vertx-http-deployment-3.28.3.jar (10/135 kB)Progress (7): quarkus-mutiny-deployment-3.28.3.jar (10/14 kB) | resteasy-reactive-common-processor-3.28.3.jar (12/130 kB) | quarkus-rest-deployment-3.28.3.jar (3.7/154 kB) | quarkus-vertx-deployment-3.28.3.jar (38/50 kB) | quarkus-smallrye-context-propagation-deployment-3.28.3.jar (11/21 kB) | quarkus-vertx-deployment-spi-3.28.3.jar (2.3/7.4 kB) | quarkus-vertx-http-deployment-3.28.3.jar (15/135 kB)Progress (7): quarkus-mutiny-deployment-3.28.3.jar (10/14 kB) | resteasy-reactive-common-processor-3.28.3.jar (12/130 kB) | quarkus-rest-deployment-3.28.3.jar (3.7/154 kB) | quarkus-vertx-deployment-3.28.3.jar (38/50 kB) | quarkus-smallrye-context-propagation-deployment-3.28.3.jar (11/21 kB) | quarkus-vertx-deployment-spi-3.28.3.jar (2.3/7.4 kB) | quarkus-vertx-http-deployment-3.28.3.jar (19/135 kB)Progress (7): quarkus-mutiny-deployment-3.28.3.jar (10/14 kB) | resteasy-reactive-common-processor-3.28.3.jar (12/130 kB) | quarkus-rest-deployment-3.28.3.jar (3.7/154 kB) | quarkus-vertx-deployment-3.28.3.jar (38/50 kB) | quarkus-smallrye-context-propagation-deployment-3.28.3.jar (11/21 kB) | quarkus-vertx-deployment-spi-3.28.3.jar (2.3/7.4 kB) | quarkus-vertx-http-deployment-3.28.3.jar (20/135 kB)Progress (7): quarkus-mutiny-deployment-3.28.3.jar (10/14 kB) | resteasy-reactive-common-processor-3.28.3.jar (12/130 kB) | quarkus-rest-deployment-3.28.3.jar (3.7/154 kB) | quarkus-vertx-deployment-3.28.3.jar (38/50 kB) | quarkus-smallrye-context-propagation-deployment-3.28.3.jar (11/21 kB) | quarkus-vertx-deployment-spi-3.28.3.jar (2.3/7.4 kB) | quarkus-vertx-http-deployment-3.28.3.jar (24/135 kB)Progress (7): quarkus-mutiny-deployment-3.28.3.jar (10/14 kB) | resteasy-reactive-common-processor-3.28.3.jar (12/130 kB) | quarkus-rest-deployment-3.28.3.jar (3.7/154 kB) | quarkus-vertx-deployment-3.28.3.jar (38/50 kB) | quarkus-smallrye-context-propagation-deployment-3.28.3.jar (11/21 kB) | quarkus-vertx-deployment-spi-3.28.3.jar (2.3/7.4 kB) | quarkus-vertx-http-deployment-3.28.3.jar (29/135 kB)Progress (7): quarkus-mutiny-deployment-3.28.3.jar (10/14 kB) | resteasy-reactive-common-processor-3.28.3.jar (12/130 kB) | quarkus-rest-deployment-3.28.3.jar (3.7/154 kB) | quarkus-vertx-deployment-3.28.3.jar (38/50 kB) | quarkus-smallrye-context-propagation-deployment-3.28.3.jar (11/21 kB) | quarkus-vertx-deployment-spi-3.28.3.jar (2.3/7.4 kB) | quarkus-vertx-http-deployment-3.28.3.jar (33/135 kB)Progress (7): quarkus-mutiny-deployment-3.28.3.jar (10/14 kB) | resteasy-reactive-common-processor-3.28.3.jar (12/130 kB) | quarkus-rest-deployment-3.28.3.jar (3.7/154 kB) | quarkus-vertx-deployment-3.28.3.jar (38/50 kB) | quarkus-smallrye-context-propagation-deployment-3.28.3.jar (11/21 kB) | quarkus-vertx-deployment-spi-3.28.3.jar (2.3/7.4 kB) | quarkus-vertx-http-deployment-3.28.3.jar (37/135 kB)Progress (7): quarkus-mutiny-deployment-3.28.3.jar (10/14 kB) | resteasy-reactive-common-processor-3.28.3.jar (12/130 kB) | quarkus-rest-deployment-3.28.3.jar (3.7/154 kB) | quarkus-vertx-deployment-3.28.3.jar (38/50 kB) | quarkus-smallrye-context-propagation-deployment-3.28.3.jar (11/21 kB) | quarkus-vertx-deployment-spi-3.28.3.jar (2.3/7.4 kB) | quarkus-vertx-http-deployment-3.28.3.jar (41/135 kB)Progress (7): quarkus-mutiny-deployment-3.28.3.jar (10/14 kB) | resteasy-reactive-common-processor-3.28.3.jar (12/130 kB) | quarkus-rest-deployment-3.28.3.jar (3.7/154 kB) | quarkus-vertx-deployment-3.28.3.jar (38/50 kB) | quarkus-smallrye-context-propagation-deployment-3.28.3.jar (11/21 kB) | quarkus-vertx-deployment-spi-3.28.3.jar (2.3/7.4 kB) | quarkus-vertx-http-deployment-3.28.3.jar (45/135 kB)Progress (7): quarkus-mutiny-deployment-3.28.3.jar (10/14 kB) | resteasy-reactive-common-processor-3.28.3.jar (12/130 kB) | quarkus-rest-deployment-3.28.3.jar (3.7/154 kB) | quarkus-vertx-deployment-3.28.3.jar (38/50 kB) | quarkus-smallrye-context-propagation-deployment-3.28.3.jar (11/21 kB) | quarkus-vertx-deployment-spi-3.28.3.jar (2.3/7.4 kB) | quarkus-vertx-http-deployment-3.28.3.jar (50/135 kB)Progress (7): quarkus-mutiny-deployment-3.28.3.jar (10/14 kB) | resteasy-reactive-common-processor-3.28.3.jar (12/130 kB) | quarkus-rest-deployment-3.28.3.jar (3.7/154 kB) | quarkus-vertx-deployment-3.28.3.jar (38/50 kB) | quarkus-smallrye-context-propagation-deployment-3.28.3.jar (11/21 kB) | quarkus-vertx-deployment-spi-3.28.3.jar (2.3/7.4 kB) | quarkus-vertx-http-deployment-3.28.3.jar (54/135 kB)Progress (7): quarkus-mutiny-deployment-3.28.3.jar (10/14 kB) | resteasy-reactive-common-processor-3.28.3.jar (12/130 kB) | quarkus-rest-deployment-3.28.3.jar (3.7/154 kB) | quarkus-vertx-deployment-3.28.3.jar (38/50 kB) | quarkus-smallrye-context-propagation-deployment-3.28.3.jar (11/21 kB) | quarkus-vertx-deployment-spi-3.28.3.jar (2.3/7.4 kB) | quarkus-vertx-http-deployment-3.28.3.jar (58/135 kB)Progress (7): quarkus-mutiny-deployment-3.28.3.jar (10/14 kB) | resteasy-reactive-common-processor-3.28.3.jar (12/130 kB) | quarkus-rest-deployment-3.28.3.jar (3.7/154 kB) | quarkus-vertx-deployment-3.28.3.jar (38/50 kB) | quarkus-smallrye-context-propagation-deployment-3.28.3.jar (11/21 kB) | quarkus-vertx-deployment-spi-3.28.3.jar (2.3/7.4 kB) | quarkus-vertx-http-deployment-3.28.3.jar (62/135 kB)Progress (7): quarkus-mutiny-deployment-3.28.3.jar (10/14 kB) | resteasy-reactive-common-processor-3.28.3.jar (12/130 kB) | quarkus-rest-deployment-3.28.3.jar (3.7/154 kB) | quarkus-vertx-deployment-3.28.3.jar (38/50 kB) | quarkus-smallrye-context-propagation-deployment-3.28.3.jar (11/21 kB) | quarkus-vertx-deployment-spi-3.28.3.jar (2.3/7.4 kB) | quarkus-vertx-http-deployment-3.28.3.jar (67/135 kB)Progress (7): quarkus-mutiny-deployment-3.28.3.jar (10/14 kB) | resteasy-reactive-common-processor-3.28.3.jar (12/130 kB) | quarkus-rest-deployment-3.28.3.jar (3.7/154 kB) | quarkus-vertx-deployment-3.28.3.jar (38/50 kB) | quarkus-smallrye-context-propagation-deployment-3.28.3.jar (11/21 kB) | quarkus-vertx-deployment-spi-3.28.3.jar (2.3/7.4 kB) | quarkus-vertx-http-deployment-3.28.3.jar (71/135 kB)Progress (7): quarkus-mutiny-deployment-3.28.3.jar (10/14 kB) | resteasy-reactive-common-processor-3.28.3.jar (12/130 kB) | quarkus-rest-deployment-3.28.3.jar (3.7/154 kB) | quarkus-vertx-deployment-3.28.3.jar (38/50 kB) | quarkus-smallrye-context-propagation-deployment-3.28.3.jar (11/21 kB) | quarkus-vertx-deployment-spi-3.28.3.jar (2.3/7.4 kB) | quarkus-vertx-http-deployment-3.28.3.jar (75/135 kB)Progress (7): quarkus-mutiny-deployment-3.28.3.jar (10/14 kB) | resteasy-reactive-common-processor-3.28.3.jar (12/130 kB) | quarkus-rest-deployment-3.28.3.jar (3.7/154 kB) | quarkus-vertx-deployment-3.28.3.jar (38/50 kB) | quarkus-smallrye-context-propagation-deployment-3.28.3.jar (11/21 kB) | quarkus-vertx-deployment-spi-3.28.3.jar (2.3/7.4 kB) | quarkus-vertx-http-deployment-3.28.3.jar (79/135 kB)Progress (7): quarkus-mutiny-deployment-3.28.3.jar (10/14 kB) | resteasy-reactive-common-processor-3.28.3.jar (12/130 kB) | quarkus-rest-deployment-3.28.3.jar (3.7/154 kB) | quarkus-vertx-deployment-3.28.3.jar (38/50 kB) | quarkus-smallrye-context-propagation-deployment-3.28.3.jar (11/21 kB) | quarkus-vertx-deployment-spi-3.28.3.jar (2.3/7.4 kB) | quarkus-vertx-http-deployment-3.28.3.jar (84/135 kB)Progress (7): quarkus-mutiny-deployment-3.28.3.jar (10/14 kB) | resteasy-reactive-common-processor-3.28.3.jar (12/130 kB) | quarkus-rest-deployment-3.28.3.jar (3.7/154 kB) | quarkus-vertx-deployment-3.28.3.jar (38/50 kB) | quarkus-smallrye-context-propagation-deployment-3.28.3.jar (11/21 kB) | quarkus-vertx-deployment-spi-3.28.3.jar (2.3/7.4 kB) | quarkus-vertx-http-deployment-3.28.3.jar (88/135 kB)Progress (7): quarkus-mutiny-deployment-3.28.3.jar (10/14 kB) | resteasy-reactive-common-processor-3.28.3.jar (12/130 kB) | quarkus-rest-deployment-3.28.3.jar (3.7/154 kB) | quarkus-vertx-deployment-3.28.3.jar (38/50 kB) | quarkus-smallrye-context-propagation-deployment-3.28.3.jar (11/21 kB) | quarkus-vertx-deployment-spi-3.28.3.jar (2.3/7.4 kB) | quarkus-vertx-http-deployment-3.28.3.jar (92/135 kB)Progress (7): quarkus-mutiny-deployment-3.28.3.jar (10/14 kB) | resteasy-reactive-common-processor-3.28.3.jar (12/130 kB) | quarkus-rest-deployment-3.28.3.jar (3.7/154 kB) | quarkus-vertx-deployment-3.28.3.jar (38/50 kB) | quarkus-smallrye-context-propagation-deployment-3.28.3.jar (11/21 kB) | quarkus-vertx-deployment-spi-3.28.3.jar (2.3/7.4 kB) | quarkus-vertx-http-deployment-3.28.3.jar (96/135 kB)Progress (7): quarkus-mutiny-deployment-3.28.3.jar (10/14 kB) | resteasy-reactive-common-processor-3.28.3.jar (12/130 kB) | quarkus-rest-deployment-3.28.3.jar (3.7/154 kB) | quarkus-vertx-deployment-3.28.3.jar (38/50 kB) | quarkus-smallrye-context-propagation-deployment-3.28.3.jar (11/21 kB) | quarkus-vertx-deployment-spi-3.28.3.jar (2.3/7.4 kB) | quarkus-vertx-http-deployment-3.28.3.jar (100/135 kB)Progress (7): quarkus-mutiny-deployment-3.28.3.jar (10/14 kB) | resteasy-reactive-common-processor-3.28.3.jar (12/130 kB) | quarkus-rest-deployment-3.28.3.jar (3.7/154 kB) | quarkus-vertx-deployment-3.28.3.jar (38/50 kB) | quarkus-smallrye-context-propagation-deployment-3.28.3.jar (11/21 kB) | quarkus-vertx-deployment-spi-3.28.3.jar (2.3/7.4 kB) | quarkus-vertx-http-deployment-3.28.3.jar (105/135 kB)Progress (7): quarkus-mutiny-deployment-3.28.3.jar (10/14 kB) | resteasy-reactive-common-processor-3.28.3.jar (12/130 kB) | quarkus-rest-deployment-3.28.3.jar (3.7/154 kB) | quarkus-vertx-deployment-3.28.3.jar (38/50 kB) | quarkus-smallrye-context-propagation-deployment-3.28.3.jar (11/21 kB) | quarkus-vertx-deployment-spi-3.28.3.jar (2.3/7.4 kB) | quarkus-vertx-http-deployment-3.28.3.jar (109/135 kB)Progress (7): quarkus-mutiny-deployment-3.28.3.jar (10/14 kB) | resteasy-reactive-common-processor-3.28.3.jar (12/130 kB) | quarkus-rest-deployment-3.28.3.jar (3.7/154 kB) | quarkus-vertx-deployment-3.28.3.jar (38/50 kB) | quarkus-smallrye-context-propagation-deployment-3.28.3.jar (11/21 kB) | quarkus-vertx-deployment-spi-3.28.3.jar (2.3/7.4 kB) | quarkus-vertx-http-deployment-3.28.3.jar (113/135 kB)Progress (7): quarkus-mutiny-deployment-3.28.3.jar (10/14 kB) | resteasy-reactive-common-processor-3.28.3.jar (12/130 kB) | quarkus-rest-deployment-3.28.3.jar (3.7/154 kB) | quarkus-vertx-deployment-3.28.3.jar (38/50 kB) | quarkus-smallrye-context-propagation-deployment-3.28.3.jar (11/21 kB) | quarkus-vertx-deployment-spi-3.28.3.jar (2.3/7.4 kB) | quarkus-vertx-http-deployment-3.28.3.jar (117/135 kB)Progress (7): quarkus-mutiny-deployment-3.28.3.jar (10/14 kB) | resteasy-reactive-common-processor-3.28.3.jar (12/130 kB) | quarkus-rest-deployment-3.28.3.jar (3.7/154 kB) | quarkus-vertx-deployment-3.28.3.jar (38/50 kB) | quarkus-smallrye-context-propagation-deployment-3.28.3.jar (11/21 kB) | quarkus-vertx-deployment-spi-3.28.3.jar (2.3/7.4 kB) | quarkus-vertx-http-deployment-3.28.3.jar (122/135 kB)Progress (7): quarkus-mutiny-deployment-3.28.3.jar (10/14 kB) | resteasy-reactive-common-processor-3.28.3.jar (12/130 kB) | quarkus-rest-deployment-3.28.3.jar (3.7/154 kB) | quarkus-vertx-deployment-3.28.3.jar (38/50 kB) | quarkus-smallrye-context-propagation-deployment-3.28.3.jar (11/21 kB) | quarkus-vertx-deployment-spi-3.28.3.jar (2.3/7.4 kB) | quarkus-vertx-http-deployment-3.28.3.jar (126/135 kB)Progress (7): quarkus-mutiny-deployment-3.28.3.jar (10/14 kB) | resteasy-reactive-common-processor-3.28.3.jar (12/130 kB) | quarkus-rest-deployment-3.28.3.jar (3.7/154 kB) | quarkus-vertx-deployment-3.28.3.jar (38/50 kB) | quarkus-smallrye-context-propagation-deployment-3.28.3.jar (11/21 kB) | quarkus-vertx-deployment-spi-3.28.3.jar (2.3/7.4 kB) | quarkus-vertx-http-deployment-3.28.3.jar (130/135 kB)Progress (7): quarkus-mutiny-deployment-3.28.3.jar (10/14 kB) | resteasy-reactive-common-processor-3.28.3.jar (12/130 kB) | quarkus-rest-deployment-3.28.3.jar (3.7/154 kB) | quarkus-vertx-deployment-3.28.3.jar (38/50 kB) | quarkus-smallrye-context-propagation-deployment-3.28.3.jar (11/21 kB) | quarkus-vertx-deployment-spi-3.28.3.jar (2.3/7.4 kB) | quarkus-vertx-http-deployment-3.28.3.jar (134/135 kB)Progress (7): quarkus-mutiny-deployment-3.28.3.jar (10/14 kB) | resteasy-reactive-common-processor-3.28.3.jar (12/130 kB) | quarkus-rest-deployment-3.28.3.jar (3.7/154 kB) | quarkus-vertx-deployment-3.28.3.jar (38/50 kB) | quarkus-smallrye-context-propagation-deployment-3.28.3.jar (11/21 kB) | quarkus-vertx-deployment-spi-3.28.3.jar (2.3/7.4 kB) | quarkus-vertx-http-deployment-3.28.3.jar (135 kB)                                                                                                                                                                                                                                                                                                                                                                                                                   Downloaded&amp#27;[90m from &amp#27;[0mcentral&amp#27;[90m: https://repo.maven.apache.org/maven2/&amp#27;[0mio/quarkus/quarkus-vertx-http-deployment/3.28.3/quarkus-vertx-http-deployment-3.28.3.jar&amp#27;[90m (135 kB at 1.6 MB/s)&amp#27;[0m
&amp#27;[90mDownloading from &amp#27;[0mcentral&amp#27;[90m: https://repo.maven.apache.org/maven2/&amp#27;[0mio/quarkus/quarkus-kubernetes-spi/3.28.3/quarkus-kubernetes-spi-3.28.3.jar
[...]
Progress (6): resteasy-reactive-processor-3.28.3.jar (144/155 kB) | smallrye-open-api-ui-4.0.12.jar (1.1/1.3 MB) | smallrye-open-api-jaxrs-4.0.12.jar (9.6/36 kB) | smallrye-open-api-spring-4.0.12.jar (12/25 kB) | smallrye-open-api-vertx-4.0.12.jar (16/21 kB) | timefold-solver-quarkus-deployment-1.27.0.jar (50/65 kB)Progress (6): resteasy-reactive-processor-3.28.3.jar (144/155 kB) | smallrye-open-api-ui-4.0.12.jar (1.1/1.3 MB) | smallrye-open-api-jaxrs-4.0.12.jar (9.6/36 kB) | smallrye-open-api-spring-4.0.12.jar (12/25 kB) | smallrye-open-api-vertx-4.0.12.jar (16/21 kB) | timefold-solver-quarkus-deployment-1.27.0.jar (50/65 kB)Progress (6): resteasy-reactive-processor-3.28.3.jar (144/155 kB) | smallrye-open-api-ui-4.0.12.jar (1.1/1.3 MB) | smallrye-open-api-jaxrs-4.0.12.jar (9.6/36 kB) | smallrye-open-api-spring-4.0.12.jar (12/25 kB) | smallrye-open-api-vertx-4.0.12.jar (16/21 kB) | timefold-solver-quarkus-deployment-1.27.0.jar (50/65 kB)Progress (6): resteasy-reactive-processor-3.28.3.jar (144/155 kB) | smallrye-open-api-ui-4.0.12.jar (1.1/1.3 MB) | smallrye-open-api-jaxrs-4.0.12.jar (9.6/36 kB) | smallrye-open-api-spring-4.0.12.jar (12/25 kB) | smallrye-open-api-vertx-4.0.12.jar (16/21 kB) | timefold-solver-quarkus-deployment-1.27.0.jar (50/65 kB)Progress (6): resteasy-reactive-processor-3.28.3.jar (144/155 kB) | smallrye-open-api-ui-4.0.12.jar (1.1/1.3 MB) | smallrye-open-api-jaxrs-4.0.12.jar (9.6/36 kB) | smallrye-open-api-spring-4.0.12.jar (12/25 kB) | smallrye-open-api-vertx-4.0.12.jar (16/21 kB) | timefold-solver-quarkus-deployment-1.27.0.jar (50/65 kB)Progress (6): resteasy-reactive-processor-3.28.3.jar (144/155 kB) | smallrye-open-api-ui-4.0.12.jar (1.2/1.3 MB) | smallrye-open-api-jaxrs-4.0.12.jar (9.6/36 kB) | smallrye-open-api-spring-4.0.12.jar (12/25 kB) | smallrye-open-api-vertx-4.0.12.jar (16/21 kB) | timefold-solver-quarkus-deployment-1.27.0.jar (50/65 kB)Progress (6): resteasy-reactive-processor-3.28.3.jar (144/155 kB) | smallrye-open-api-ui-4.0.12.jar (1.2/1.3 MB) | smallrye-open-api-jaxrs-4.0.12.jar (9.6/36 kB) | smallrye-open-api-spring-4.0.12.jar (12/25 kB) | smallrye-open-api-vertx-4.0.12.jar (16/21 kB) | timefold-solver-quarkus-deployment-1.27.0.jar (50/65 kB)Progress (6): resteasy-reactive-processor-3.28.3.jar (144/155 kB) | smallrye-open-api-ui-4.0.12.jar (1.2/1.3 MB) | smallrye-open-api-jaxrs-4.0.12.jar (9.6/36 kB) | smallrye-open-api-spring-4.0.12.jar (12/25 kB) | smallrye-open-api-vertx-4.0.12.jar (16/21 kB) | timefold-solver-quarkus-deployment-1.27.0.jar (50/65 kB)Progress (6): resteasy-reactive-processor-3.28.3.jar (144/155 kB) | smallrye-open-api-ui-4.0.12.jar (1.2/1.3 MB) | smallrye-open-api-jaxrs-4.0.12.jar (9.6/36 kB) | smallrye-open-api-spring-4.0.12.jar (12/25 kB) | smallrye-open-api-vertx-4.0.12.jar (16/21 kB) | timefold-solver-quarkus-deployment-1.27.0.jar (50/65 kB)Progress (6): resteasy-reactive-processor-3.28.3.jar (144/155 kB) | smallrye-open-api-ui-4.0.12.jar (1.2/1.3 MB) | smallrye-open-api-jaxrs-4.0.12.jar (9.6/36 kB) | smallrye-open-api-spring-4.0.12.jar (12/25 kB) | smallrye-open-api-vertx-4.0.12.jar (16/21 kB) | timefold-solver-quarkus-deployment-1.27.0.jar (50/65 kB)Progress (6): resteasy-reactive-processor-3.28.3.jar (144/155 kB) | smallrye-open-api-ui-4.0.12.jar (1.2/1.3 MB) | smallrye-open-api-jaxrs-4.0.12.jar (9.6/36 kB) | smallrye-open-api-spring-4.0.12.jar (12/25 kB) | smallrye-open-api-vertx-4.0.12.jar (16/21 kB) | timefold-solver-quarkus-deployment-1.27.0.jar (50/65 kB)Progress (6): resteasy-reactive-processor-3.28.3.jar (144/155 kB) | smallrye-open-api-ui-4.0.12.jar (1.3/1.3 MB) | smallrye-open-api-jaxrs-4.0.12.jar (9.6/36 kB) | smallrye-open-api-spring-4.0.12.jar (12/25 kB) | smallrye-open-api-vertx-4.0.12.jar (16/21 kB) | timefold-solver-quarkus-deployment-1.27.0.jar (50/65 kB)Progress (6): resteasy-reactive-processor-3.28.3.jar (144/155 kB) | smallrye-open-api-ui-4.0.12.jar (1.3/1.3 MB) | smallrye-open-api-jaxrs-4.0.12.jar (9.6/36 kB) | smallrye-open-api-spring-4.0.12.jar (12/25 kB) | smallrye-open-api-vertx-4.0.12.jar (16/21 kB) | timefold-solver-quarkus-deployment-1.27.0.jar (50/65 kB)Progress (6): resteasy-reactive-processor-3.28.3.jar (144/155 kB) | smallrye-open-api-ui-4.0.12.jar (1.3/1.3 MB) | smallrye-open-api-jaxrs-4.0.12.jar (9.6/36 kB) | smallrye-open-api-spring-4.0.12.jar (12/25 kB) | smallrye-open-api-vertx-4.0.12.jar (16/21 kB) | timefold-solver-quarkus-deployment-1.27.0.jar (50/65 kB)Progress (6): resteasy-reactive-processor-3.28.3.jar (144/155 kB) | smallrye-open-api-ui-4.0.12.jar (1.3/1.3 MB) | smallrye-open-api-jaxrs-4.0.12.jar (9.6/36 kB) | smallrye-open-api-spring-4.0.12.jar (12/25 kB) | smallrye-open-api-vertx-4.0.12.jar (16/21 kB) | timefold-solver-quarkus-deployment-1.27.0.jar (50/65 kB)Progress (6): resteasy-reactive-processor-3.28.3.jar (144/155 kB) | smallrye-open-api-ui-4.0.12.jar (1.3/1.3 MB) | smallrye-open-api-jaxrs-4.0.12.jar (9.6/36 kB) | smallrye-open-api-spring-4.0.12.jar (12/25 kB) | smallrye-open-api-vertx-4.0.12.jar (16/21 kB) | timefold-solver-quarkus-deployment-1.27.0.jar (50/65 kB)Progress (6): resteasy-reactive-processor-3.28.3.jar (144/155 kB) | smallrye-open-api-ui-4.0.12.jar (1.3 MB) | smallrye-open-api-jaxrs-4.0.12.jar (9.6/36 kB) | smallrye-open-api-spring-4.0.12.jar (12/25 kB) | smallrye-open-api-vertx-4.0.12.jar (16/21 kB) | timefold-solver-quarkus-deployment-1.27.0.jar (50/65 kB)                                                                                                                                                                                                                                                                                                                             Downloaded&amp#27;[90m from &amp#27;[0mcentral&amp#27;[90m: https://repo.maven.apache.org/maven2/&amp#27;[0mio/smallrye/smallrye-open-api-ui/4.0.12/smallrye-open-api-ui-4.0.12.jar&amp#27;[90m (1.3 MB at 5.9 MB/s)&amp#27;[0m
Progress (5): resteasy-reactive-processor-3.28.3.jar (149/155 kB) | smallrye-open-api-jaxrs-4.0.12.jar (9.6/36 kB) | smallrye-open-api-spring-4.0.12.jar (12/25 kB) | smallrye-open-api-vertx-4.0.12.jar (16/21 kB) | timefold-solver-quarkus-deployment-1.27.0.jar (50/65 kB)Progress (5): resteasy-reactive-processor-3.28.3.jar (153/155 kB) | smallrye-open-api-jaxrs-4.0.12.jar (9.6/36 kB) | smallrye-open-api-spring-4.0.12.jar (12/25 kB) | smallrye-open-api-vertx-4.0.12.jar (16/21 kB) | timefold-solver-quarkus-deployment-1.27.0.jar (50/65 kB)Progress (5): resteasy-reactive-processor-3.28.3.jar (155 kB) | smallrye-open-api-jaxrs-4.0.12.jar (9.6/36 kB) | smallrye-open-api-spring-4.0.12.jar (12/25 kB) | smallrye-open-api-vertx-4.0.12.jar (16/21 kB) | timefold-solver-quarkus-deployment-1.27.0.jar (50/65 kB)                                                                                                                                                                                                                                                                              Downloaded&amp#27;[90m from &amp#27;[0mcentral&amp#27;[90m: https://repo.maven.apache.org/maven2/&amp#27;[0mio/quarkus/resteasy/reactive/resteasy-reactive-processor/3.28.3/resteasy-reactive-processor-3.28.3.jar&amp#27;[90m (155 kB at 167 kB/s)&amp#27;[0m
Progress (4): smallrye-open-api-jaxrs-4.0.12.jar (11/36 kB) | smallrye-open-api-spring-4.0.12.jar (12/25 kB) | smallrye-open-api-vertx-4.0.12.jar (16/21 kB) | timefold-solver-quarkus-deployment-1.27.0.jar (50/65 kB)Progress (4): smallrye-open-api-jaxrs-4.0.12.jar (12/36 kB) | smallrye-open-api-spring-4.0.12.jar (12/25 kB) | smallrye-open-api-vertx-4.0.12.jar (16/21 kB) | timefold-solver-quarkus-deployment-1.27.0.jar (50/65 kB)Progress (4): smallrye-open-api-jaxrs-4.0.12.jar (14/36 kB) | smallrye-open-api-spring-4.0.12.jar (12/25 kB) | smallrye-open-api-vertx-4.0.12.jar (16/21 kB) | timefold-solver-quarkus-deployment-1.27.0.jar (50/65 kB)Progress (4): smallrye-open-api-jaxrs-4.0.12.jar (15/36 kB) | smallrye-open-api-spring-4.0.12.jar (12/25 kB) | smallrye-open-api-vertx-4.0.12.jar (16/21 kB) | timefold-solver-quarkus-deployment-1.27.0.jar (50/65 kB)Progress (4): smallrye-open-api-jaxrs-4.0.12.jar (16/36 kB) | smallrye-open-api-spring-4.0.12.jar (12/25 kB) | smallrye-open-api-vertx-4.0.12.jar (16/21 kB) | timefold-solver-quarkus-deployment-1.27.0.jar (50/65 kB)Progress (4): smallrye-open-api-jaxrs-4.0.12.jar (18/36 kB) | smallrye-open-api-spring-4.0.12.jar (12/25 kB) | smallrye-open-api-vertx-4.0.12.jar (16/21 kB) | timefold-solver-quarkus-deployment-1.27.0.jar (50/65 kB)Progress (4): smallrye-open-api-jaxrs-4.0.12.jar (19/36 kB) | smallrye-open-api-spring-4.0.12.jar (12/25 kB) | smallrye-open-api-vertx-4.0.12.jar (16/21 kB) | timefold-solver-quarkus-deployment-1.27.0.jar (50/65 kB)Progress (4): smallrye-open-api-jaxrs-4.0.12.jar (21/36 kB) | smallrye-open-api-spring-4.0.12.jar (12/25 kB) | smallrye-open-api-vertx-4.0.12.jar (16/21 kB) | timefold-solver-quarkus-deployment-1.27.0.jar (50/65 kB)Progress (4): smallrye-open-api-jaxrs-4.0.12.jar (22/36 kB) | smallrye-open-api-spring-4.0.12.jar (12/25 kB) | smallrye-open-api-vertx-4.0.12.jar (16/21 kB) | timefold-solver-quarkus-deployment-1.27.0.jar (50/65 kB)Progress (4): smallrye-open-api-jaxrs-4.0.12.jar (23/36 kB) | smallrye-open-api-spring-4.0.12.jar (12/25 kB) | smallrye-open-api-vertx-4.0.12.jar (16/21 kB) | timefold-solver-quarkus-deployment-1.27.0.jar (50/65 kB)Progress (4): smallrye-open-api-jaxrs-4.0.12.jar (25/36 kB) | smallrye-open-api-spring-4.0.12.jar (12/25 kB) | smallrye-open-api-vertx-4.0.12.jar (16/21 kB) | timefold-solver-quarkus-deployment-1.27.0.jar (50/65 kB)Progress (4): smallrye-open-api-jaxrs-4.0.12.jar (26/36 kB) | smallrye-open-api-spring-4.0.12.jar (12/25 kB) | smallrye-open-api-vertx-4.0.12.jar (16/21 kB) | timefold-solver-quarkus-deployment-1.27.0.jar (50/65 kB)Progress (4): smallrye-open-api-jaxrs-4.0.12.jar (27/36 kB) | smallrye-open-api-spring-4.0.12.jar (12/25 kB) | smallrye-open-api-vertx-4.0.12.jar (16/21 kB) | timefold-solver-quarkus-deployment-1.27.0.jar (50/65 kB)Progress (4): smallrye-open-api-jaxrs-4.0.12.jar (32/36 kB) | smallrye-open-api-spring-4.0.12.jar (12/25 kB) | smallrye-open-api-vertx-4.0.12.jar (16/21 kB) | timefold-solver-quarkus-deployment-1.27.0.jar (50/65 kB)Progress (4): smallrye-open-api-jaxrs-4.0.12.jar (36/36 kB) | smallrye-open-api-spring-4.0.12.jar (12/25 kB) | smallrye-open-api-vertx-4.0.12.jar (16/21 kB) | timefold-solver-quarkus-deployment-1.27.0.jar (50/65 kB)Progress (4): smallrye-open-api-jaxrs-4.0.12.jar (36 kB) | smallrye-open-api-spring-4.0.12.jar (12/25 kB) | smallrye-open-api-vertx-4.0.12.jar (16/21 kB) | timefold-solver-quarkus-deployment-1.27.0.jar (50/65 kB)                                                                                                                                                                                                                       Downloaded&amp#27;[90m from &amp#27;[0mcentral&amp#27;[90m: https://repo.maven.apache.org/maven2/&amp#27;[0mio/smallrye/smallrye-open-api-jaxrs/4.0.12/smallrye-open-api-jaxrs-4.0.12.jar&amp#27;[90m (36 kB at 121 kB/s)&amp#27;[0m
Progress (3): smallrye-open-api-spring-4.0.12.jar (16/25 kB) | smallrye-open-api-vertx-4.0.12.jar (16/21 kB) | timefold-solver-quarkus-deployment-1.27.0.jar (50/65 kB)Progress (3): smallrye-open-api-spring-4.0.12.jar (21/25 kB) | smallrye-open-api-vertx-4.0.12.jar (16/21 kB) | timefold-solver-quarkus-deployment-1.27.0.jar (50/65 kB)Progress (3): smallrye-open-api-spring-4.0.12.jar (25/25 kB) | smallrye-open-api-vertx-4.0.12.jar (16/21 kB) | timefold-solver-quarkus-deployment-1.27.0.jar (50/65 kB)Progress (3): smallrye-open-api-spring-4.0.12.jar (25 kB) | smallrye-open-api-vertx-4.0.12.jar (16/21 kB) | timefold-solver-quarkus-deployment-1.27.0.jar (50/65 kB)                                                                                                                                                                       Downloaded&amp#27;[90m from &amp#27;[0mcentral&amp#27;[90m: https://repo.maven.apache.org/maven2/&amp#27;[0mio/smallrye/smallrye-open-api-spring/4.0.12/smallrye-open-api-spring-4.0.12.jar&amp#27;[90m (25 kB at 85 kB/s)&amp#27;[0m
Progress (2): smallrye-open-api-vertx-4.0.12.jar (17/21 kB) | timefold-solver-quarkus-deployment-1.27.0.jar (50/65 kB)Progress (2): smallrye-open-api-vertx-4.0.12.jar (19/21 kB) | timefold-solver-quarkus-deployment-1.27.0.jar (50/65 kB)Progress (2): smallrye-open-api-vertx-4.0.12.jar (20/21 kB) | timefold-solver-quarkus-deployment-1.27.0.jar (50/65 kB)Progress (2): smallrye-open-api-vertx-4.0.12.jar (21 kB) | timefold-solver-quarkus-deployment-1.27.0.jar (50/65 kB)                                                                                                                      Downloaded&amp#27;[90m from &amp#27;[0mcentral&amp#27;[90m: https://repo.maven.apache.org/maven2/&amp#27;[0mio/smallrye/smallrye-open-api-vertx/4.0.12/smallrye-open-api-vertx-4.0.12.jar&amp#27;[90m (21 kB at 72 kB/s)&amp#27;[0m
Progress (1): timefold-solver-quarkus-deployment-1.27.0.jar (54/65 kB)Progress (1): timefold-solver-quarkus-deployment-1.27.0.jar (58/65 kB)Progress (1): timefold-solver-quarkus-deployment-1.27.0.jar (62/65 kB)Progress (1): timefold-solver-quarkus-deployment-1.27.0.jar (65 kB)                                                                      Downloaded&amp#27;[90m from &amp#27;[0mcentral&amp#27;[90m: https://repo.maven.apache.org/maven2/&amp#27;[0mai/timefold/solver/timefold-solver-quarkus-deployment/1.27.0/timefold-solver-quarkus-deployment-1.27.0.jar&amp#27;[90m (65 kB at 209 kB/s)&amp#27;[0m
Shift created: Location 2021-02-01T09:00-2021-02-01T17:00
isFullDay: false
Shift created: Location 2 2021-02-01T09:00-2021-02-01T17:00
isFullDay: false
Shift created: Location 2021-02-01T09:00-2021-02-01T17:00
isFullDay: false
Shift created: Location 2 2021-02-01T09:00-2021-02-01T17:00
isFullDay: false
Shift created: Location 2021-02-01T09:00-2021-02-01T17:00
isFullDay: false
Shift created: Location 2 2021-02-01T13:00-2021-02-01T21:00
isFullDay: false
Shift created: Location 2021-02-01T09:00-2021-02-01T17:00
isFullDay: false
Shift created: Location 2 2021-02-02T09:00-2021-02-02T17:00
isFullDay: false
]]></system-out>
    <system-err><![CDATA[Oct 27, 2025 9:20:37 PM org.jboss.logmanager.JBossLoggerFinder getLogger
ERROR: The LogManager accessed before the "java.util.logging.manager" system property was set to "org.jboss.logmanager.LogManager". Results may be unexpected.
Oct 27, 2025 9:20:43 PM org.jboss.threads.Version <clinit>
INFO: JBoss Threads version 3.9.1
Oct 27, 2025 9:20:45 PM ai.timefold.solver.quarkus.bean.TimefoldSolverBannerBean onStart
INFO: Using Timefold Solver Community Edition v1.27.0.
Oct 27, 2025 9:20:45 PM io.quarkus.bootstrap.runner.Timing printStartupTime
INFO: employee-scheduling 1.0-SNAPSHOT on JVM (powered by Quarkus 3.28.3) started in 2.836s. Listening on: http://localhost:8081
Oct 27, 2025 9:20:45 PM io.quarkus.bootstrap.runner.Timing printStartupTime
INFO: Profile test activated. 
Oct 27, 2025 9:20:45 PM io.quarkus.bootstrap.runner.Timing printStartupTime
INFO: Installed features: [cdi, rest, rest-jackson, smallrye-context-propagation, smallrye-openapi, swagger-ui, timefold-solver, timefold-solver-jackson, vertx, web-dependency-locator]
]]></system-err>
  </testcase>
  <testcase name="balanceEmployeeShiftAssignments" classname="org.acme.employeescheduling.solver.EmployeeSchedulingConstraintProviderTest" time="0.012">
    <system-out><![CDATA[Shift created: Location 2021-01-31T09:00-2021-02-01T17:00
isFullDay: false
Shift created: Location 2021-01-31T09:00-2021-02-01T17:00
isFullDay: false
Shift created: Location 2021-01-31T09:00-2021-02-01T17:00
isFullDay: false
]]></system-out>
  </testcase>
  <testcase name="atLeast11HoursBetweenConsecutiveShifts" classname="org.acme.employeescheduling.solver.EmployeeSchedulingConstraintProviderTest" time="0.006">
    <system-out><![CDATA[Shift created: Location 2021-02-01T09:00-2021-02-01T17:00
isFullDay: false
Shift created: Location 2 2021-02-01T21:00-2021-02-02T09:00
isFullDay: false
Shift created: Location 2021-02-01T09:00-2021-02-01T17:00
isFullDay: false
Shift created: Location 2 2021-02-01T17:00-2021-02-02T09:00
isFullDay: false
Shift created: Location 2021-02-01T17:00-2021-02-02T09:00
isFullDay: false
Shift created: Location 2 2021-02-01T09:00-2021-02-01T17:00
isFullDay: false
Shift created: Location 2021-02-01T09:00-2021-02-01T17:00
isFullDay: false
Shift created: Location 2 2021-02-02T04:00-2021-02-02T09:00
isFullDay: false
Shift created: Location 2021-02-01T09:00-2021-02-01T17:00
isFullDay: false
Shift created: Location 2 2021-02-01T21:00-2021-02-02T09:00
isFullDay: false
Shift created: Location 2021-02-01T09:00-2021-02-01T17:00
isFullDay: false
Shift created: Location 2 2021-02-02T09:00-2021-02-02T17:00
isFullDay: false
]]></system-out>
  </testcase>
  <testcase name="overlappingShifts" classname="org.acme.employeescheduling.solver.EmployeeSchedulingConstraintProviderTest" time="0.003">
    <system-out><![CDATA[Shift created: Location 2021-02-01T09:00-2021-02-01T17:00
isFullDay: false
Shift created: Location 2 2021-02-01T09:00-2021-02-01T17:00
isFullDay: false
Shift created: Location 2021-02-01T09:00-2021-02-01T17:00
isFullDay: false
Shift created: Location 2 2021-02-01T09:00-2021-02-01T17:00
isFullDay: false
Shift created: Location 2021-02-01T09:00-2021-02-01T17:00
isFullDay: false
Shift created: Location 2 2021-02-01T13:00-2021-02-01T21:00
isFullDay: false
]]></system-out>
  </testcase>
  <testcase name="requiredSkill" classname="org.acme.employeescheduling.solver.EmployeeSchedulingConstraintProviderTest" time="0.003">
    <system-out><![CDATA[Shift created: Location 2021-02-01T09:00-2021-02-01T17:00
isFullDay: false
Shift created: Location 2021-02-01T09:00-2021-02-01T17:00
isFullDay: false
]]></system-out>
  </testcase>
</testsuite>