<?xml version="1.0" encoding="UTF-8"?>
<testsuite xmlns:xsi="http://www.w3.org/2001/XMLSchema-instance" xsi:noNamespaceSchemaLocation="https://maven.apache.org/surefire/maven-surefire-plugin/xsd/surefire-test-report.xsd" version="3.0.2" name="org.acme.employeescheduling.rest.EmployeeScheduleResourceTest" time="65.205" tests="1" errors="0" skipped="0" failures="0">
  <properties>
[...]
</properties>
  <testcase name="solveDemoDataUntilFeasible" classname="org.acme.employeescheduling.rest.EmployeeScheduleResourceTest" time="14.367">
    <system-out><![CDATA[&amp#27;[90mDownloading from &amp#27;[0mcentral&amp#27;[90m: https://repo.maven.apache.org/maven2/&amp#27;[0mio/quarkus/quarkus-resteasy-deployment/3.13.2/quarkus-resteasy-deployment-3.13.2.pom
Progress (1): quarkus-resteasy-deployment-3.13.2.pom (1.4/4.0 kB)Progress (1): quarkus-resteasy-deployment-3.13.2.pom (2.8/4.0 kB)Progress (1): quarkus-resteasy-deployment-3.13.2.pom (4.0 kB)                                                                 Downloaded&amp#27;[90m from &amp#27;[0mcentral&amp#27;[90m: https://repo.maven.apache.org/maven2/&amp#27;[0mio/quarkus/quarkus-resteasy-deployment/3.13.2/quarkus-resteasy-deployment-3.13.2.pom&amp#27;[90m (4.0 kB at 5.4 kB/s)&amp#27;[0m
&amp#27;[90mDownloading from &amp#27;[0mcentral&amp#27;[90m: https://repo.maven.apache.org/maven2/&amp#27;[0mio/quarkus/quarkus-resteasy-server-common-deployment/3.13.2/quarkus-resteasy-server-common-deployment-3.13.2.pom
Progress (1): quarkus-resteasy-server-common-deployment-3.13.2.pom (1.4/2.3 kB)Progress (1): quarkus-resteasy-server-common-deployment-3.13.2.pom (2.3 kB)                                                                               Downloaded&amp#27;[90m from &amp#27;[0mcentral&amp#27;[90m: https://repo.maven.apache.org/maven2/&amp#27;[0mio/quarkus/quarkus-resteasy-server-common-deployment/3.13.2/quarkus-resteasy-server-common-deployment-3.13.2.pom&amp#27;[90m (2.3 kB at 38 kB/s)&amp#27;[0m
&amp#27;[90mDownloading from &amp#27;[0mcentral&amp#27;[90m: https://repo.maven.apache.org/maven2/&amp#27;[0mio/quarkus/quarkus-resteasy-common-deployment/3.13.2/quarkus-resteasy-common-deployment-3.13.2.pom
Progress (1): quarkus-resteasy-common-deployment-3.13.2.pom (1.4/1.8 kB)Progress (1): quarkus-resteasy-common-deployment-3.13.2.pom (1.8 kB)                                                                        Downloaded&amp#27;[90m from &amp#27;[0mcentral&amp#27;[90m: https://repo.maven.apache.org/maven2/&amp#27;[0mio/quarkus/quarkus-resteasy-common-deployment/3.13.2/quarkus-resteasy-common-deployment-3.13.2.pom&amp#27;[90m (1.8 kB at 29 kB/s)&amp#27;[0m
&amp#27;[90mDownloading from &amp#27;[0mcentral&amp#27;[90m: https://repo.maven.apache.org/maven2/&amp#27;[0mio/quarkus/quarkus-resteasy-common-spi/3.13.2/quarkus-resteasy-common-spi-3.13.2.pom
Progress (1): quarkus-resteasy-common-spi-3.13.2.pom (779 B)                                                            Downloaded&amp#27;[90m from &amp#27;[0mcentral&amp#27;[90m: https://repo.maven.apache.org/maven2/&amp#27;[0mio/quarkus/quarkus-resteasy-common-spi/3.13.2/quarkus-resteasy-common-spi-3.13.2.pom&amp#27;[90m (779 B at 13 kB/s)&amp#27;[0m
&amp#27;[90mDownloading from &amp#27;[0mcentral&amp#27;[90m: https://repo.maven.apache.org/maven2/&amp#27;[0mio/quarkus/quarkus-arc-deployment/3.13.2/quarkus-arc-deployment-3.13.2.pom
Progress (1): quarkus-arc-deployment-3.13.2.pom (1.4/2.7 kB)Progress (1): quarkus-arc-deployment-3.13.2.pom (2.7 kB)                                                            Downloaded&amp#27;[90m from &amp#27;[0mcentral&amp#27;[90m: https://repo.maven.apache.org/maven2/&amp#27;[0mio/quarkus/quarkus-arc-deployment/3.13.2/quarkus-arc-deployment-3.13.2.pom&amp#27;[90m (2.7 kB at 43 kB/s)&amp#27;[0m
&amp#27;[90mDownloading from &amp#27;[0mcentral&amp#27;[90m: https://repo.maven.apache.org/maven2/&amp#27;[0mio/quarkus/quarkus-smallrye-context-propagation-spi/3.13.2/quarkus-smallrye-context-propagation-spi-3.13.2.pom
Progress (1): quarkus-smallrye-context-propagation-spi-3.13.2.pom (1.0 kB)                                                                          Downloaded&amp#27;[90m from &amp#27;[0mcentral&amp#27;[90m: https://repo.maven.apache.org/maven2/&amp#27;[0mio/quarkus/quarkus-smallrye-context-propagation-spi/3.13.2/quarkus-smallrye-context-propagation-spi-3.13.2.pom&amp#27;[90m (1.0 kB at 15 kB/s)&amp#27;[0m
&amp#27;[90mDownloading from &amp#27;[0mcentral&amp#27;[90m: https://repo.maven.apache.org/maven2/&amp#27;[0mio/quarkus/quarkus-vertx-http-dev-ui-spi/3.13.2/quarkus-vertx-http-dev-ui-spi-3.13.2.pom
Progress (1): quarkus-vertx-http-dev-ui-spi-3.13.2.pom (805 B)                                                              Downloaded&amp#27;[90m from &amp#27;[0mcentral&amp#27;[90m: https://repo.maven.apache.org/maven2/&amp#27;[0mio/quarkus/quarkus-vertx-http-dev-ui-spi/3.13.2/quarkus-vertx-http-dev-ui-spi-3.13.2.pom&amp#27;[90m (805 B at 13 kB/s)&amp#27;[0m
&amp#27;[90mDownloading from &amp#27;[0mcentral&amp#27;[90m: https://repo.maven.apache.org/maven2/&amp#27;[0mio/quarkus/arc/arc-processor/3.13.2/arc-processor-3.13.2.pom
Progress (1): arc-processor-3.13.2.pom (1.4/1.9 kB)Progress (1): arc-processor-3.13.2.pom (1.9 kB)                                                   Downloaded&amp#27;[90m from &amp#27;[0mcentral&amp#27;[90m: https://repo.maven.apache.org/maven2/&amp#27;[0mio/quarkus/arc/arc-processor/3.13.2/arc-processor-3.13.2.pom&amp#27;[90m (1.9 kB at 29 kB/s)&amp#27;[0m
&amp#27;[90mDownloading from &amp#27;[0mcentral&amp#27;[90m: https://repo.maven.apache.org/maven2/&amp#27;[0mio/quarkus/quarkus-arc-test-supplement/3.13.2/quarkus-arc-test-supplement-3.13.2.pom
Progress (1): quarkus-arc-test-supplement-3.13.2.pom (636 B)                                                            Downloaded&amp#27;[90m from &amp#27;[0mcentral&amp#27;[90m: https://repo.maven.apache.org/maven2/&amp#27;[0mio/quarkus/quarkus-arc-test-supplement/3.13.2/quarkus-arc-test-supplement-3.13.2.pom&amp#27;[90m (636 B at 9.8 kB/s)&amp#27;[0m
&amp#27;[90mDownloading from &amp#27;[0mcentral&amp#27;[90m: https://repo.maven.apache.org/maven2/&amp#27;[0mio/quarkus/quarkus-jaxrs-spi-deployment/3.13.2/quarkus-jaxrs-spi-deployment-3.13.2.pom
Progress (1): quarkus-jaxrs-spi-deployment-3.13.2.pom (774 B)                                                             Downloaded&amp#27;[90m from &amp#27;[0mcentral&amp#27;[90m: https://repo.maven.apache.org/maven2/&amp#27;[0mio/quarkus/quarkus-jaxrs-spi-deployment/3.13.2/quarkus-jaxrs-spi-deployment-3.13.2.pom&amp#27;[90m (774 B at 13 kB/s)&amp#27;[0m
&amp#27;[90mDownloading from &amp#27;[0mcentral&amp#27;[90m: https://repo.maven.apache.org/maven2/&amp#27;[0mio/quarkus/quarkus-jaxrs-spi-parent/3.13.2/quarkus-jaxrs-spi-parent-3.13.2.pom
Progress (1): quarkus-jaxrs-spi-parent-3.13.2.pom (718 B)                                                         Downloaded&amp#27;[90m from &amp#27;[0mcentral&amp#27;[90m: https://repo.maven.apache.org/maven2/&amp#27;[0mio/quarkus/quarkus-jaxrs-spi-parent/3.13.2/quarkus-jaxrs-spi-parent-3.13.2.pom&amp#27;[90m (718 B at 10.0 kB/s)&amp#27;[0m
&amp#27;[90mDownloading from &amp#27;[0mcentral&amp#27;[90m: https://repo.maven.apache.org/maven2/&amp#27;[0mio/quarkus/quarkus-resteasy-server-common-spi/3.13.2/quarkus-resteasy-server-common-spi-3.13.2.pom
Progress (1): quarkus-resteasy-server-common-spi-3.13.2.pom (892 B)                                                                   Downloaded&amp#27;[90m from &amp#27;[0mcentral&amp#27;[90m: https://repo.maven.apache.org/maven2/&amp#27;[0mio/quarkus/quarkus-resteasy-server-common-spi/3.13.2/quarkus-resteasy-server-common-spi-3.13.2.pom&amp#27;[90m (892 B at 2.5 kB/s)&amp#27;[0m
&amp#27;[90mDownloading from &amp#27;[0mcentral&amp#27;[90m: https://repo.maven.apache.org/maven2/&amp#27;[0mio/quarkus/quarkus-undertow-spi/3.13.2/quarkus-undertow-spi-3.13.2.pom
Progress (1): quarkus-undertow-spi-3.13.2.pom (1.4/2.0 kB)Progress (1): quarkus-undertow-spi-3.13.2.pom (2.0 kB)                                                          Downloaded&amp#27;[90m from &amp#27;[0mcentral&amp#27;[90m: https://repo.maven.apache.org/maven2/&amp#27;[0mio/quarkus/quarkus-undertow-spi/3.13.2/quarkus-undertow-spi-3.13.2.pom&amp#27;[90m (2.0 kB at 32 kB/s)&amp#27;[0m
&amp#27;[90mDownloading from &amp#27;[0mcentral&amp#27;[90m: https://repo.maven.apache.org/maven2/&amp#27;[0mio/quarkus/quarkus-http-parent/3.13.2/quarkus-http-parent-3.13.2.pom
Progress (1): quarkus-http-parent-3.13.2.pom (764 B)                                                    Downloaded&amp#27;[90m from &amp#27;[0mcentral&amp#27;[90m: https://repo.maven.apache.org/maven2/&amp#27;[0mio/quarkus/quarkus-http-parent/3.13.2/quarkus-http-parent-3.13.2.pom&amp#27;[90m (764 B at 12 kB/s)&amp#27;[0m
&amp#27;[90mDownloading from &amp#27;[0mcentral&amp#27;[90m: https://repo.maven.apache.org/maven2/&amp#27;[0mio/quarkus/http/quarkus-http-servlet/5.3.1/quarkus-http-servlet-5.3.1.pom
Progress (1): quarkus-http-servlet-5.3.1.pom (1.4/19 kB)Progress (1): quarkus-http-servlet-5.3.1.pom (2.8/19 kB)Progress (1): quarkus-http-servlet-5.3.1.pom (4.1/19 kB)Progress (1): quarkus-http-servlet-5.3.1.pom (5.5/19 kB)Progress (1): quarkus-http-servlet-5.3.1.pom (6.9/19 kB)Progress (1): quarkus-http-servlet-5.3.1.pom (8.3/19 kB)Progress (1): quarkus-http-servlet-5.3.1.pom (9.7/19 kB)Progress (1): quarkus-http-servlet-5.3.1.pom (11/19 kB) Progress (1): quarkus-http-servlet-5.3.1.pom (12/19 kB)Progress (1): quarkus-http-servlet-5.3.1.pom (14/19 kB)Progress (1): quarkus-http-servlet-5.3.1.pom (15/19 kB)Progress (1): quarkus-http-servlet-5.3.1.pom (16/19 kB)Progress (1): quarkus-http-servlet-5.3.1.pom (17/19 kB)Progress (1): quarkus-http-servlet-5.3.1.pom (19/19 kB)Progress (1): quarkus-http-servlet-5.3.1.pom (19 kB)                                                       Downloaded&amp#27;[90m from &amp#27;[0mcentral&amp#27;[90m: https://repo.maven.apache.org/maven2/&amp#27;[0mio/quarkus/http/quarkus-http-servlet/5.3.1/quarkus-http-servlet-5.3.1.pom&amp#27;[90m (19 kB at 97 kB/s)&amp#27;[0m
&amp#27;[90mDownloading from &amp#27;[0mcentral&amp#27;[90m: https://repo.maven.apache.org/maven2/&amp#27;[0mio/quarkus/http/quarkus-http-parent/5.3.1/quarkus-http-parent-5.3.1.pom
Progress (1): quarkus-http-parent-5.3.1.pom (1.4/30 kB)Progress (1): quarkus-http-parent-5.3.1.pom (2.8/30 kB)Progress (1): quarkus-http-parent-5.3.1.pom (4.1/30 kB)Progress (1): quarkus-http-parent-5.3.1.pom (5.5/30 kB)Progress (1): quarkus-http-parent-5.3.1.pom (6.9/30 kB)Progress (1): quarkus-http-parent-5.3.1.pom (8.3/30 kB)Progress (1): quarkus-http-parent-5.3.1.pom (9.7/30 kB)Progress (1): quarkus-http-parent-5.3.1.pom (11/30 kB) Progress (1): quarkus-http-parent-5.3.1.pom (12/30 kB)Progress (1): quarkus-http-parent-5.3.1.pom (14/30 kB)Progress (1): quarkus-http-parent-5.3.1.pom (15/30 kB)Progress (1): quarkus-http-parent-5.3.1.pom (16/30 kB)Progress (1): quarkus-http-parent-5.3.1.pom (30 kB)                                                      Downloaded&amp#27;[90m from &amp#27;[0mcentral&amp#27;[90m: https://repo.maven.apache.org/maven2/&amp#27;[0mio/quarkus/http/quarkus-http-parent/5.3.1/quarkus-http-parent-5.3.1.pom&amp#27;[90m (30 kB at 163 kB/s)&amp#27;[0m
&amp#27;[90mDownloading from &amp#27;[0mcentral&amp#27;[90m: https://repo.maven.apache.org/maven2/&amp#27;[0morg/jboss/jboss-parent/44/jboss-parent-44.pom
Progress (1): jboss-parent-44.pom (16/77 kB)Progress (1): jboss-parent-44.pom (33/77 kB)Progress (1): jboss-parent-44.pom (49/77 kB)Progress (1): jboss-parent-44.pom (66/77 kB)Progress (1): jboss-parent-44.pom (77 kB)                                            Downloaded&amp#27;[90m from &amp#27;[0mcentral&amp#27;[90m: https://repo.maven.apache.org/maven2/&amp#27;[0morg/jboss/jboss-parent/44/jboss-parent-44.pom&amp#27;[90m (77 kB at 487 kB/s)&amp#27;[0m
&amp#27;[90mDownloading from &amp#27;[0mcentral&amp#27;[90m: https://repo.maven.apache.org/maven2/&amp#27;[0mio/quarkus/http/quarkus-http-core/5.3.1/quarkus-http-core-5.3.1.pom
Progress (1): quarkus-http-core-5.3.1.pom (16/27 kB)Progress (1): quarkus-http-core-5.3.1.pom (27 kB)                                                    Downloaded&amp#27;[90m from &amp#27;[0mcentral&amp#27;[90m: https://repo.maven.apache.org/maven2/&amp#27;[0mio/quarkus/http/quarkus-http-core/5.3.1/quarkus-http-core-5.3.1.pom&amp#27;[90m (27 kB at 381 kB/s)&amp#27;[0m
&amp#27;[90mDownloading from &amp#27;[0mcentral&amp#27;[90m: https://repo.maven.apache.org/maven2/&amp#27;[0mio/quarkus/http/quarkus-http-http-core/5.3.1/quarkus-http-http-core-5.3.1.pom
Progress (1): quarkus-http-http-core-5.3.1.pom (4.8 kB)                                                       Downloaded&amp#27;[90m from &amp#27;[0mcentral&amp#27;[90m: https://repo.maven.apache.org/maven2/&amp#27;[0mio/quarkus/http/quarkus-http-http-core/5.3.1/quarkus-http-http-core-5.3.1.pom&amp#27;[90m (4.8 kB at 70 kB/s)&amp#27;[0m
&amp#27;[90mDownloading from &amp#27;[0mcentral&amp#27;[90m: https://repo.maven.apache.org/maven2/&amp#27;[0morg/jboss/metadata/jboss-metadata-web/16.0.0.Final/jboss-metadata-web-16.0.0.Final.pom
Progress (1): jboss-metadata-web-16.0.0.Final.pom (4.6 kB)                                                          Downloaded&amp#27;[90m from &amp#27;[0mcentral&amp#27;[90m: https://repo.maven.apache.org/maven2/&amp#27;[0morg/jboss/metadata/jboss-metadata-web/16.0.0.Final/jboss-metadata-web-16.0.0.Final.pom&amp#27;[90m (4.6 kB at 77 kB/s)&amp#27;[0m
&amp#27;[90mDownloading from &amp#27;[0mcentral&amp#27;[90m: https://repo.maven.apache.org/maven2/&amp#27;[0morg/jboss/metadata/jboss-as-parent-metadata/16.0.0.Final/jboss-as-parent-metadata-16.0.0.Final.pom
Progress (1): jboss-as-parent-metadata-16.0.0.Final.pom (16/18 kB)Progress (1): jboss-as-parent-metadata-16.0.0.Final.pom (18 kB)                                                                  Downloaded&amp#27;[90m from &amp#27;[0mcentral&amp#27;[90m: https://repo.maven.apache.org/maven2/&amp#27;[0morg/jboss/metadata/jboss-as-parent-metadata/16.0.0.Final/jboss-as-parent-metadata-16.0.0.Final.pom&amp#27;[90m (18 kB at 239 kB/s)&amp#27;[0m
&amp#27;[90mDownloading from &amp#27;[0mcentral&amp#27;[90m: https://repo.maven.apache.org/maven2/&amp#27;[0morg/jboss/metadata/jboss-metadata-common/16.0.0.Final/jboss-metadata-common-16.0.0.Final.pom
Progress (1): jboss-metadata-common-16.0.0.Final.pom (4.0 kB)                                                             Downloaded&amp#27;[90m from &amp#27;[0mcentral&amp#27;[90m: https://repo.maven.apache.org/maven2/&amp#27;[0morg/jboss/metadata/jboss-metadata-common/16.0.0.Final/jboss-metadata-common-16.0.0.Final.pom&amp#27;[90m (4.0 kB at 63 kB/s)&amp#27;[0m
&amp#27;[90mDownloading from &amp#27;[0mcentral&amp#27;[90m: https://repo.maven.apache.org/maven2/&amp#27;[0mio/quarkus/quarkus-vertx-http-deployment/3.13.2/quarkus-vertx-http-deployment-3.13.2.pom
Progress (1): quarkus-vertx-http-deployment-3.13.2.pom (5.9 kB)                                                               Downloaded&amp#27;[90m from &amp#27;[0mcentral&amp#27;[90m: https://repo.maven.apache.org/maven2/&amp#27;[0mio/quarkus/quarkus-vertx-http-deployment/3.13.2/quarkus-vertx-http-deployment-3.13.2.pom&amp#27;[90m (5.9 kB at 99 kB/s)&amp#27;[0m
&amp#27;[90mDownloading from &amp#27;[0mcentral&amp#27;[90m: https://repo.maven.apache.org/maven2/&amp#27;[0mio/quarkus/quarkus-vertx-deployment/3.13.2/quarkus-vertx-deployment-3.13.2.pom
Progress (1): quarkus-vertx-deployment-3.13.2.pom (3.2 kB)                                                          Downloaded&amp#27;[90m from &amp#27;[0mcentral&amp#27;[90m: https://repo.maven.apache.org/maven2/&amp#27;[0mio/quarkus/quarkus-vertx-deployment/3.13.2/quarkus-vertx-deployment-3.13.2.pom&amp#27;[90m (3.2 kB at 49 kB/s)&amp#27;[0m
&amp#27;[90mDownloading from &amp#27;[0mcentral&amp#27;[90m: https://repo.maven.apache.org/maven2/&amp#27;[0mio/quarkus/quarkus-netty-deployment/3.13.2/quarkus-netty-deployment-3.13.2.pom
Progress (1): quarkus-netty-deployment-3.13.2.pom (1.6 kB)                                                          Downloaded&amp#27;[90m from &amp#27;[0mcentral&amp#27;[90m: https://repo.maven.apache.org/maven2/&amp#27;[0mio/quarkus/quarkus-netty-deployment/3.13.2/quarkus-netty-deployment-3.13.2.pom&amp#27;[90m (1.6 kB at 26 kB/s)&amp#27;[0m
&amp#27;[90mDownloading from &amp#27;[0mcentral&amp#27;[90m: https://repo.maven.apache.org/maven2/&amp#27;[0mio/quarkus/quarkus-virtual-threads-deployment/3.13.2/quarkus-virtual-threads-deployment-3.13.2.pom
Progress (1): quarkus-virtual-threads-deployment-3.13.2.pom (1.7 kB)                                                                    Downloaded&amp#27;[90m from &amp#27;[0mcentral&amp#27;[90m: https://repo.maven.apache.org/maven2/&amp#27;[0mio/quarkus/quarkus-virtual-threads-deployment/3.13.2/quarkus-virtual-threads-deployment-3.13.2.pom&amp#27;[90m (1.7 kB at 26 kB/s)&amp#27;[0m
&amp#27;[90mDownloading from &amp#27;[0mcentral&amp#27;[90m: https://repo.maven.apache.org/maven2/&amp#27;[0mio/quarkus/quarkus-mutiny-deployment/3.13.2/quarkus-mutiny-deployment-3.13.2.pom
Progress (1): quarkus-mutiny-deployment-3.13.2.pom (2.0 kB)                                                           Downloaded&amp#27;[90m from &amp#27;[0mcentral&amp#27;[90m: https://repo.maven.apache.org/maven2/&amp#27;[0mio/quarkus/quarkus-mutiny-deployment/3.13.2/quarkus-mutiny-deployment-3.13.2.pom&amp#27;[90m (2.0 kB at 31 kB/s)&amp#27;[0m
&amp#27;[90mDownloading from &amp#27;[0mcentral&amp#27;[90m: https://repo.maven.apache.org/maven2/&amp#27;[0mio/quarkus/quarkus-smallrye-context-propagation-deployment/3.13.2/quarkus-smallrye-context-propagation-deployment-3.13.2.pom
Progress (1): quarkus-smallrye-context-propagation-deployment-3.13.2.pom (2.0 kB)                                                                                 Downloaded&amp#27;[90m from &amp#27;[0mcentral&amp#27;[90m: https://repo.maven.apache.org/maven2/&amp#27;[0mio/quarkus/quarkus-smallrye-context-propagation-deployment/3.13.2/quarkus-smallrye-context-propagation-deployment-3.13.2.pom&amp#27;[90m (2.0 kB at 30 kB/s)&amp#27;[0m
&amp#27;[90mDownloading from &amp#27;[0mcentral&amp#27;[90m: https://repo.maven.apache.org/maven2/&amp#27;[0mio/quarkus/quarkus-jackson-spi/3.13.2/quarkus-jackson-spi-3.13.2.pom
Progress (1): quarkus-jackson-spi-3.13.2.pom (830 B)                                                    Downloaded&amp#27;[90m from &amp#27;[0mcentral&amp#27;[90m: https://repo.maven.apache.org/maven2/&amp#27;[0mio/quarkus/quarkus-jackson-spi/3.13.2/quarkus-jackson-spi-3.13.2.pom&amp#27;[90m (830 B at 12 kB/s)&amp#27;[0m
&amp#27;[90mDownloading from &amp#27;[0mcentral&amp#27;[90m: https://repo.maven.apache.org/maven2/&amp#27;[0mio/quarkus/quarkus-vertx-deployment-spi/3.13.2/quarkus-vertx-deployment-spi-3.13.2.pom
Progress (1): quarkus-vertx-deployment-spi-3.13.2.pom (904 B)                                                             Downloaded&amp#27;[90m from &amp#27;[0mcentral&amp#27;[90m: https://repo.maven.apache.org/maven2/&amp#27;[0mio/quarkus/quarkus-vertx-deployment-spi/3.13.2/quarkus-vertx-deployment-spi-3.13.2.pom&amp#27;[90m (904 B at 14 kB/s)&amp#27;[0m
&amp#27;[90mDownloading from &amp#27;[0mcentral&amp#27;[90m: https://repo.maven.apache.org/maven2/&amp#27;[0mio/quarkus/quarkus-vertx-http-deployment-spi/3.13.2/quarkus-vertx-http-deployment-spi-3.13.2.pom
Progress (1): quarkus-vertx-http-deployment-spi-3.13.2.pom (957 B)                                                                  Downloaded&amp#27;[90m from &amp#27;[0mcentral&amp#27;[90m: https://repo.maven.apache.org/maven2/&amp#27;[0mio/quarkus/quarkus-vertx-http-deployment-spi/3.13.2/quarkus-vertx-http-deployment-spi-3.13.2.pom&amp#27;[90m (957 B at 16 kB/s)&amp#27;[0m
&amp#27;[90mDownloading from &amp#27;[0mcentral&amp#27;[90m: https://repo.maven.apache.org/maven2/&amp#27;[0mio/quarkus/quarkus-tls-registry-deployment/3.13.2/quarkus-tls-registry-deployment-3.13.2.pom
Progress (1): quarkus-tls-registry-deployment-3.13.2.pom (3.1 kB)                                                                 Downloaded&amp#27;[90m from &amp#27;[0mcentral&amp#27;[90m: https://repo.maven.apache.org/maven2/&amp#27;[0mio/quarkus/quarkus-tls-registry-deployment/3.13.2/quarkus-tls-registry-deployment-3.13.2.pom&amp#27;[90m (3.1 kB at 49 kB/s)&amp#27;[0m
&amp#27;[90mDownloading from &amp#27;[0mcentral&amp#27;[90m: https://repo.maven.apache.org/maven2/&amp#27;[0mio/quarkus/quarkus-credentials-deployment/3.13.2/quarkus-credentials-deployment-3.13.2.pom
Progress (1): quarkus-credentials-deployment-3.13.2.pom (1.7 kB)                                                                Downloaded&amp#27;[90m from &amp#27;[0mcentral&amp#27;[90m: https://repo.maven.apache.org/maven2/&amp#27;[0mio/quarkus/quarkus-credentials-deployment/3.13.2/quarkus-credentials-deployment-3.13.2.pom&amp#27;[90m (1.7 kB at 25 kB/s)&amp#27;[0m
&amp#27;[90mDownloading from &amp#27;[0mcentral&amp#27;[90m: https://repo.maven.apache.org/maven2/&amp#27;[0mio/quarkus/quarkus-kubernetes-spi/3.13.2/quarkus-kubernetes-spi-3.13.2.pom
Progress (1): quarkus-kubernetes-spi-3.13.2.pom (1.2 kB)                                                        Downloaded&amp#27;[90m from &amp#27;[0mcentral&amp#27;[90m: https://repo.maven.apache.org/maven2/&amp#27;[0mio/quarkus/quarkus-kubernetes-spi/3.13.2/quarkus-kubernetes-spi-3.13.2.pom&amp#27;[90m (1.2 kB at 17 kB/s)&amp#27;[0m
&amp#27;[90mDownloading from &amp#27;[0mcentral&amp#27;[90m: https://repo.maven.apache.org/maven2/&amp#27;[0mio/quarkus/quarkus-kubernetes-parent/3.13.2/quarkus-kubernetes-parent-3.13.2.pom
Progress (1): quarkus-kubernetes-parent-3.13.2.pom (834 B)                                                          Downloaded&amp#27;[90m from &amp#27;[0mcentral&amp#27;[90m: https://repo.maven.apache.org/maven2/&amp#27;[0mio/quarkus/quarkus-kubernetes-parent/3.13.2/quarkus-kubernetes-parent-3.13.2.pom&amp#27;[90m (834 B at 14 kB/s)&amp#27;[0m
&amp#27;[90mDownloading from &amp#27;[0mcentral&amp#27;[90m: https://repo.maven.apache.org/maven2/&amp#27;[0mio/quarkus/quarkus-security-spi/3.13.2/quarkus-security-spi-3.13.2.pom
Progress (1): quarkus-security-spi-3.13.2.pom (1.5 kB)                                                      Downloaded&amp#27;[90m from &amp#27;[0mcentral&amp#27;[90m: https://repo.maven.apache.org/maven2/&amp#27;[0mio/quarkus/quarkus-security-spi/3.13.2/quarkus-security-spi-3.13.2.pom&amp#27;[90m (1.5 kB at 23 kB/s)&amp#27;[0m
&amp#27;[90mDownloading from &amp#27;[0mcentral&amp#27;[90m: https://repo.maven.apache.org/maven2/&amp#27;[0mio/quarkus/quarkus-vertx-http-dev-ui-resources/3.13.2/quarkus-vertx-http-dev-ui-resources-3.13.2.pom
Progress (1): quarkus-vertx-http-dev-ui-resources-3.13.2.pom (5.4 kB)                                                                     Downloaded&amp#27;[90m from &amp#27;[0mcentral&amp#27;[90m: https://repo.maven.apache.org/maven2/&amp#27;[0mio/quarkus/quarkus-vertx-http-dev-ui-resources/3.13.2/quarkus-vertx-http-dev-ui-resources-3.13.2.pom&amp#27;[90m (5.4 kB at 82 kB/s)&amp#27;[0m
&amp#27;[90mDownloading from &amp#27;[0mcentral&amp#27;[90m: https://repo.maven.apache.org/maven2/&amp#27;[0morg/mvnpm/at/vaadin/router/1.7.5/router-1.7.5.pom
Progress (1): router-1.7.5.pom (2.7 kB)                                       Downloaded&amp#27;[90m from &amp#27;[0mcentral&amp#27;[90m: https://repo.maven.apache.org/maven2/&amp#27;[0morg/mvnpm/at/vaadin/router/1.7.5/router-1.7.5.pom&amp#27;[90m (2.7 kB at 42 kB/s)&amp#27;[0m
&amp#27;[90mDownloading from &amp#27;[0mcentral&amp#27;[90m: https://repo.maven.apache.org/maven2/&amp#27;[0morg/mvnpm/at/vaadin/vaadin-usage-statistics/2.1.2/vaadin-usage-statistics-2.1.2.pom
Progress (1): vaadin-usage-statistics-2.1.2.pom (3.2 kB)                                                        Downloaded&amp#27;[90m from &amp#27;[0mcentral&amp#27;[90m: https://repo.maven.apache.org/maven2/&amp#27;[0morg/mvnpm/at/vaadin/vaadin-usage-statistics/2.1.2/vaadin-usage-statistics-2.1.2.pom&amp#27;[90m (3.2 kB at 44 kB/s)&amp#27;[0m
&amp#27;[90mDownloading from &amp#27;[0mcentral&amp#27;[90m: https://repo.maven.apache.org/maven2/&amp#27;[0morg/mvnpm/at/vaadin/vaadin-development-mode-detector/2.0.7/vaadin-development-mode-detector-2.0.7.pom
Progress (1): vaadin-development-mode-detector-2.0.7.pom (2.6 kB)                                                                 Downloaded&amp#27;[90m from &amp#27;[0mcentral&amp#27;[90m: https://repo.maven.apache.org/maven2/&amp#27;[0morg/mvnpm/at/vaadin/vaadin-development-mode-detector/2.0.7/vaadin-development-mode-detector-2.0.7.pom&amp#27;[90m (2.6 kB at 41 kB/s)&amp#27;[0m
&amp#27;[90mDownloading from &amp#27;[0mcentral&amp#27;[90m: https://repo.maven.apache.org/maven2/&amp#27;[0morg/mvnpm/path-to-regexp/2.4.0/path-to-regexp-2.4.0.pom
Progress (1): path-to-regexp-2.4.0.pom (1.7 kB)                                               Downloaded&amp#27;[90m from &amp#27;[0mcentral&amp#27;[90m: https://repo.maven.apache.org/maven2/&amp#27;[0morg/mvnpm/path-to-regexp/2.4.0/path-to-regexp-2.4.0.pom&amp#27;[90m (1.7 kB at 29 kB/s)&amp#27;[0m
&amp#27;[90mDownloading from &amp#27;[0mcentral&amp#27;[90m: https://repo.maven.apache.org/maven2/&amp#27;[0morg/mvnpm/at/mvnpm/vaadin-webcomponents/24.4.5/vaadin-webcomponents-24.4.5.pom
Progress (1): vaadin-webcomponents-24.4.5.pom (3.2 kB)                                                      Downloaded&amp#27;[90m from &amp#27;[0mcentral&amp#27;[90m: https://repo.maven.apache.org/maven2/&amp#27;[0morg/mvnpm/at/mvnpm/vaadin-webcomponents/24.4.5/vaadin-webcomponents-24.4.5.pom&amp#27;[90m (3.2 kB at 52 kB/s)&amp#27;[0m
&amp#27;[90mDownloading from &amp#27;[0mcentral&amp#27;[90m: https://repo.maven.apache.org/maven2/&amp#27;[0morg/mvnpm/at/open-wc/dedupe-mixin/1.4.0/dedupe-mixin-1.4.0.pom
Progress (1): dedupe-mixin-1.4.0.pom (1.5 kB)                                             Downloaded&amp#27;[90m from &amp#27;[0mcentral&amp#27;[90m: https://repo.maven.apache.org/maven2/&amp#27;[0morg/mvnpm/at/open-wc/dedupe-mixin/1.4.0/dedupe-mixin-1.4.0.pom&amp#27;[90m (1.5 kB at 20 kB/s)&amp#27;[0m
&amp#27;[90mDownloading from &amp#27;[0mcentral&amp#27;[90m: https://repo.maven.apache.org/maven2/&amp#27;[0morg/mvnpm/lit/3.1.4/lit-3.1.4.pom
Progress (1): lit-3.1.4.pom (2.8 kB)                                    Downloaded&amp#27;[90m from &amp#27;[0mcentral&amp#27;[90m: https://repo.maven.apache.org/maven2/&amp#27;[0morg/mvnpm/lit/3.1.4/lit-3.1.4.pom&amp#27;[90m (2.8 kB at 47 kB/s)&amp#27;[0m
&amp#27;[90mDownloading from &amp#27;[0mcentral&amp#27;[90m: https://repo.maven.apache.org/maven2/&amp#27;[0morg/mvnpm/at/lit/reactive-element/2.0.4/reactive-element-2.0.4.pom
Progress (1): reactive-element-2.0.4.pom (2.4 kB)                                                 Downloaded&amp#27;[90m from &amp#27;[0mcentral&amp#27;[90m: https://repo.maven.apache.org/maven2/&amp#27;[0morg/mvnpm/at/lit/reactive-element/2.0.4/reactive-element-2.0.4.pom&amp#27;[90m (2.4 kB at 39 kB/s)&amp#27;[0m
&amp#27;[90mDownloading from &amp#27;[0mcentral&amp#27;[90m: https://repo.maven.apache.org/maven2/&amp#27;[0morg/mvnpm/at/lit-labs/ssr-dom-shim/1.2.0/ssr-dom-shim-1.2.0.pom
Progress (1): ssr-dom-shim-1.2.0.pom (2.3 kB)                                             Downloaded&amp#27;[90m from &amp#27;[0mcentral&amp#27;[90m: https://repo.maven.apache.org/maven2/&amp#27;[0morg/mvnpm/at/lit-labs/ssr-dom-shim/1.2.0/ssr-dom-shim-1.2.0.pom&amp#27;[90m (2.3 kB at 39 kB/s)&amp#27;[0m
&amp#27;[90mDownloading from &amp#27;[0mcentral&amp#27;[90m: https://repo.maven.apache.org/maven2/&amp#27;[0morg/mvnpm/lit-element/4.0.6/lit-element-4.0.6.pom
Progress (1): lit-element-4.0.6.pom (3.4 kB)                                            Downloaded&amp#27;[90m from &amp#27;[0mcentral&amp#27;[90m: https://repo.maven.apache.org/maven2/&amp#27;[0morg/mvnpm/lit-element/4.0.6/lit-element-4.0.6.pom&amp#27;[90m (3.4 kB at 60 kB/s)&amp#27;[0m
&amp#27;[90mDownloading from &amp#27;[0mcentral&amp#27;[90m: https://repo.maven.apache.org/maven2/&amp#27;[0morg/mvnpm/lit-html/3.1.4/lit-html-3.1.4.pom
Progress (1): lit-html-3.1.4.pom (2.8 kB)                                         Downloaded&amp#27;[90m from &amp#27;[0mcentral&amp#27;[90m: https://repo.maven.apache.org/maven2/&amp#27;[0morg/mvnpm/lit-html/3.1.4/lit-html-3.1.4.pom&amp#27;[90m (2.8 kB at 45 kB/s)&amp#27;[0m
&amp#27;[90mDownloading from &amp#27;[0mcentral&amp#27;[90m: https://repo.maven.apache.org/maven2/&amp#27;[0morg/mvnpm/at/types/trusted-types/2.0.7/trusted-types-2.0.7.pom
Progress (1): trusted-types-2.0.7.pom (1.3 kB)                                              Downloaded&amp#27;[90m from &amp#27;[0mcentral&amp#27;[90m: https://repo.maven.apache.org/maven2/&amp#27;[0morg/mvnpm/at/types/trusted-types/2.0.7/trusted-types-2.0.7.pom&amp#27;[90m (1.3 kB at 18 kB/s)&amp#27;[0m
&amp#27;[90mDownloading from &amp#27;[0mcentral&amp#27;[90m: https://repo.maven.apache.org/maven2/&amp#27;[0morg/mvnpm/at/polymer/polymer/3.5.1/polymer-3.5.1.pom
Progress (1): polymer-3.5.1.pom (2.5 kB)                                        Downloaded&amp#27;[90m from &amp#27;[0mcentral&amp#27;[90m: https://repo.maven.apache.org/maven2/&amp#27;[0morg/mvnpm/at/polymer/polymer/3.5.1/polymer-3.5.1.pom&amp#27;[90m (2.5 kB at 43 kB/s)&amp#27;[0m
&amp#27;[90mDownloading from &amp#27;[0mcentral&amp#27;[90m: https://repo.maven.apache.org/maven2/&amp#27;[0morg/mvnpm/at/webcomponents/shadycss/1.11.2/shadycss-1.11.2.pom
Progress (1): shadycss-1.11.2.pom (1.7 kB)                                          Downloaded&amp#27;[90m from &amp#27;[0mcentral&amp#27;[90m: https://repo.maven.apache.org/maven2/&amp#27;[0morg/mvnpm/at/webcomponents/shadycss/1.11.2/shadycss-1.11.2.pom&amp#27;[90m (1.7 kB at 28 kB/s)&amp#27;[0m
&amp#27;[90mDownloading from &amp#27;[0mcentral&amp#27;[90m: https://repo.maven.apache.org/maven2/&amp#27;[0morg/mvnpm/lit-element-state/1.7.0/lit-element-state-1.7.0.pom
Progress (1): lit-element-state-1.7.0.pom (1.2 kB)                                                  Downloaded&amp#27;[90m from &amp#27;[0mcentral&amp#27;[90m: https://repo.maven.apache.org/maven2/&amp#27;[0morg/mvnpm/lit-element-state/1.7.0/lit-element-state-1.7.0.pom&amp#27;[90m (1.2 kB at 21 kB/s)&amp#27;[0m
&amp#27;[90mDownloading from &amp#27;[0mcentral&amp#27;[90m: https://repo.maven.apache.org/maven2/&amp#27;[0morg/mvnpm/echarts/5.5.1/echarts-5.5.1.pom
Progress (1): echarts-5.5.1.pom (1.7 kB)                                        Downloaded&amp#27;[90m from &amp#27;[0mcentral&amp#27;[90m: https://repo.maven.apache.org/maven2/&amp#27;[0morg/mvnpm/echarts/5.5.1/echarts-5.5.1.pom&amp#27;[90m (1.7 kB at 29 kB/s)&amp#27;[0m
&amp#27;[90mDownloading from &amp#27;[0mcentral&amp#27;[90m: https://repo.maven.apache.org/maven2/&amp#27;[0morg/mvnpm/tslib/2.3.0/tslib-2.3.0.pom
Progress (1): tslib-2.3.0.pom (2.0 kB)                                      Downloaded&amp#27;[90m from &amp#27;[0mcentral&amp#27;[90m: https://repo.maven.apache.org/maven2/&amp#27;[0morg/mvnpm/tslib/2.3.0/tslib-2.3.0.pom&amp#27;[90m (2.0 kB at 36 kB/s)&amp#27;[0m
&amp#27;[90mDownloading from &amp#27;[0mcentral&amp#27;[90m: https://repo.maven.apache.org/maven2/&amp#27;[0morg/mvnpm/zrender/5.6.0/zrender-5.6.0.pom
Progress (1): zrender-5.6.0.pom (3.2 kB)                                        Downloaded&amp#27;[90m from &amp#27;[0mcentral&amp#27;[90m: https://repo.maven.apache.org/maven2/&amp#27;[0morg/mvnpm/zrender/5.6.0/zrender-5.6.0.pom&amp#27;[90m (3.2 kB at 57 kB/s)&amp#27;[0m
&amp#27;[90mDownloading from &amp#27;[0mcentral&amp#27;[90m: https://repo.maven.apache.org/maven2/&amp#27;[0morg/mvnpm/at/mvnpm/codeblock/1.0.16/codeblock-1.0.16.pom
Progress (1): codeblock-1.0.16.pom (1.8 kB)                                           Downloaded&amp#27;[90m from &amp#27;[0mcentral&amp#27;[90m: https://repo.maven.apache.org/maven2/&amp#27;[0morg/mvnpm/at/mvnpm/codeblock/1.0.16/codeblock-1.0.16.pom&amp#27;[90m (1.8 kB at 12 kB/s)&amp#27;[0m
&amp#27;[90mDownloading from &amp#27;[0mcentral&amp#27;[90m: https://repo.maven.apache.org/maven2/&amp#27;[0morg/mvnpm/at/mvnpm/qomponent/1.0.0/qomponent-1.0.0.pom
Progress (1): qomponent-1.0.0.pom (2.2 kB)                                          Downloaded&amp#27;[90m from &amp#27;[0mcentral&amp#27;[90m: https://repo.maven.apache.org/maven2/&amp#27;[0morg/mvnpm/at/mvnpm/qomponent/1.0.0/qomponent-1.0.0.pom&amp#27;[90m (2.2 kB at 14 kB/s)&amp#27;[0m
&amp#27;[90mDownloading from &amp#27;[0mcentral&amp#27;[90m: https://repo.maven.apache.org/maven2/&amp#27;[0morg/mvnpm/markdown-it/14.1.0/markdown-it-14.1.0.pom
Progress (1): markdown-it-14.1.0.pom (2.7 kB)                                             Downloaded&amp#27;[90m from &amp#27;[0mcentral&amp#27;[90m: https://repo.maven.apache.org/maven2/&amp#27;[0morg/mvnpm/markdown-it/14.1.0/markdown-it-14.1.0.pom&amp#27;[90m (2.7 kB at 48 kB/s)&amp#27;[0m
&amp#27;[90mDownloading from &amp#27;[0mcentral&amp#27;[90m: https://repo.maven.apache.org/maven2/&amp#27;[0morg/mvnpm/argparse/2.0.1/argparse-2.0.1.pom
Progress (1): argparse-2.0.1.pom (1.2 kB)                                         Downloaded&amp#27;[90m from &amp#27;[0mcentral&amp#27;[90m: https://repo.maven.apache.org/maven2/&amp#27;[0morg/mvnpm/argparse/2.0.1/argparse-2.0.1.pom&amp#27;[90m (1.2 kB at 23 kB/s)&amp#27;[0m
&amp#27;[90mDownloading from &amp#27;[0mcentral&amp#27;[90m: https://repo.maven.apache.org/maven2/&amp#27;[0morg/mvnpm/entities/4.5.0/entities-4.5.0.pom
Progress (1): entities-4.5.0.pom (1.2 kB)                                         Downloaded&amp#27;[90m from &amp#27;[0mcentral&amp#27;[90m: https://repo.maven.apache.org/maven2/&amp#27;[0morg/mvnpm/entities/4.5.0/entities-4.5.0.pom&amp#27;[90m (1.2 kB at 21 kB/s)&amp#27;[0m
&amp#27;[90mDownloading from &amp#27;[0mcentral&amp#27;[90m: https://repo.maven.apache.org/maven2/&amp#27;[0morg/mvnpm/linkify-it/5.0.0/linkify-it-5.0.0.pom
Progress (1): linkify-it-5.0.0.pom (1.5 kB)                                           Downloaded&amp#27;[90m from &amp#27;[0mcentral&amp#27;[90m: https://repo.maven.apache.org/maven2/&amp#27;[0morg/mvnpm/linkify-it/5.0.0/linkify-it-5.0.0.pom&amp#27;[90m (1.5 kB at 30 kB/s)&amp#27;[0m
&amp#27;[90mDownloading from &amp#27;[0mcentral&amp#27;[90m: https://repo.maven.apache.org/maven2/&amp#27;[0morg/mvnpm/uc.micro/2.1.0/uc.micro-2.1.0.pom
Progress (1): uc.micro-2.1.0.pom (1.2 kB)                                         Downloaded&amp#27;[90m from &amp#27;[0mcentral&amp#27;[90m: https://repo.maven.apache.org/maven2/&amp#27;[0morg/mvnpm/uc.micro/2.1.0/uc.micro-2.1.0.pom&amp#27;[90m (1.2 kB at 22 kB/s)&amp#27;[0m
&amp#27;[90mDownloading from &amp#27;[0mcentral&amp#27;[90m: https://repo.maven.apache.org/maven2/&amp#27;[0morg/mvnpm/mdurl/2.0.0/mdurl-2.0.0.pom
Progress (1): mdurl-2.0.0.pom (1.2 kB)                                      Downloaded&amp#27;[90m from &amp#27;[0mcentral&amp#27;[90m: https://repo.maven.apache.org/maven2/&amp#27;[0morg/mvnpm/mdurl/2.0.0/mdurl-2.0.0.pom&amp#27;[90m (1.2 kB at 23 kB/s)&amp#27;[0m
&amp#27;[90mDownloading from &amp#27;[0mcentral&amp#27;[90m: https://repo.maven.apache.org/maven2/&amp#27;[0morg/mvnpm/punycode.js/2.3.1/punycode.js-2.3.1.pom
Progress (1): punycode.js-2.3.1.pom (1.4 kB)                                            Downloaded&amp#27;[90m from &amp#27;[0mcentral&amp#27;[90m: https://repo.maven.apache.org/maven2/&amp#27;[0morg/mvnpm/punycode.js/2.3.1/punycode.js-2.3.1.pom&amp#27;[90m (1.4 kB at 21 kB/s)&amp#27;[0m
&amp#27;[90mDownloading from &amp#27;[0mcentral&amp#27;[90m: https://repo.maven.apache.org/maven2/&amp#27;[0morg/mvnpm/es-module-shims/1.10.0/es-module-shims-1.10.0.pom
Progress (1): es-module-shims-1.10.0.pom (1.3 kB)                                                 Downloaded&amp#27;[90m from &amp#27;[0mcentral&amp#27;[90m: https://repo.maven.apache.org/maven2/&amp#27;[0morg/mvnpm/es-module-shims/1.10.0/es-module-shims-1.10.0.pom&amp#27;[90m (1.3 kB at 22 kB/s)&amp#27;[0m
&amp#27;[90mDownloading from &amp#27;[0mcentral&amp#27;[90m: https://repo.maven.apache.org/maven2/&amp#27;[0mio/mvnpm/importmap/1.0.11/importmap-1.0.11.pom
Progress (1): importmap-1.0.11.pom (7.0 kB)                                           Downloaded&amp#27;[90m from &amp#27;[0mcentral&amp#27;[90m: https://repo.maven.apache.org/maven2/&amp#27;[0mio/mvnpm/importmap/1.0.11/importmap-1.0.11.pom&amp#27;[90m (7.0 kB at 43 kB/s)&amp#27;[0m
&amp#27;[90mDownloading from &amp#27;[0mcentral&amp#27;[90m: https://repo.maven.apache.org/maven2/&amp#27;[0mio/quarkus/quarkus-resteasy-jackson-deployment/3.13.2/quarkus-resteasy-jackson-deployment-3.13.2.pom
Progress (1): quarkus-resteasy-jackson-deployment-3.13.2.pom (2.0 kB)                                                                     Downloaded&amp#27;[90m from &amp#27;[0mcentral&amp#27;[90m: https://repo.maven.apache.org/maven2/&amp#27;[0mio/quarkus/quarkus-resteasy-jackson-deployment/3.13.2/quarkus-resteasy-jackson-deployment-3.13.2.pom&amp#27;[90m (2.0 kB at 34 kB/s)&amp#27;[0m
&amp#27;[90mDownloading from &amp#27;[0mcentral&amp#27;[90m: https://repo.maven.apache.org/maven2/&amp#27;[0mio/quarkus/quarkus-jackson-deployment/3.13.2/quarkus-jackson-deployment-3.13.2.pom
Progress (1): quarkus-jackson-deployment-3.13.2.pom (2.1 kB)                                                            Downloaded&amp#27;[90m from &amp#27;[0mcentral&amp#27;[90m: https://repo.maven.apache.org/maven2/&amp#27;[0mio/quarkus/quarkus-jackson-deployment/3.13.2/quarkus-jackson-deployment-3.13.2.pom&amp#27;[90m (2.1 kB at 36 kB/s)&amp#27;[0m
&amp#27;[90mDownloading from &amp#27;[0mcentral&amp#27;[90m: https://repo.maven.apache.org/maven2/&amp#27;[0mio/quarkus/quarkus-smallrye-openapi-deployment/3.13.2/quarkus-smallrye-openapi-deployment-3.13.2.pom
Progress (1): quarkus-smallrye-openapi-deployment-3.13.2.pom (3.7 kB)                                                                     Downloaded&amp#27;[90m from &amp#27;[0mcentral&amp#27;[90m: https://repo.maven.apache.org/maven2/&amp#27;[0mio/quarkus/quarkus-smallrye-openapi-deployment/3.13.2/quarkus-smallrye-openapi-deployment-3.13.2.pom&amp#27;[90m (3.7 kB at 47 kB/s)&amp#27;[0m
&amp#27;[90mDownloading from &amp#27;[0mcentral&amp#27;[90m: https://repo.maven.apache.org/maven2/&amp#27;[0mio/quarkus/quarkus-smallrye-openapi-spi/3.13.2/quarkus-smallrye-openapi-spi-3.13.2.pom
Progress (1): quarkus-smallrye-openapi-spi-3.13.2.pom (928 B)                                                             Downloaded&amp#27;[90m from &amp#27;[0mcentral&amp#27;[90m: https://repo.maven.apache.org/maven2/&amp#27;[0mio/quarkus/quarkus-smallrye-openapi-spi/3.13.2/quarkus-smallrye-openapi-spi-3.13.2.pom&amp#27;[90m (928 B at 9.6 kB/s)&amp#27;[0m
&amp#27;[90mDownloading from &amp#27;[0mcentral&amp#27;[90m: https://repo.maven.apache.org/maven2/&amp#27;[0mio/quarkus/quarkus-smallrye-openapi-common-deployment/3.13.2/quarkus-smallrye-openapi-common-deployment-3.13.2.pom
Progress (1): quarkus-smallrye-openapi-common-deployment-3.13.2.pom (1.4 kB)                                                                            Downloaded&amp#27;[90m from &amp#27;[0mcentral&amp#27;[90m: https://repo.maven.apache.org/maven2/&amp#27;[0mio/quarkus/quarkus-smallrye-openapi-common-deployment/3.13.2/quarkus-smallrye-openapi-common-deployment-3.13.2.pom&amp#27;[90m (1.4 kB at 23 kB/s)&amp#27;[0m
&amp#27;[90mDownloading from &amp#27;[0mcentral&amp#27;[90m: https://repo.maven.apache.org/maven2/&amp#27;[0mio/quarkus/quarkus-smallrye-openapi-common-parent/3.13.2/quarkus-smallrye-openapi-common-parent-3.13.2.pom
Progress (1): quarkus-smallrye-openapi-common-parent-3.13.2.pom (738 B)                                                                       Downloaded&amp#27;[90m from &amp#27;[0mcentral&amp#27;[90m: https://repo.maven.apache.org/maven2/&amp#27;[0mio/quarkus/quarkus-smallrye-openapi-common-parent/3.13.2/quarkus-smallrye-openapi-common-parent-3.13.2.pom&amp#27;[90m (738 B at 9.7 kB/s)&amp#27;[0m
&amp#27;[90mDownloading from &amp#27;[0mcentral&amp#27;[90m: https://repo.maven.apache.org/maven2/&amp#27;[0mio/quarkus/quarkus-swagger-ui-deployment/3.13.2/quarkus-swagger-ui-deployment-3.13.2.pom
Progress (1): quarkus-swagger-ui-deployment-3.13.2.pom (2.4 kB)                                                               Downloaded&amp#27;[90m from &amp#27;[0mcentral&amp#27;[90m: https://repo.maven.apache.org/maven2/&amp#27;[0mio/quarkus/quarkus-swagger-ui-deployment/3.13.2/quarkus-swagger-ui-deployment-3.13.2.pom&amp#27;[90m (2.4 kB at 38 kB/s)&amp#27;[0m
&amp#27;[90mDownloading from &amp#27;[0mcentral&amp#27;[90m: https://repo.maven.apache.org/maven2/&amp#27;[0mio/smallrye/smallrye-open-api-ui/3.10.0/smallrye-open-api-ui-3.10.0.pom
Progress (1): smallrye-open-api-ui-3.10.0.pom (6.2 kB)                                                      Downloaded&amp#27;[90m from &amp#27;[0mcentral&amp#27;[90m: https://repo.maven.apache.org/maven2/&amp#27;[0mio/smallrye/smallrye-open-api-ui/3.10.0/smallrye-open-api-ui-3.10.0.pom&amp#27;[90m (6.2 kB at 78 kB/s)&amp#27;[0m
&amp#27;[90mDownloading from &amp#27;[0mcentral&amp#27;[90m: https://repo.maven.apache.org/maven2/&amp#27;[0mio/smallrye/smallrye-open-api-ui-parent/3.10.0/smallrye-open-api-ui-parent-3.10.0.pom
Progress (1): smallrye-open-api-ui-parent-3.10.0.pom (713 B)                                                            Downloaded&amp#27;[90m from &amp#27;[0mcentral&amp#27;[90m: https://repo.maven.apache.org/maven2/&amp#27;[0mio/smallrye/smallrye-open-api-ui-parent/3.10.0/smallrye-open-api-ui-parent-3.10.0.pom&amp#27;[90m (713 B at 12 kB/s)&amp#27;[0m
&amp#27;[90mDownloading from &amp#27;[0mcentral&amp#27;[90m: https://repo.maven.apache.org/maven2/&amp#27;[0mio/smallrye/smallrye-open-api-jaxrs/3.10.0/smallrye-open-api-jaxrs-3.10.0.pom
Progress (1): smallrye-open-api-jaxrs-3.10.0.pom (6.5 kB)                                                         Downloaded&amp#27;[90m from &amp#27;[0mcentral&amp#27;[90m: https://repo.maven.apache.org/maven2/&amp#27;[0mio/smallrye/smallrye-open-api-jaxrs/3.10.0/smallrye-open-api-jaxrs-3.10.0.pom&amp#27;[90m (6.5 kB at 86 kB/s)&amp#27;[0m
&amp#27;[90mDownloading from &amp#27;[0mcentral&amp#27;[90m: https://repo.maven.apache.org/maven2/&amp#27;[0mio/smallrye/smallrye-open-api-spring/3.10.0/smallrye-open-api-spring-3.10.0.pom
Progress (1): smallrye-open-api-spring-3.10.0.pom (3.9 kB)                                                          Downloaded&amp#27;[90m from &amp#27;[0mcentral&amp#27;[90m: https://repo.maven.apache.org/maven2/&amp#27;[0mio/smallrye/smallrye-open-api-spring/3.10.0/smallrye-open-api-spring-3.10.0.pom&amp#27;[90m (3.9 kB at 61 kB/s)&amp#27;[0m
&amp#27;[90mDownloading from &amp#27;[0mcentral&amp#27;[90m: https://repo.maven.apache.org/maven2/&amp#27;[0mio/smallrye/smallrye-open-api-vertx/3.10.0/smallrye-open-api-vertx-3.10.0.pom
Progress (1): smallrye-open-api-vertx-3.10.0.pom (3.5 kB)                                                         Downloaded&amp#27;[90m from &amp#27;[0mcentral&amp#27;[90m: https://repo.maven.apache.org/maven2/&amp#27;[0mio/smallrye/smallrye-open-api-vertx/3.10.0/smallrye-open-api-vertx-3.10.0.pom&amp#27;[90m (3.5 kB at 56 kB/s)&amp#27;[0m
&amp#27;[90mDownloading from &amp#27;[0mcentral&amp#27;[90m: https://repo.maven.apache.org/maven2/&amp#27;[0mai/timefold/solver/timefold-solver-quarkus-deployment/1.13.0/timefold-solver-quarkus-deployment-1.13.0.pom
Progress (1): timefold-solver-quarkus-deployment-1.13.0.pom (3.6 kB)                                                                    Downloaded&amp#27;[90m from &amp#27;[0mcentral&amp#27;[90m: https://repo.maven.apache.org/maven2/&amp#27;[0mai/timefold/solver/timefold-solver-quarkus-deployment/1.13.0/timefold-solver-quarkus-deployment-1.13.0.pom&amp#27;[90m (3.6 kB at 61 kB/s)&amp#27;[0m
&amp#27;[90mDownloading from &amp#27;[0mcentral&amp#27;[90m: https://repo.maven.apache.org/maven2/&amp#27;[0mai/timefold/solver/timefold-solver-quarkus-jackson-deployment/1.13.0/timefold-solver-quarkus-jackson-deployment-1.13.0.pom
Progress (1): timefold-solver-quarkus-jackson-deployment-1.13.0.pom (2.0 kB)                                                                            Downloaded&amp#27;[90m from &amp#27;[0mcentral&amp#27;[90m: https://repo.maven.apache.org/maven2/&amp#27;[0mai/timefold/solver/timefold-solver-quarkus-jackson-deployment/1.13.0/timefold-solver-quarkus-jackson-deployment-1.13.0.pom&amp#27;[90m (2.0 kB at 34 kB/s)&amp#27;[0m
&amp#27;[90mDownloading from &amp#27;[0mcentral&amp#27;[90m: https://repo.maven.apache.org/maven2/&amp#27;[0mio/quarkus/quarkus-web-dependency-locator-deployment/3.13.2/quarkus-web-dependency-locator-deployment-3.13.2.pom
Progress (1): quarkus-web-dependency-locator-deployment-3.13.2.pom (4.3 kB)                                                                           Downloaded&amp#27;[90m from &amp#27;[0mcentral&amp#27;[90m: https://repo.maven.apache.org/maven2/&amp#27;[0mio/quarkus/quarkus-web-dependency-locator-deployment/3.13.2/quarkus-web-dependency-locator-deployment-3.13.2.pom&amp#27;[90m (4.3 kB at 64 kB/s)&amp#27;[0m
&amp#27;[90mDownloading from &amp#27;[0mcentral&amp#27;[90m: https://repo.maven.apache.org/maven2/&amp#27;[0mio/quarkus/quarkus-resteasy-common-deployment/3.13.2/quarkus-resteasy-common-deployment-3.13.2.jar
Progress (1): quarkus-resteasy-common-deployment-3.13.2.jar (16/26 kB)Progress (1): quarkus-resteasy-common-deployment-3.13.2.jar (26 kB)                                                                      Downloaded&amp#27;[90m from &amp#27;[0mcentral&amp#27;[90m: https://repo.maven.apache.org/maven2/&amp#27;[0mio/quarkus/quarkus-resteasy-common-deployment/3.13.2/quarkus-resteasy-common-deployment-3.13.2.jar&amp#27;[90m (26 kB at 369 kB/s)&amp#27;[0m
&amp#27;[90mDownloading from &amp#27;[0mcentral&amp#27;[90m: https://repo.maven.apache.org/maven2/&amp#27;[0mio/quarkus/quarkus-jaxrs-spi-deployment/3.13.2/quarkus-jaxrs-spi-deployment-3.13.2.jar
Progress (1): quarkus-jaxrs-spi-deployment-3.13.2.jar (7.3 kB)                                                              Downloaded&amp#27;[90m from &amp#27;[0mcentral&amp#27;[90m: https://repo.maven.apache.org/maven2/&amp#27;[0mio/quarkus/quarkus-jaxrs-spi-deployment/3.13.2/quarkus-jaxrs-spi-deployment-3.13.2.jar&amp#27;[90m (7.3 kB at 133 kB/s)&amp#27;[0m
&amp#27;[90mDownloading from &amp#27;[0mcentral&amp#27;[90m: https://repo.maven.apache.org/maven2/&amp#27;[0mio/quarkus/http/quarkus-http-http-core/5.3.1/quarkus-http-http-core-5.3.1.jar
Progress (1): quarkus-http-http-core-5.3.1.jar (16/38 kB)Progress (1): quarkus-http-http-core-5.3.1.jar (33/38 kB)Progress (1): quarkus-http-http-core-5.3.1.jar (38 kB)                                                         Downloaded&amp#27;[90m from &amp#27;[0mcentral&amp#27;[90m: https://repo.maven.apache.org/maven2/&amp#27;[0mio/quarkus/http/quarkus-http-http-core/5.3.1/quarkus-http-http-core-5.3.1.jar&amp#27;[90m (38 kB at 567 kB/s)&amp#27;[0m
&amp#27;[90mDownloading from &amp#27;[0mcentral&amp#27;[90m: https://repo.maven.apache.org/maven2/&amp#27;[0mio/quarkus/http/quarkus-http-core/5.3.1/quarkus-http-core-5.3.1.jar
Progress (1): quarkus-http-core-5.3.1.jar (16/914 kB)Progress (1): quarkus-http-core-5.3.1.jar (33/914 kB)Progress (1): quarkus-http-core-5.3.1.jar (49/914 kB)Progress (1): quarkus-http-core-5.3.1.jar (66/914 kB)Progress (1): quarkus-http-core-5.3.1.jar (82/914 kB)Progress (1): quarkus-http-core-5.3.1.jar (98/914 kB)Progress (1): quarkus-http-core-5.3.1.jar (115/914 kB)Progress (1): quarkus-http-core-5.3.1.jar (129/914 kB)Progress (1): quarkus-http-core-5.3.1.jar (145/914 kB)Progress (1): quarkus-http-core-5.3.1.jar (161/914 kB)Progress (1): quarkus-http-core-5.3.1.jar (178/914 kB)Progress (1): quarkus-http-core-5.3.1.jar (191/914 kB)Progress (1): quarkus-http-core-5.3.1.jar (194/914 kB)Progress (1): quarkus-http-core-5.3.1.jar (211/914 kB)Progress (1): quarkus-http-core-5.3.1.jar (227/914 kB)Progress (1): quarkus-http-core-5.3.1.jar (243/914 kB)Progress (1): quarkus-http-core-5.3.1.jar (257/914 kB)Progress (1): quarkus-http-core-5.3.1.jar (260/914 kB)Progress (1): quarkus-http-core-5.3.1.jar (276/914 kB)Progress (1): quarkus-http-core-5.3.1.jar (292/914 kB)Progress (1): quarkus-http-core-5.3.1.jar (309/914 kB)Progress (1): quarkus-http-core-5.3.1.jar (325/914 kB)Progress (1): quarkus-http-core-5.3.1.jar (342/914 kB)Progress (1): quarkus-http-core-5.3.1.jar (358/914 kB)Progress (1): quarkus-http-core-5.3.1.jar (374/914 kB)Progress (1): quarkus-http-core-5.3.1.jar (391/914 kB)Progress (1): quarkus-http-core-5.3.1.jar (407/914 kB)Progress (1): quarkus-http-core-5.3.1.jar (423/914 kB)Progress (1): quarkus-http-core-5.3.1.jar (440/914 kB)Progress (1): quarkus-http-core-5.3.1.jar (456/914 kB)Progress (1): quarkus-http-core-5.3.1.jar (473/914 kB)Progress (1): quarkus-http-core-5.3.1.jar (489/914 kB)Progress (1): quarkus-http-core-5.3.1.jar (505/914 kB)Progress (1): quarkus-http-core-5.3.1.jar (522/914 kB)Progress (1): quarkus-http-core-5.3.1.jar (538/914 kB)Progress (1): quarkus-http-core-5.3.1.jar (555/914 kB)Progress (1): quarkus-http-core-5.3.1.jar (571/914 kB)Progress (1): quarkus-http-core-5.3.1.jar (587/914 kB)Progress (1): quarkus-http-core-5.3.1.jar (604/914 kB)Progress (1): quarkus-http-core-5.3.1.jar (620/914 kB)Progress (1): quarkus-http-core-5.3.1.jar (636/914 kB)Progress (1): quarkus-http-core-5.3.1.jar (653/914 kB)Progress (1): quarkus-http-core-5.3.1.jar (669/914 kB)Progress (1): quarkus-http-core-5.3.1.jar (686/914 kB)Progress (1): quarkus-http-core-5.3.1.jar (702/914 kB)Progress (1): quarkus-http-core-5.3.1.jar (718/914 kB)Progress (1): quarkus-http-core-5.3.1.jar (735/914 kB)Progress (1): quarkus-http-core-5.3.1.jar (751/914 kB)Progress (1): quarkus-http-core-5.3.1.jar (768/914 kB)Progress (1): quarkus-http-core-5.3.1.jar (784/914 kB)Progress (1): quarkus-http-core-5.3.1.jar (800/914 kB)Progress (1): quarkus-http-core-5.3.1.jar (817/914 kB)Progress (1): quarkus-http-core-5.3.1.jar (833/914 kB)Progress (1): quarkus-http-core-5.3.1.jar (849/914 kB)Progress (1): quarkus-http-core-5.3.1.jar (866/914 kB)Progress (1): quarkus-http-core-5.3.1.jar (882/914 kB)Progress (1): quarkus-http-core-5.3.1.jar (899/914 kB)Progress (1): quarkus-http-core-5.3.1.jar (914 kB)                                                      Downloaded&amp#27;[90m from &amp#27;[0mcentral&amp#27;[90m: https://repo.maven.apache.org/maven2/&amp#27;[0mio/quarkus/http/quarkus-http-core/5.3.1/quarkus-http-core-5.3.1.jar&amp#27;[90m (914 kB at 1.4 MB/s)&amp#27;[0m
&amp#27;[90mDownloading from &amp#27;[0mcentral&amp#27;[90m: https://repo.maven.apache.org/maven2/&amp#27;[0mio/quarkus/http/quarkus-http-servlet/5.3.1/quarkus-http-servlet-5.3.1.jar
Progress (1): quarkus-http-servlet-5.3.1.jar (16/495 kB)Progress (1): quarkus-http-servlet-5.3.1.jar (33/495 kB)Progress (1): quarkus-http-servlet-5.3.1.jar (49/495 kB)Progress (1): quarkus-http-servlet-5.3.1.jar (63/495 kB)Progress (1): quarkus-http-servlet-5.3.1.jar (79/495 kB)Progress (1): quarkus-http-servlet-5.3.1.jar (96/495 kB)Progress (1): quarkus-http-servlet-5.3.1.jar (112/495 kB)Progress (1): quarkus-http-servlet-5.3.1.jar (128/495 kB)Progress (1): quarkus-http-servlet-5.3.1.jar (145/495 kB)Progress (1): quarkus-http-servlet-5.3.1.jar (161/495 kB)Progress (1): quarkus-http-servlet-5.3.1.jar (178/495 kB)Progress (1): quarkus-http-servlet-5.3.1.jar (191/495 kB)Progress (1): quarkus-http-servlet-5.3.1.jar (194/495 kB)Progress (1): quarkus-http-servlet-5.3.1.jar (210/495 kB)Progress (1): quarkus-http-servlet-5.3.1.jar (227/495 kB)Progress (1): quarkus-http-servlet-5.3.1.jar (243/495 kB)Progress (1): quarkus-http-servlet-5.3.1.jar (260/495 kB)Progress (1): quarkus-http-servlet-5.3.1.jar (276/495 kB)Progress (1): quarkus-http-servlet-5.3.1.jar (292/495 kB)Progress (1): quarkus-http-servlet-5.3.1.jar (309/495 kB)Progress (1): quarkus-http-servlet-5.3.1.jar (325/495 kB)Progress (1): quarkus-http-servlet-5.3.1.jar (341/495 kB)Progress (1): quarkus-http-servlet-5.3.1.jar (358/495 kB)Progress (1): quarkus-http-servlet-5.3.1.jar (374/495 kB)Progress (1): quarkus-http-servlet-5.3.1.jar (391/495 kB)Progress (1): quarkus-http-servlet-5.3.1.jar (407/495 kB)Progress (1): quarkus-http-servlet-5.3.1.jar (423/495 kB)Progress (1): quarkus-http-servlet-5.3.1.jar (440/495 kB)Progress (1): quarkus-http-servlet-5.3.1.jar (456/495 kB)Progress (1): quarkus-http-servlet-5.3.1.jar (473/495 kB)Progress (1): quarkus-http-servlet-5.3.1.jar (489/495 kB)Progress (1): quarkus-http-servlet-5.3.1.jar (495 kB)                                                         Downloaded&amp#27;[90m from &amp#27;[0mcentral&amp#27;[90m: https://repo.maven.apache.org/maven2/&amp#27;[0mio/quarkus/http/quarkus-http-servlet/5.3.1/quarkus-http-servlet-5.3.1.jar&amp#27;[90m (495 kB at 1.5 MB/s)&amp#27;[0m
&amp#27;[90mDownloading from &amp#27;[0mcentral&amp#27;[90m: https://repo.maven.apache.org/maven2/&amp#27;[0morg/jboss/metadata/jboss-metadata-common/16.0.0.Final/jboss-metadata-common-16.0.0.Final.jar
Progress (1): jboss-metadata-common-16.0.0.Final.jar (16/567 kB)Progress (1): jboss-metadata-common-16.0.0.Final.jar (33/567 kB)Progress (1): jboss-metadata-common-16.0.0.Final.jar (49/567 kB)Progress (1): jboss-metadata-common-16.0.0.Final.jar (64/567 kB)Progress (1): jboss-metadata-common-16.0.0.Final.jar (81/567 kB)Progress (1): jboss-metadata-common-16.0.0.Final.jar (97/567 kB)Progress (1): jboss-metadata-common-16.0.0.Final.jar (114/567 kB)Progress (1): jboss-metadata-common-16.0.0.Final.jar (130/567 kB)Progress (1): jboss-metadata-common-16.0.0.Final.jar (146/567 kB)Progress (1): jboss-metadata-common-16.0.0.Final.jar (163/567 kB)Progress (1): jboss-metadata-common-16.0.0.Final.jar (179/567 kB)Progress (1): jboss-metadata-common-16.0.0.Final.jar (196/567 kB)Progress (1): jboss-metadata-common-16.0.0.Final.jar (212/567 kB)Progress (1): jboss-metadata-common-16.0.0.Final.jar (228/567 kB)Progress (1): jboss-metadata-common-16.0.0.Final.jar (245/567 kB)Progress (1): jboss-metadata-common-16.0.0.Final.jar (261/567 kB)Progress (1): jboss-metadata-common-16.0.0.Final.jar (277/567 kB)Progress (1): jboss-metadata-common-16.0.0.Final.jar (294/567 kB)Progress (1): jboss-metadata-common-16.0.0.Final.jar (310/567 kB)Progress (1): jboss-metadata-common-16.0.0.Final.jar (327/567 kB)Progress (1): jboss-metadata-common-16.0.0.Final.jar (343/567 kB)Progress (1): jboss-metadata-common-16.0.0.Final.jar (359/567 kB)Progress (1): jboss-metadata-common-16.0.0.Final.jar (376/567 kB)Progress (1): jboss-metadata-common-16.0.0.Final.jar (392/567 kB)Progress (1): jboss-metadata-common-16.0.0.Final.jar (409/567 kB)Progress (1): jboss-metadata-common-16.0.0.Final.jar (425/567 kB)Progress (1): jboss-metadata-common-16.0.0.Final.jar (441/567 kB)Progress (1): jboss-metadata-common-16.0.0.Final.jar (458/567 kB)Progress (1): jboss-metadata-common-16.0.0.Final.jar (474/567 kB)Progress (1): jboss-metadata-common-16.0.0.Final.jar (490/567 kB)Progress (1): jboss-metadata-common-16.0.0.Final.jar (507/567 kB)Progress (1): jboss-metadata-common-16.0.0.Final.jar (523/567 kB)Progress (1): jboss-metadata-common-16.0.0.Final.jar (540/567 kB)Progress (1): jboss-metadata-common-16.0.0.Final.jar (556/567 kB)Progress (1): jboss-metadata-common-16.0.0.Final.jar (567 kB)                                                                 Downloaded&amp#27;[90m from &amp#27;[0mcentral&amp#27;[90m: https://repo.maven.apache.org/maven2/&amp#27;[0morg/jboss/metadata/jboss-metadata-common/16.0.0.Final/jboss-metadata-common-16.0.0.Final.jar&amp#27;[90m (567 kB at 1.1 MB/s)&amp#27;[0m
&amp#27;[90mDownloading from &amp#27;[0mcentral&amp#27;[90m: https://repo.maven.apache.org/maven2/&amp#27;[0morg/jboss/metadata/jboss-metadata-web/16.0.0.Final/jboss-metadata-web-16.0.0.Final.jar
Progress (1): jboss-metadata-web-16.0.0.Final.jar (16/593 kB)Progress (1): jboss-metadata-web-16.0.0.Final.jar (33/593 kB)Progress (1): jboss-metadata-web-16.0.0.Final.jar (49/593 kB)Progress (1): jboss-metadata-web-16.0.0.Final.jar (63/593 kB)Progress (1): jboss-metadata-web-16.0.0.Final.jar (65/593 kB)Progress (1): jboss-metadata-web-16.0.0.Final.jar (82/593 kB)Progress (1): jboss-metadata-web-16.0.0.Final.jar (98/593 kB)Progress (1): jboss-metadata-web-16.0.0.Final.jar (114/593 kB)Progress (1): jboss-metadata-web-16.0.0.Final.jar (131/593 kB)Progress (1): jboss-metadata-web-16.0.0.Final.jar (147/593 kB)Progress (1): jboss-metadata-web-16.0.0.Final.jar (164/593 kB)Progress (1): jboss-metadata-web-16.0.0.Final.jar (180/593 kB)Progress (1): jboss-metadata-web-16.0.0.Final.jar (196/593 kB)Progress (1): jboss-metadata-web-16.0.0.Final.jar (213/593 kB)Progress (1): jboss-metadata-web-16.0.0.Final.jar (229/593 kB)Progress (1): jboss-metadata-web-16.0.0.Final.jar (245/593 kB)Progress (1): jboss-metadata-web-16.0.0.Final.jar (262/593 kB)Progress (1): jboss-metadata-web-16.0.0.Final.jar (278/593 kB)Progress (1): jboss-metadata-web-16.0.0.Final.jar (295/593 kB)Progress (1): jboss-metadata-web-16.0.0.Final.jar (311/593 kB)Progress (1): jboss-metadata-web-16.0.0.Final.jar (327/593 kB)Progress (1): jboss-metadata-web-16.0.0.Final.jar (344/593 kB)Progress (1): jboss-metadata-web-16.0.0.Final.jar (360/593 kB)Progress (1): jboss-metadata-web-16.0.0.Final.jar (376/593 kB)Progress (1): jboss-metadata-web-16.0.0.Final.jar (393/593 kB)Progress (1): jboss-metadata-web-16.0.0.Final.jar (409/593 kB)Progress (1): jboss-metadata-web-16.0.0.Final.jar (426/593 kB)Progress (1): jboss-metadata-web-16.0.0.Final.jar (442/593 kB)Progress (1): jboss-metadata-web-16.0.0.Final.jar (458/593 kB)Progress (1): jboss-metadata-web-16.0.0.Final.jar (475/593 kB)Progress (1): jboss-metadata-web-16.0.0.Final.jar (491/593 kB)Progress (1): jboss-metadata-web-16.0.0.Final.jar (508/593 kB)Progress (1): jboss-metadata-web-16.0.0.Final.jar (524/593 kB)Progress (1): jboss-metadata-web-16.0.0.Final.jar (540/593 kB)Progress (1): jboss-metadata-web-16.0.0.Final.jar (557/593 kB)Progress (1): jboss-metadata-web-16.0.0.Final.jar (573/593 kB)Progress (1): jboss-metadata-web-16.0.0.Final.jar (589/593 kB)Progress (1): jboss-metadata-web-16.0.0.Final.jar (593 kB)                                                              Downloaded&amp#27;[90m from &amp#27;[0mcentral&amp#27;[90m: https://repo.maven.apache.org/maven2/&amp#27;[0morg/jboss/metadata/jboss-metadata-web/16.0.0.Final/jboss-metadata-web-16.0.0.Final.jar&amp#27;[90m (593 kB at 1.2 MB/s)&amp#27;[0m
&amp#27;[90mDownloading from &amp#27;[0mcentral&amp#27;[90m: https://repo.maven.apache.org/maven2/&amp#27;[0mio/quarkus/quarkus-undertow-spi/3.13.2/quarkus-undertow-spi-3.13.2.jar
Progress (1): quarkus-undertow-spi-3.13.2.jar (16/27 kB)Progress (1): quarkus-undertow-spi-3.13.2.jar (27 kB)                                                        Downloaded&amp#27;[90m from &amp#27;[0mcentral&amp#27;[90m: https://repo.maven.apache.org/maven2/&amp#27;[0mio/quarkus/quarkus-undertow-spi/3.13.2/quarkus-undertow-spi-3.13.2.jar&amp#27;[90m (27 kB at 411 kB/s)&amp#27;[0m
&amp#27;[90mDownloading from &amp#27;[0mcentral&amp#27;[90m: https://repo.maven.apache.org/maven2/&amp#27;[0mio/quarkus/quarkus-resteasy-server-common-deployment/3.13.2/quarkus-resteasy-server-common-deployment-3.13.2.jar
Progress (1): quarkus-resteasy-server-common-deployment-3.13.2.jar (16/39 kB)Progress (1): quarkus-resteasy-server-common-deployment-3.13.2.jar (33/39 kB)Progress (1): quarkus-resteasy-server-common-deployment-3.13.2.jar (39 kB)                                                                             Downloaded&amp#27;[90m from &amp#27;[0mcentral&amp#27;[90m: https://repo.maven.apache.org/maven2/&amp#27;[0mio/quarkus/quarkus-resteasy-server-common-deployment/3.13.2/quarkus-resteasy-server-common-deployment-3.13.2.jar&amp#27;[90m (39 kB at 643 kB/s)&amp#27;[0m
&amp#27;[90mDownloading from &amp#27;[0mcentral&amp#27;[90m: https://repo.maven.apache.org/maven2/&amp#27;[0mio/quarkus/quarkus-netty-deployment/3.13.2/quarkus-netty-deployment-3.13.2.jar
Progress (1): quarkus-netty-deployment-3.13.2.jar (16/20 kB)Progress (1): quarkus-netty-deployment-3.13.2.jar (20 kB)                                                            Downloaded&amp#27;[90m from &amp#27;[0mcentral&amp#27;[90m: https://repo.maven.apache.org/maven2/&amp#27;[0mio/quarkus/quarkus-netty-deployment/3.13.2/quarkus-netty-deployment-3.13.2.jar&amp#27;[90m (20 kB at 360 kB/s)&amp#27;[0m
&amp#27;[90mDownloading from &amp#27;[0mcentral&amp#27;[90m: https://repo.maven.apache.org/maven2/&amp#27;[0mio/quarkus/quarkus-virtual-threads-deployment/3.13.2/quarkus-virtual-threads-deployment-3.13.2.jar
Progress (1): quarkus-virtual-threads-deployment-3.13.2.jar (8.4 kB)                                                                    Downloaded&amp#27;[90m from &amp#27;[0mcentral&amp#27;[90m: https://repo.maven.apache.org/maven2/&amp#27;[0mio/quarkus/quarkus-virtual-threads-deployment/3.13.2/quarkus-virtual-threads-deployment-3.13.2.jar&amp#27;[90m (8.4 kB at 162 kB/s)&amp#27;[0m
&amp#27;[90mDownloading from &amp#27;[0mcentral&amp#27;[90m: https://repo.maven.apache.org/maven2/&amp#27;[0mio/quarkus/quarkus-vertx-deployment-spi/3.13.2/quarkus-vertx-deployment-spi-3.13.2.jar
Progress (1): quarkus-vertx-deployment-spi-3.13.2.jar (7.4 kB)                                                              Downloaded&amp#27;[90m from &amp#27;[0mcentral&amp#27;[90m: https://repo.maven.apache.org/maven2/&amp#27;[0mio/quarkus/quarkus-vertx-deployment-spi/3.13.2/quarkus-vertx-deployment-spi-3.13.2.jar&amp#27;[90m (7.4 kB at 131 kB/s)&amp#27;[0m
&amp#27;[90mDownloading from &amp#27;[0mcentral&amp#27;[90m: https://repo.maven.apache.org/maven2/&amp#27;[0mio/quarkus/quarkus-vertx-deployment/3.13.2/quarkus-vertx-deployment-3.13.2.jar
Progress (1): quarkus-vertx-deployment-3.13.2.jar (16/47 kB)Progress (1): quarkus-vertx-deployment-3.13.2.jar (33/47 kB)Progress (1): quarkus-vertx-deployment-3.13.2.jar (47 kB)                                                            Downloaded&amp#27;[90m from &amp#27;[0mcentral&amp#27;[90m: https://repo.maven.apache.org/maven2/&amp#27;[0mio/quarkus/quarkus-vertx-deployment/3.13.2/quarkus-vertx-deployment-3.13.2.jar&amp#27;[90m (47 kB at 803 kB/s)&amp#27;[0m
&amp#27;[90mDownloading from &amp#27;[0mcentral&amp#27;[90m: https://repo.maven.apache.org/maven2/&amp#27;[0mio/quarkus/quarkus-vertx-http-deployment-spi/3.13.2/quarkus-vertx-http-deployment-spi-3.13.2.jar
Progress (1): quarkus-vertx-http-deployment-spi-3.13.2.jar (16/18 kB)Progress (1): quarkus-vertx-http-deployment-spi-3.13.2.jar (18 kB)                                                                     Downloaded&amp#27;[90m from &amp#27;[0mcentral&amp#27;[90m: https://repo.maven.apache.org/maven2/&amp#27;[0mio/quarkus/quarkus-vertx-http-deployment-spi/3.13.2/quarkus-vertx-http-deployment-spi-3.13.2.jar&amp#27;[90m (18 kB at 307 kB/s)&amp#27;[0m
&amp#27;[90mDownloading from &amp#27;[0mcentral&amp#27;[90m: https://repo.maven.apache.org/maven2/&amp#27;[0mio/quarkus/quarkus-smallrye-context-propagation-deployment/3.13.2/quarkus-smallrye-context-propagation-deployment-3.13.2.jar
Progress (1): quarkus-smallrye-context-propagation-deployment-3.13.2.jar (16/21 kB)Progress (1): quarkus-smallrye-context-propagation-deployment-3.13.2.jar (21 kB)                                                                                   Downloaded&amp#27;[90m from &amp#27;[0mcentral&amp#27;[90m: https://repo.maven.apache.org/maven2/&amp#27;[0mio/quarkus/quarkus-smallrye-context-propagation-deployment/3.13.2/quarkus-smallrye-context-propagation-deployment-3.13.2.jar&amp#27;[90m (21 kB at 376 kB/s)&amp#27;[0m
&amp#27;[90mDownloading from &amp#27;[0mcentral&amp#27;[90m: https://repo.maven.apache.org/maven2/&amp#27;[0mio/quarkus/quarkus-mutiny-deployment/3.13.2/quarkus-mutiny-deployment-3.13.2.jar
Progress (1): quarkus-mutiny-deployment-3.13.2.jar (8.2 kB)                                                           Downloaded&amp#27;[90m from &amp#27;[0mcentral&amp#27;[90m: https://repo.maven.apache.org/maven2/&amp#27;[0mio/quarkus/quarkus-mutiny-deployment/3.13.2/quarkus-mutiny-deployment-3.13.2.jar&amp#27;[90m (8.2 kB at 161 kB/s)&amp#27;[0m
&amp#27;[90mDownloading from &amp#27;[0mcentral&amp#27;[90m: https://repo.maven.apache.org/maven2/&amp#27;[0mio/quarkus/quarkus-tls-registry-deployment/3.13.2/quarkus-tls-registry-deployment-3.13.2.jar
Progress (1): quarkus-tls-registry-deployment-3.13.2.jar (9.7 kB)                                                                 Downloaded&amp#27;[90m from &amp#27;[0mcentral&amp#27;[90m: https://repo.maven.apache.org/maven2/&amp#27;[0mio/quarkus/quarkus-tls-registry-deployment/3.13.2/quarkus-tls-registry-deployment-3.13.2.jar&amp#27;[90m (9.7 kB at 187 kB/s)&amp#27;[0m
&amp#27;[90mDownloading from &amp#27;[0mcentral&amp#27;[90m: https://repo.maven.apache.org/maven2/&amp#27;[0mio/quarkus/quarkus-credentials-deployment/3.13.2/quarkus-credentials-deployment-3.13.2.jar
Progress (1): quarkus-credentials-deployment-3.13.2.jar (7.3 kB)                                                                Downloaded&amp#27;[90m from &amp#27;[0mcentral&amp#27;[90m: https://repo.maven.apache.org/maven2/&amp#27;[0mio/quarkus/quarkus-credentials-deployment/3.13.2/quarkus-credentials-deployment-3.13.2.jar&amp#27;[90m (7.3 kB at 130 kB/s)&amp#27;[0m
&amp#27;[90mDownloading from &amp#27;[0mcentral&amp#27;[90m: https://repo.maven.apache.org/maven2/&amp#27;[0mio/quarkus/quarkus-kubernetes-spi/3.13.2/quarkus-kubernetes-spi-3.13.2.jar
Progress (1): quarkus-kubernetes-spi-3.13.2.jar (16/40 kB)Progress (1): quarkus-kubernetes-spi-3.13.2.jar (33/40 kB)Progress (1): quarkus-kubernetes-spi-3.13.2.jar (40 kB)                                                          Downloaded&amp#27;[90m from &amp#27;[0mcentral&amp#27;[90m: https://repo.maven.apache.org/maven2/&amp#27;[0mio/quarkus/quarkus-kubernetes-spi/3.13.2/quarkus-kubernetes-spi-3.13.2.jar&amp#27;[90m (40 kB at 686 kB/s)&amp#27;[0m
&amp#27;[90mDownloading from &amp#27;[0mcentral&amp#27;[90m: https://repo.maven.apache.org/maven2/&amp#27;[0morg/mvnpm/at/vaadin/router/1.7.5/router-1.7.5.jar
Progress (1): router-1.7.5.jar (16/248 kB)Progress (1): router-1.7.5.jar (33/248 kB)Progress (1): router-1.7.5.jar (49/248 kB)Progress (1): router-1.7.5.jar (66/248 kB)Progress (1): router-1.7.5.jar (82/248 kB)Progress (1): router-1.7.5.jar (98/248 kB)Progress (1): router-1.7.5.jar (115/248 kB)Progress (1): router-1.7.5.jar (131/248 kB)Progress (1): router-1.7.5.jar (147/248 kB)Progress (1): router-1.7.5.jar (164/248 kB)Progress (1): router-1.7.5.jar (180/248 kB)Progress (1): router-1.7.5.jar (197/248 kB)Progress (1): router-1.7.5.jar (213/248 kB)Progress (1): router-1.7.5.jar (229/248 kB)Progress (1): router-1.7.5.jar (246/248 kB)Progress (1): router-1.7.5.jar (248 kB)                                           Downloaded&amp#27;[90m from &amp#27;[0mcentral&amp#27;[90m: https://repo.maven.apache.org/maven2/&amp#27;[0morg/mvnpm/at/vaadin/router/1.7.5/router-1.7.5.jar&amp#27;[90m (248 kB at 871 kB/s)&amp#27;[0m
&amp#27;[90mDownloading from &amp#27;[0mcentral&amp#27;[90m: https://repo.maven.apache.org/maven2/&amp#27;[0morg/mvnpm/path-to-regexp/2.4.0/path-to-regexp-2.4.0.jar
Progress (1): path-to-regexp-2.4.0.jar (5.2 kB)                                               Downloaded&amp#27;[90m from &amp#27;[0mcentral&amp#27;[90m: https://repo.maven.apache.org/maven2/&amp#27;[0morg/mvnpm/path-to-regexp/2.4.0/path-to-regexp-2.4.0.jar&amp#27;[90m (5.2 kB at 92 kB/s)&amp#27;[0m
&amp#27;[90mDownloading from &amp#27;[0mcentral&amp#27;[90m: https://repo.maven.apache.org/maven2/&amp#27;[0morg/mvnpm/at/mvnpm/vaadin-webcomponents/24.4.5/vaadin-webcomponents-24.4.5.jar
Progress (1): vaadin-webcomponents-24.4.5.jar (0/2.5 MB)Progress (1): vaadin-webcomponents-24.4.5.jar (0/2.5 MB)Progress (1): vaadin-webcomponents-24.4.5.jar (0/2.5 MB)Progress (1): vaadin-webcomponents-24.4.5.jar (0.1/2.5 MB)Progress (1): vaadin-webcomponents-24.4.5.jar (0.1/2.5 MB)Progress (1): vaadin-webcomponents-24.4.5.jar (0.1/2.5 MB)Progress (1): vaadin-webcomponents-24.4.5.jar (0.1/2.5 MB)Progress (1): vaadin-webcomponents-24.4.5.jar (0.1/2.5 MB)Progress (1): vaadin-webcomponents-24.4.5.jar (0.1/2.5 MB)Progress (1): vaadin-webcomponents-24.4.5.jar (0.2/2.5 MB)Progress (1): vaadin-webcomponents-24.4.5.jar (0.2/2.5 MB)Progress (1): vaadin-webcomponents-24.4.5.jar (0.2/2.5 MB)Progress (1): vaadin-webcomponents-24.4.5.jar (0.2/2.5 MB)Progress (1): vaadin-webcomponents-24.4.5.jar (0.2/2.5 MB)Progress (1): vaadin-webcomponents-24.4.5.jar (0.2/2.5 MB)Progress (1): vaadin-webcomponents-24.4.5.jar (0.3/2.5 MB)Progress (1): vaadin-webcomponents-24.4.5.jar (0.3/2.5 MB)Progress (1): vaadin-webcomponents-24.4.5.jar (0.3/2.5 MB)Progress (1): vaadin-webcomponents-24.4.5.jar (0.3/2.5 MB)Progress (1): vaadin-webcomponents-24.4.5.jar (0.3/2.5 MB)Progress (1): vaadin-webcomponents-24.4.5.jar (0.3/2.5 MB)Progress (1): vaadin-webcomponents-24.4.5.jar (0.3/2.5 MB)Progress (1): vaadin-webcomponents-24.4.5.jar (0.4/2.5 MB)Progress (1): vaadin-webcomponents-24.4.5.jar (0.4/2.5 MB)Progress (1): vaadin-webcomponents-24.4.5.jar (0.4/2.5 MB)Progress (1): vaadin-webcomponents-24.4.5.jar (0.4/2.5 MB)Progress (1): vaadin-webcomponents-24.4.5.jar (0.4/2.5 MB)Progress (1): vaadin-webcomponents-24.4.5.jar (0.4/2.5 MB)Progress (1): vaadin-webcomponents-24.4.5.jar (0.5/2.5 MB)Progress (1): vaadin-webcomponents-24.4.5.jar (0.5/2.5 MB)Progress (1): vaadin-webcomponents-24.4.5.jar (0.5/2.5 MB)Progress (1): vaadin-webcomponents-24.4.5.jar (0.5/2.5 MB)Progress (1): vaadin-webcomponents-24.4.5.jar (0.5/2.5 MB)Progress (1): vaadin-webcomponents-24.4.5.jar (0.5/2.5 MB)Progress (1): vaadin-webcomponents-24.4.5.jar (0.6/2.5 MB)Progress (1): vaadin-webcomponents-24.4.5.jar (0.6/2.5 MB)Progress (1): vaadin-webcomponents-24.4.5.jar (0.6/2.5 MB)Progress (1): vaadin-webcomponents-24.4.5.jar (0.6/2.5 MB)Progress (1): vaadin-webcomponents-24.4.5.jar (0.6/2.5 MB)Progress (1): vaadin-webcomponents-24.4.5.jar (0.6/2.5 MB)Progress (1): vaadin-webcomponents-24.4.5.jar (0.6/2.5 MB)Progress (1): vaadin-webcomponents-24.4.5.jar (0.7/2.5 MB)Progress (1): vaadin-webcomponents-24.4.5.jar (0.7/2.5 MB)Progress (1): vaadin-webcomponents-24.4.5.jar (0.7/2.5 MB)Progress (1): vaadin-webcomponents-24.4.5.jar (0.7/2.5 MB)Progress (1): vaadin-webcomponents-24.4.5.jar (0.7/2.5 MB)Progress (1): vaadin-webcomponents-24.4.5.jar (0.7/2.5 MB)Progress (1): vaadin-webcomponents-24.4.5.jar (0.8/2.5 MB)Progress (1): vaadin-webcomponents-24.4.5.jar (0.8/2.5 MB)Progress (1): vaadin-webcomponents-24.4.5.jar (0.8/2.5 MB)Progress (1): vaadin-webcomponents-24.4.5.jar (0.8/2.5 MB)Progress (1): vaadin-webcomponents-24.4.5.jar (0.8/2.5 MB)Progress (1): vaadin-webcomponents-24.4.5.jar (0.8/2.5 MB)Progress (1): vaadin-webcomponents-24.4.5.jar (0.9/2.5 MB)Progress (1): vaadin-webcomponents-24.4.5.jar (0.9/2.5 MB)Progress (1): vaadin-webcomponents-24.4.5.jar (0.9/2.5 MB)Progress (1): vaadin-webcomponents-24.4.5.jar (0.9/2.5 MB)Progress (1): vaadin-webcomponents-24.4.5.jar (0.9/2.5 MB)Progress (1): vaadin-webcomponents-24.4.5.jar (0.9/2.5 MB)Progress (1): vaadin-webcomponents-24.4.5.jar (1.0/2.5 MB)Progress (1): vaadin-webcomponents-24.4.5.jar (1.0/2.5 MB)Progress (1): vaadin-webcomponents-24.4.5.jar (1.0/2.5 MB)Progress (1): vaadin-webcomponents-24.4.5.jar (1.0/2.5 MB)Progress (1): vaadin-webcomponents-24.4.5.jar (1.0/2.5 MB)Progress (1): vaadin-webcomponents-24.4.5.jar (1.0/2.5 MB)Progress (1): vaadin-webcomponents-24.4.5.jar (1.1/2.5 MB)Progress (1): vaadin-webcomponents-24.4.5.jar (1.1/2.5 MB)Progress (1): vaadin-webcomponents-24.4.5.jar (1.1/2.5 MB)Progress (1): vaadin-webcomponents-24.4.5.jar (1.1/2.5 MB)Progress (1): vaadin-webcomponents-24.4.5.jar (1.1/2.5 MB)Progress (1): vaadin-webcomponents-24.4.5.jar (1.1/2.5 MB)Progress (1): vaadin-webcomponents-24.4.5.jar (1.2/2.5 MB)Progress (1): vaadin-webcomponents-24.4.5.jar (1.2/2.5 MB)Progress (1): vaadin-webcomponents-24.4.5.jar (1.2/2.5 MB)Progress (1): vaadin-webcomponents-24.4.5.jar (1.2/2.5 MB)Progress (1): vaadin-webcomponents-24.4.5.jar (1.2/2.5 MB)Progress (1): vaadin-webcomponents-24.4.5.jar (1.2/2.5 MB)Progress (1): vaadin-webcomponents-24.4.5.jar (1.3/2.5 MB)Progress (1): vaadin-webcomponents-24.4.5.jar (1.3/2.5 MB)Progress (1): vaadin-webcomponents-24.4.5.jar (1.3/2.5 MB)Progress (1): vaadin-webcomponents-24.4.5.jar (1.3/2.5 MB)Progress (1): vaadin-webcomponents-24.4.5.jar (1.3/2.5 MB)Progress (1): vaadin-webcomponents-24.4.5.jar (1.3/2.5 MB)Progress (1): vaadin-webcomponents-24.4.5.jar (1.4/2.5 MB)Progress (1): vaadin-webcomponents-24.4.5.jar (1.4/2.5 MB)Progress (1): vaadin-webcomponents-24.4.5.jar (1.4/2.5 MB)Progress (1): vaadin-webcomponents-24.4.5.jar (1.4/2.5 MB)Progress (1): vaadin-webcomponents-24.4.5.jar (1.4/2.5 MB)Progress (1): vaadin-webcomponents-24.4.5.jar (1.4/2.5 MB)Progress (1): vaadin-webcomponents-24.4.5.jar (1.5/2.5 MB)Progress (1): vaadin-webcomponents-24.4.5.jar (1.5/2.5 MB)Progress (1): vaadin-webcomponents-24.4.5.jar (1.5/2.5 MB)Progress (1): vaadin-webcomponents-24.4.5.jar (1.5/2.5 MB)Progress (1): vaadin-webcomponents-24.4.5.jar (1.5/2.5 MB)Progress (1): vaadin-webcomponents-24.4.5.jar (1.5/2.5 MB)Progress (1): vaadin-webcomponents-24.4.5.jar (1.6/2.5 MB)Progress (1): vaadin-webcomponents-24.4.5.jar (1.6/2.5 MB)Progress (1): vaadin-webcomponents-24.4.5.jar (1.6/2.5 MB)Progress (1): vaadin-webcomponents-24.4.5.jar (1.6/2.5 MB)Progress (1): vaadin-webcomponents-24.4.5.jar (1.6/2.5 MB)Progress (1): vaadin-webcomponents-24.4.5.jar (1.6/2.5 MB)Progress (1): vaadin-webcomponents-24.4.5.jar (1.6/2.5 MB)Progress (1): vaadin-webcomponents-24.4.5.jar (1.7/2.5 MB)Progress (1): vaadin-webcomponents-24.4.5.jar (1.7/2.5 MB)Progress (1): vaadin-webcomponents-24.4.5.jar (1.7/2.5 MB)Progress (1): vaadin-webcomponents-24.4.5.jar (1.7/2.5 MB)Progress (1): vaadin-webcomponents-24.4.5.jar (1.7/2.5 MB)Progress (1): vaadin-webcomponents-24.4.5.jar (1.7/2.5 MB)Progress (1): vaadin-webcomponents-24.4.5.jar (1.8/2.5 MB)Progress (1): vaadin-webcomponents-24.4.5.jar (1.8/2.5 MB)Progress (1): vaadin-webcomponents-24.4.5.jar (1.8/2.5 MB)Progress (1): vaadin-webcomponents-24.4.5.jar (1.8/2.5 MB)Progress (1): vaadin-webcomponents-24.4.5.jar (1.8/2.5 MB)Progress (1): vaadin-webcomponents-24.4.5.jar (1.8/2.5 MB)Progress (1): vaadin-webcomponents-24.4.5.jar (1.9/2.5 MB)Progress (1): vaadin-webcomponents-24.4.5.jar (1.9/2.5 MB)Progress (1): vaadin-webcomponents-24.4.5.jar (1.9/2.5 MB)Progress (1): vaadin-webcomponents-24.4.5.jar (1.9/2.5 MB)Progress (1): vaadin-webcomponents-24.4.5.jar (1.9/2.5 MB)Progress (1): vaadin-webcomponents-24.4.5.jar (1.9/2.5 MB)Progress (1): vaadin-webcomponents-24.4.5.jar (2.0/2.5 MB)Progress (1): vaadin-webcomponents-24.4.5.jar (2.0/2.5 MB)Progress (1): vaadin-webcomponents-24.4.5.jar (2.0/2.5 MB)Progress (1): vaadin-webcomponents-24.4.5.jar (2.0/2.5 MB)Progress (1): vaadin-webcomponents-24.4.5.jar (2.0/2.5 MB)Progress (1): vaadin-webcomponents-24.4.5.jar (2.0/2.5 MB)Progress (1): vaadin-webcomponents-24.4.5.jar (2.1/2.5 MB)Progress (1): vaadin-webcomponents-24.4.5.jar (2.1/2.5 MB)Progress (1): vaadin-webcomponents-24.4.5.jar (2.1/2.5 MB)Progress (1): vaadin-webcomponents-24.4.5.jar (2.1/2.5 MB)Progress (1): vaadin-webcomponents-24.4.5.jar (2.1/2.5 MB)Progress (1): vaadin-webcomponents-24.4.5.jar (2.1/2.5 MB)Progress (1): vaadin-webcomponents-24.4.5.jar (2.2/2.5 MB)Progress (1): vaadin-webcomponents-24.4.5.jar (2.2/2.5 MB)Progress (1): vaadin-webcomponents-24.4.5.jar (2.2/2.5 MB)Progress (1): vaadin-webcomponents-24.4.5.jar (2.2/2.5 MB)Progress (1): vaadin-webcomponents-24.4.5.jar (2.2/2.5 MB)Progress (1): vaadin-webcomponents-24.4.5.jar (2.2/2.5 MB)Progress (1): vaadin-webcomponents-24.4.5.jar (2.3/2.5 MB)Progress (1): vaadin-webcomponents-24.4.5.jar (2.3/2.5 MB)Progress (1): vaadin-webcomponents-24.4.5.jar (2.3/2.5 MB)Progress (1): vaadin-webcomponents-24.4.5.jar (2.3/2.5 MB)Progress (1): vaadin-webcomponents-24.4.5.jar (2.3/2.5 MB)Progress (1): vaadin-webcomponents-24.4.5.jar (2.3/2.5 MB)Progress (1): vaadin-webcomponents-24.4.5.jar (2.4/2.5 MB)Progress (1): vaadin-webcomponents-24.4.5.jar (2.4/2.5 MB)Progress (1): vaadin-webcomponents-24.4.5.jar (2.4/2.5 MB)Progress (1): vaadin-webcomponents-24.4.5.jar (2.4/2.5 MB)Progress (1): vaadin-webcomponents-24.4.5.jar (2.4/2.5 MB)Progress (1): vaadin-webcomponents-24.4.5.jar (2.4/2.5 MB)Progress (1): vaadin-webcomponents-24.4.5.jar (2.5/2.5 MB)Progress (1): vaadin-webcomponents-24.4.5.jar (2.5/2.5 MB)Progress (1): vaadin-webcomponents-24.4.5.jar (2.5/2.5 MB)Progress (1): vaadin-webcomponents-24.4.5.jar (2.5/2.5 MB)Progress (1): vaadin-webcomponents-24.4.5.jar (2.5/2.5 MB)Progress (1): vaadin-webcomponents-24.4.5.jar (2.5/2.5 MB)Progress (1): vaadin-webcomponents-24.4.5.jar (2.5 MB)                                                          Downloaded&amp#27;[90m from &amp#27;[0mcentral&amp#27;[90m: https://repo.maven.apache.org/maven2/&amp#27;[0morg/mvnpm/at/mvnpm/vaadin-webcomponents/24.4.5/vaadin-webcomponents-24.4.5.jar&amp#27;[90m (2.5 MB at 1.5 MB/s)&amp#27;[0m
&amp#27;[90mDownloading from &amp#27;[0mcentral&amp#27;[90m: https://repo.maven.apache.org/maven2/&amp#27;[0morg/mvnpm/at/vaadin/vaadin-usage-statistics/2.1.2/vaadin-usage-statistics-2.1.2.jar
Progress (1): vaadin-usage-statistics-2.1.2.jar (11 kB)                                                       Downloaded&amp#27;[90m from &amp#27;[0mcentral&amp#27;[90m: https://repo.maven.apache.org/maven2/&amp#27;[0morg/mvnpm/at/vaadin/vaadin-usage-statistics/2.1.2/vaadin-usage-statistics-2.1.2.jar&amp#27;[90m (11 kB at 224 kB/s)&amp#27;[0m
&amp#27;[90mDownloading from &amp#27;[0mcentral&amp#27;[90m: https://repo.maven.apache.org/maven2/&amp#27;[0morg/mvnpm/at/vaadin/vaadin-development-mode-detector/2.0.7/vaadin-development-mode-detector-2.0.7.jar
Progress (1): vaadin-development-mode-detector-2.0.7.jar (7.5 kB)                                                                 Downloaded&amp#27;[90m from &amp#27;[0mcentral&amp#27;[90m: https://repo.maven.apache.org/maven2/&amp#27;[0morg/mvnpm/at/vaadin/vaadin-development-mode-detector/2.0.7/vaadin-development-mode-detector-2.0.7.jar&amp#27;[90m (7.5 kB at 146 kB/s)&amp#27;[0m
&amp#27;[90mDownloading from &amp#27;[0mcentral&amp#27;[90m: https://repo.maven.apache.org/maven2/&amp#27;[0morg/mvnpm/at/polymer/polymer/3.5.1/polymer-3.5.1.jar
[...]
Progress (1): quarkus-security-spi-3.13.2.jar (14 kB)                                                     Downloaded&amp#27;[90m from &amp#27;[0mcentral&amp#27;[90m: https://repo.maven.apache.org/maven2/&amp#27;[0mio/quarkus/quarkus-security-spi/3.13.2/quarkus-security-spi-3.13.2.jar&amp#27;[90m (14 kB at 286 kB/s)&amp#27;[0m
&amp#27;[90mDownloading from &amp#27;[0mcentral&amp#27;[90m: https://repo.maven.apache.org/maven2/&amp#27;[0mio/quarkus/quarkus-resteasy-deployment/3.13.2/quarkus-resteasy-deployment-3.13.2.jar
Progress (1): quarkus-resteasy-deployment-3.13.2.jar (16/29 kB)Progress (1): quarkus-resteasy-deployment-3.13.2.jar (29 kB)                                                               Downloaded&amp#27;[90m from &amp#27;[0mcentral&amp#27;[90m: https://repo.maven.apache.org/maven2/&amp#27;[0mio/quarkus/quarkus-resteasy-deployment/3.13.2/quarkus-resteasy-deployment-3.13.2.jar&amp#27;[90m (29 kB at 507 kB/s)&amp#27;[0m
&amp#27;[90mDownloading from &amp#27;[0mcentral&amp#27;[90m: https://repo.maven.apache.org/maven2/&amp#27;[0mio/quarkus/quarkus-jackson-spi/3.13.2/quarkus-jackson-spi-3.13.2.jar
Progress (1): quarkus-jackson-spi-3.13.2.jar (10.0 kB)                                                      Downloaded&amp#27;[90m from &amp#27;[0mcentral&amp#27;[90m: https://repo.maven.apache.org/maven2/&amp#27;[0mio/quarkus/quarkus-jackson-spi/3.13.2/quarkus-jackson-spi-3.13.2.jar&amp#27;[90m (10.0 kB at 195 kB/s)&amp#27;[0m
&amp#27;[90mDownloading from &amp#27;[0mcentral&amp#27;[90m: https://repo.maven.apache.org/maven2/&amp#27;[0mio/quarkus/quarkus-jackson-deployment/3.13.2/quarkus-jackson-deployment-3.13.2.jar
Progress (1): quarkus-jackson-deployment-3.13.2.jar (16/19 kB)Progress (1): quarkus-jackson-deployment-3.13.2.jar (19 kB)                                                              Downloaded&amp#27;[90m from &amp#27;[0mcentral&amp#27;[90m: https://repo.maven.apache.org/maven2/&amp#27;[0mio/quarkus/quarkus-jackson-deployment/3.13.2/quarkus-jackson-deployment-3.13.2.jar&amp#27;[90m (19 kB at 371 kB/s)&amp#27;[0m
&amp#27;[90mDownloading from &amp#27;[0mcentral&amp#27;[90m: https://repo.maven.apache.org/maven2/&amp#27;[0mio/quarkus/quarkus-resteasy-jackson-deployment/3.13.2/quarkus-resteasy-jackson-deployment-3.13.2.jar
Progress (1): quarkus-resteasy-jackson-deployment-3.13.2.jar (7.9 kB)                                                                     Downloaded&amp#27;[90m from &amp#27;[0mcentral&amp#27;[90m: https://repo.maven.apache.org/maven2/&amp#27;[0mio/quarkus/quarkus-resteasy-jackson-deployment/3.13.2/quarkus-resteasy-jackson-deployment-3.13.2.jar&amp#27;[90m (7.9 kB at 149 kB/s)&amp#27;[0m
&amp#27;[90mDownloading from &amp#27;[0mcentral&amp#27;[90m: https://repo.maven.apache.org/maven2/&amp#27;[0mio/quarkus/quarkus-vertx-http-dev-ui-spi/3.13.2/quarkus-vertx-http-dev-ui-spi-3.13.2.jar
Progress (1): quarkus-vertx-http-dev-ui-spi-3.13.2.jar (16/32 kB)Progress (1): quarkus-vertx-http-dev-ui-spi-3.13.2.jar (32 kB)                                                                 Downloaded&amp#27;[90m from &amp#27;[0mcentral&amp#27;[90m: https://repo.maven.apache.org/maven2/&amp#27;[0mio/quarkus/quarkus-vertx-http-dev-ui-spi/3.13.2/quarkus-vertx-http-dev-ui-spi-3.13.2.jar&amp#27;[90m (32 kB at 605 kB/s)&amp#27;[0m
&amp#27;[90mDownloading from &amp#27;[0mcentral&amp#27;[90m: https://repo.maven.apache.org/maven2/&amp#27;[0mio/quarkus/quarkus-smallrye-openapi-spi/3.13.2/quarkus-smallrye-openapi-spi-3.13.2.jar
Progress (1): quarkus-smallrye-openapi-spi-3.13.2.jar (8.7 kB)                                                              Downloaded&amp#27;[90m from &amp#27;[0mcentral&amp#27;[90m: https://repo.maven.apache.org/maven2/&amp#27;[0mio/quarkus/quarkus-smallrye-openapi-spi/3.13.2/quarkus-smallrye-openapi-spi-3.13.2.jar&amp#27;[90m (8.7 kB at 168 kB/s)&amp#27;[0m
&amp#27;[90mDownloading from &amp#27;[0mcentral&amp#27;[90m: https://repo.maven.apache.org/maven2/&amp#27;[0mio/quarkus/quarkus-resteasy-server-common-spi/3.13.2/quarkus-resteasy-server-common-spi-3.13.2.jar
Progress (1): quarkus-resteasy-server-common-spi-3.13.2.jar (9.5 kB)                                                                    Downloaded&amp#27;[90m from &amp#27;[0mcentral&amp#27;[90m: https://repo.maven.apache.org/maven2/&amp#27;[0mio/quarkus/quarkus-resteasy-server-common-spi/3.13.2/quarkus-resteasy-server-common-spi-3.13.2.jar&amp#27;[90m (9.5 kB at 183 kB/s)&amp#27;[0m
&amp#27;[90mDownloading from &amp#27;[0mcentral&amp#27;[90m: https://repo.maven.apache.org/maven2/&amp#27;[0mio/quarkus/quarkus-resteasy-common-spi/3.13.2/quarkus-resteasy-common-spi-3.13.2.jar
Progress (1): quarkus-resteasy-common-spi-3.13.2.jar (13 kB)                                                            Downloaded&amp#27;[90m from &amp#27;[0mcentral&amp#27;[90m: https://repo.maven.apache.org/maven2/&amp#27;[0mio/quarkus/quarkus-resteasy-common-spi/3.13.2/quarkus-resteasy-common-spi-3.13.2.jar&amp#27;[90m (13 kB at 222 kB/s)&amp#27;[0m
&amp#27;[90mDownloading from &amp#27;[0mcentral&amp#27;[90m: https://repo.maven.apache.org/maven2/&amp#27;[0mio/quarkus/quarkus-smallrye-openapi-common-deployment/3.13.2/quarkus-smallrye-openapi-common-deployment-3.13.2.jar
Progress (1): quarkus-smallrye-openapi-common-deployment-3.13.2.jar (13 kB)                                                                           Downloaded&amp#27;[90m from &amp#27;[0mcentral&amp#27;[90m: https://repo.maven.apache.org/maven2/&amp#27;[0mio/quarkus/quarkus-smallrye-openapi-common-deployment/3.13.2/quarkus-smallrye-openapi-common-deployment-3.13.2.jar&amp#27;[90m (13 kB at 238 kB/s)&amp#27;[0m
&amp#27;[90mDownloading from &amp#27;[0mcentral&amp#27;[90m: https://repo.maven.apache.org/maven2/&amp#27;[0mio/smallrye/smallrye-open-api-ui/3.10.0/smallrye-open-api-ui-3.10.0.jar
Progress (1): smallrye-open-api-ui-3.10.0.jar (0/1.3 MB)Progress (1): smallrye-open-api-ui-3.10.0.jar (0/1.3 MB)Progress (1): smallrye-open-api-ui-3.10.0.jar (0/1.3 MB)Progress (1): smallrye-open-api-ui-3.10.0.jar (0.1/1.3 MB)Progress (1): smallrye-open-api-ui-3.10.0.jar (0.1/1.3 MB)Progress (1): smallrye-open-api-ui-3.10.0.jar (0.1/1.3 MB)Progress (1): smallrye-open-api-ui-3.10.0.jar (0.1/1.3 MB)Progress (1): smallrye-open-api-ui-3.10.0.jar (0.1/1.3 MB)Progress (1): smallrye-open-api-ui-3.10.0.jar (0.1/1.3 MB)Progress (1): smallrye-open-api-ui-3.10.0.jar (0.1/1.3 MB)Progress (1): smallrye-open-api-ui-3.10.0.jar (0.2/1.3 MB)Progress (1): smallrye-open-api-ui-3.10.0.jar (0.2/1.3 MB)Progress (1): smallrye-open-api-ui-3.10.0.jar (0.2/1.3 MB)Progress (1): smallrye-open-api-ui-3.10.0.jar (0.2/1.3 MB)Progress (1): smallrye-open-api-ui-3.10.0.jar (0.2/1.3 MB)Progress (1): smallrye-open-api-ui-3.10.0.jar (0.2/1.3 MB)Progress (1): smallrye-open-api-ui-3.10.0.jar (0.3/1.3 MB)Progress (1): smallrye-open-api-ui-3.10.0.jar (0.3/1.3 MB)Progress (1): smallrye-open-api-ui-3.10.0.jar (0.3/1.3 MB)Progress (1): smallrye-open-api-ui-3.10.0.jar (0.3/1.3 MB)Progress (1): smallrye-open-api-ui-3.10.0.jar (0.3/1.3 MB)Progress (1): smallrye-open-api-ui-3.10.0.jar (0.3/1.3 MB)Progress (1): smallrye-open-api-ui-3.10.0.jar (0.4/1.3 MB)Progress (1): smallrye-open-api-ui-3.10.0.jar (0.4/1.3 MB)Progress (1): smallrye-open-api-ui-3.10.0.jar (0.4/1.3 MB)Progress (1): smallrye-open-api-ui-3.10.0.jar (0.4/1.3 MB)Progress (1): smallrye-open-api-ui-3.10.0.jar (0.4/1.3 MB)Progress (1): smallrye-open-api-ui-3.10.0.jar (0.4/1.3 MB)Progress (1): smallrye-open-api-ui-3.10.0.jar (0.5/1.3 MB)Progress (1): smallrye-open-api-ui-3.10.0.jar (0.5/1.3 MB)Progress (1): smallrye-open-api-ui-3.10.0.jar (0.5/1.3 MB)Progress (1): smallrye-open-api-ui-3.10.0.jar (0.5/1.3 MB)Progress (1): smallrye-open-api-ui-3.10.0.jar (0.5/1.3 MB)Progress (1): smallrye-open-api-ui-3.10.0.jar (0.5/1.3 MB)Progress (1): smallrye-open-api-ui-3.10.0.jar (0.6/1.3 MB)Progress (1): smallrye-open-api-ui-3.10.0.jar (0.6/1.3 MB)Progress (1): smallrye-open-api-ui-3.10.0.jar (0.6/1.3 MB)Progress (1): smallrye-open-api-ui-3.10.0.jar (0.6/1.3 MB)Progress (1): smallrye-open-api-ui-3.10.0.jar (0.6/1.3 MB)Progress (1): smallrye-open-api-ui-3.10.0.jar (0.6/1.3 MB)Progress (1): smallrye-open-api-ui-3.10.0.jar (0.7/1.3 MB)Progress (1): smallrye-open-api-ui-3.10.0.jar (0.7/1.3 MB)Progress (1): smallrye-open-api-ui-3.10.0.jar (0.7/1.3 MB)Progress (1): smallrye-open-api-ui-3.10.0.jar (0.7/1.3 MB)Progress (1): smallrye-open-api-ui-3.10.0.jar (0.7/1.3 MB)Progress (1): smallrye-open-api-ui-3.10.0.jar (0.7/1.3 MB)Progress (1): smallrye-open-api-ui-3.10.0.jar (0.7/1.3 MB)Progress (1): smallrye-open-api-ui-3.10.0.jar (0.8/1.3 MB)Progress (1): smallrye-open-api-ui-3.10.0.jar (0.8/1.3 MB)Progress (1): smallrye-open-api-ui-3.10.0.jar (0.8/1.3 MB)Progress (1): smallrye-open-api-ui-3.10.0.jar (0.8/1.3 MB)Progress (1): smallrye-open-api-ui-3.10.0.jar (0.8/1.3 MB)Progress (1): smallrye-open-api-ui-3.10.0.jar (0.8/1.3 MB)Progress (1): smallrye-open-api-ui-3.10.0.jar (0.9/1.3 MB)Progress (1): smallrye-open-api-ui-3.10.0.jar (0.9/1.3 MB)Progress (1): smallrye-open-api-ui-3.10.0.jar (0.9/1.3 MB)Progress (1): smallrye-open-api-ui-3.10.0.jar (0.9/1.3 MB)Progress (1): smallrye-open-api-ui-3.10.0.jar (0.9/1.3 MB)Progress (1): smallrye-open-api-ui-3.10.0.jar (0.9/1.3 MB)Progress (1): smallrye-open-api-ui-3.10.0.jar (1.0/1.3 MB)Progress (1): smallrye-open-api-ui-3.10.0.jar (1.0/1.3 MB)Progress (1): smallrye-open-api-ui-3.10.0.jar (1.0/1.3 MB)Progress (1): smallrye-open-api-ui-3.10.0.jar (1.0/1.3 MB)Progress (1): smallrye-open-api-ui-3.10.0.jar (1.0/1.3 MB)Progress (1): smallrye-open-api-ui-3.10.0.jar (1.0/1.3 MB)Progress (1): smallrye-open-api-ui-3.10.0.jar (1.1/1.3 MB)Progress (1): smallrye-open-api-ui-3.10.0.jar (1.1/1.3 MB)Progress (1): smallrye-open-api-ui-3.10.0.jar (1.1/1.3 MB)Progress (1): smallrye-open-api-ui-3.10.0.jar (1.1/1.3 MB)Progress (1): smallrye-open-api-ui-3.10.0.jar (1.1/1.3 MB)Progress (1): smallrye-open-api-ui-3.10.0.jar (1.1/1.3 MB)Progress (1): smallrye-open-api-ui-3.10.0.jar (1.2/1.3 MB)Progress (1): smallrye-open-api-ui-3.10.0.jar (1.2/1.3 MB)Progress (1): smallrye-open-api-ui-3.10.0.jar (1.2/1.3 MB)Progress (1): smallrye-open-api-ui-3.10.0.jar (1.2/1.3 MB)Progress (1): smallrye-open-api-ui-3.10.0.jar (1.2/1.3 MB)Progress (1): smallrye-open-api-ui-3.10.0.jar (1.2/1.3 MB)Progress (1): smallrye-open-api-ui-3.10.0.jar (1.3/1.3 MB)Progress (1): smallrye-open-api-ui-3.10.0.jar (1.3/1.3 MB)Progress (1): smallrye-open-api-ui-3.10.0.jar (1.3/1.3 MB)Progress (1): smallrye-open-api-ui-3.10.0.jar (1.3 MB)                                                          Downloaded&amp#27;[90m from &amp#27;[0mcentral&amp#27;[90m: https://repo.maven.apache.org/maven2/&amp#27;[0mio/smallrye/smallrye-open-api-ui/3.10.0/smallrye-open-api-ui-3.10.0.jar&amp#27;[90m (1.3 MB at 1.6 MB/s)&amp#27;[0m
&amp#27;[90mDownloading from &amp#27;[0mcentral&amp#27;[90m: https://repo.maven.apache.org/maven2/&amp#27;[0mio/quarkus/quarkus-swagger-ui-deployment/3.13.2/quarkus-swagger-ui-deployment-3.13.2.jar
Progress (1): quarkus-swagger-ui-deployment-3.13.2.jar (8.9/25 kB)Progress (1): quarkus-swagger-ui-deployment-3.13.2.jar (25 kB)                                                                  Downloaded&amp#27;[90m from &amp#27;[0mcentral&amp#27;[90m: https://repo.maven.apache.org/maven2/&amp#27;[0mio/quarkus/quarkus-swagger-ui-deployment/3.13.2/quarkus-swagger-ui-deployment-3.13.2.jar&amp#27;[90m (25 kB at 481 kB/s)&amp#27;[0m
&amp#27;[90mDownloading from &amp#27;[0mcentral&amp#27;[90m: https://repo.maven.apache.org/maven2/&amp#27;[0mio/smallrye/smallrye-open-api-jaxrs/3.10.0/smallrye-open-api-jaxrs-3.10.0.jar
Progress (1): smallrye-open-api-jaxrs-3.10.0.jar (16/35 kB)Progress (1): smallrye-open-api-jaxrs-3.10.0.jar (33/35 kB)Progress (1): smallrye-open-api-jaxrs-3.10.0.jar (35 kB)                                                           Downloaded&amp#27;[90m from &amp#27;[0mcentral&amp#27;[90m: https://repo.maven.apache.org/maven2/&amp#27;[0mio/smallrye/smallrye-open-api-jaxrs/3.10.0/smallrye-open-api-jaxrs-3.10.0.jar&amp#27;[90m (35 kB at 627 kB/s)&amp#27;[0m
&amp#27;[90mDownloading from &amp#27;[0mcentral&amp#27;[90m: https://repo.maven.apache.org/maven2/&amp#27;[0mio/smallrye/smallrye-open-api-spring/3.10.0/smallrye-open-api-spring-3.10.0.jar
Progress (1): smallrye-open-api-spring-3.10.0.jar (16/21 kB)Progress (1): smallrye-open-api-spring-3.10.0.jar (21 kB)                                                            Downloaded&amp#27;[90m from &amp#27;[0mcentral&amp#27;[90m: https://repo.maven.apache.org/maven2/&amp#27;[0mio/smallrye/smallrye-open-api-spring/3.10.0/smallrye-open-api-spring-3.10.0.jar&amp#27;[90m (21 kB at 405 kB/s)&amp#27;[0m
&amp#27;[90mDownloading from &amp#27;[0mcentral&amp#27;[90m: https://repo.maven.apache.org/maven2/&amp#27;[0mio/smallrye/smallrye-open-api-vertx/3.10.0/smallrye-open-api-vertx-3.10.0.jar
Progress (1): smallrye-open-api-vertx-3.10.0.jar (16/21 kB)Progress (1): smallrye-open-api-vertx-3.10.0.jar (21 kB)                                                           Downloaded&amp#27;[90m from &amp#27;[0mcentral&amp#27;[90m: https://repo.maven.apache.org/maven2/&amp#27;[0mio/smallrye/smallrye-open-api-vertx/3.10.0/smallrye-open-api-vertx-3.10.0.jar&amp#27;[90m (21 kB at 409 kB/s)&amp#27;[0m
&amp#27;[90mDownloading from &amp#27;[0mcentral&amp#27;[90m: https://repo.maven.apache.org/maven2/&amp#27;[0mio/quarkus/quarkus-smallrye-openapi-deployment/3.13.2/quarkus-smallrye-openapi-deployment-3.13.2.jar
Progress (1): quarkus-smallrye-openapi-deployment-3.13.2.jar (16/57 kB)Progress (1): quarkus-smallrye-openapi-deployment-3.13.2.jar (32/57 kB)Progress (1): quarkus-smallrye-openapi-deployment-3.13.2.jar (49/57 kB)Progress (1): quarkus-smallrye-openapi-deployment-3.13.2.jar (57 kB)                                                                       Downloaded&amp#27;[90m from &amp#27;[0mcentral&amp#27;[90m: https://repo.maven.apache.org/maven2/&amp#27;[0mio/quarkus/quarkus-smallrye-openapi-deployment/3.13.2/quarkus-smallrye-openapi-deployment-3.13.2.jar&amp#27;[90m (57 kB at 765 kB/s)&amp#27;[0m
&amp#27;[90mDownloading from &amp#27;[0mcentral&amp#27;[90m: https://repo.maven.apache.org/maven2/&amp#27;[0mai/timefold/solver/timefold-solver-quarkus-deployment/1.13.0/timefold-solver-quarkus-deployment-1.13.0.jar
Progress (1): timefold-solver-quarkus-deployment-1.13.0.jar (16/57 kB)Progress (1): timefold-solver-quarkus-deployment-1.13.0.jar (33/57 kB)Progress (1): timefold-solver-quarkus-deployment-1.13.0.jar (49/57 kB)Progress (1): timefold-solver-quarkus-deployment-1.13.0.jar (57 kB)                                                                      Downloaded&amp#27;[90m from &amp#27;[0mcentral&amp#27;[90m: https://repo.maven.apache.org/maven2/&amp#27;[0mai/timefold/solver/timefold-solver-quarkus-deployment/1.13.0/timefold-solver-quarkus-deployment-1.13.0.jar&amp#27;[90m (57 kB at 969 kB/s)&amp#27;[0m
&amp#27;[90mDownloading from &amp#27;[0mcentral&amp#27;[90m: https://repo.maven.apache.org/maven2/&amp#27;[0mai/timefold/solver/timefold-solver-quarkus-jackson-deployment/1.13.0/timefold-solver-quarkus-jackson-deployment-1.13.0.jar
Progress (1): timefold-solver-quarkus-jackson-deployment-1.13.0.jar (4.4 kB)                                                                            Downloaded&amp#27;[90m from &amp#27;[0mcentral&amp#27;[90m: https://repo.maven.apache.org/maven2/&amp#27;[0mai/timefold/solver/timefold-solver-quarkus-jackson-deployment/1.13.0/timefold-solver-quarkus-jackson-deployment-1.13.0.jar&amp#27;[90m (4.4 kB at 84 kB/s)&amp#27;[0m
&amp#27;[90mDownloading from &amp#27;[0mcentral&amp#27;[90m: https://repo.maven.apache.org/maven2/&amp#27;[0mio/mvnpm/importmap/1.0.11/importmap-1.0.11.jar
Progress (1): importmap-1.0.11.jar (9.0 kB)                                           Downloaded&amp#27;[90m from &amp#27;[0mcentral&amp#27;[90m: https://repo.maven.apache.org/maven2/&amp#27;[0mio/mvnpm/importmap/1.0.11/importmap-1.0.11.jar&amp#27;[90m (9.0 kB at 54 kB/s)&amp#27;[0m
&amp#27;[90mDownloading from &amp#27;[0mcentral&amp#27;[90m: https://repo.maven.apache.org/maven2/&amp#27;[0mio/quarkus/quarkus-web-dependency-locator-deployment/3.13.2/quarkus-web-dependency-locator-deployment-3.13.2.jar
Progress (1): quarkus-web-dependency-locator-deployment-3.13.2.jar (16/31 kB)Progress (1): quarkus-web-dependency-locator-deployment-3.13.2.jar (31 kB)                                                                             Downloaded&amp#27;[90m from &amp#27;[0mcentral&amp#27;[90m: https://repo.maven.apache.org/maven2/&amp#27;[0mio/quarkus/quarkus-web-dependency-locator-deployment/3.13.2/quarkus-web-dependency-locator-deployment-3.13.2.jar&amp#27;[90m (31 kB at 581 kB/s)&amp#27;[0m
&amp#27;[90mDownloading from &amp#27;[0mcentral&amp#27;[90m: https://repo.maven.apache.org/maven2/&amp#27;[0mio/quarkus/quarkus-bom-quarkus-platform-properties/3.13.2/quarkus-bom-quarkus-platform-properties-3.13.2.properties
Progress (1): quarkus-bom-quarkus-platform-properties-3.13.2.properties (45 B)                                                                              Downloaded&amp#27;[90m from &amp#27;[0mcentral&amp#27;[90m: https://repo.maven.apache.org/maven2/&amp#27;[0mio/quarkus/quarkus-bom-quarkus-platform-properties/3.13.2/quarkus-bom-quarkus-platform-properties-3.13.2.properties&amp#27;[90m (45 B at 762 B/s)&amp#27;[0m
2024-08-18 00:28:30,461 INFO  [ai.tim.sol.cor.imp.sol.DefaultSolver] (pool-8-thread-1) Solving started: time spent (80), best score (-133init/0hard/0soft), environment mode (REPRODUCIBLE), move thread count (NONE), random (JDK with seed 0).
2024-08-18 00:28:30,477 INFO  [ai.tim.sol.cor.imp.sol.DefaultSolver] (pool-8-thread-1) Problem scale: entity count (133), variable count (133), approximate value count (15), approximate problem scale (2,631101 ? 10^156).
2024-08-18 00:28:31,448 INFO  [ai.tim.sol.cor.imp.con.DefaultConstructionHeuristicPhase] (pool-8-thread-1) Construction Heuristic phase (0) ended: time spent (1076), best score (-2hard/2998.067820soft), score calculation speed (2065/sec), step total (133).
2024-08-18 00:28:40,372 INFO  [ai.tim.sol.cor.imp.loc.DefaultLocalSearchPhase] (pool-8-thread-1) Local Search phase (1) ended: time spent (10000), best score (0hard/3116.60556soft), score calculation speed (12653/sec), step total (4988).
2024-08-18 00:28:40,375 INFO  [ai.tim.sol.cor.imp.sol.DefaultSolver] (pool-8-thread-1) Solving ended: time spent (10001), best score (0hard/3116.60556soft), score calculation speed (11453/sec), phase total (2), environment mode (REPRODUCIBLE), move thread count (NONE).
]]></system-out>
    <system-err><![CDATA[авг. 18, 2024 12:27:44 AM org.jboss.logmanager.JBossLoggerFinder getLogger
ERROR: The LogManager accessed before the "java.util.logging.manager" system property was set to "org.jboss.logmanager.LogManager". Results may be unexpected.
авг. 18, 2024 12:28:26 AM ai.timefold.solver.quarkus.bean.TimefoldSolverBannerBean onStart
INFO: Using Timefold Solver Community Edition v1.13.0.
авг. 18, 2024 12:28:26 AM io.quarkus.bootstrap.runner.Timing printStartupTime
INFO: employee-scheduling 1.0-SNAPSHOT on JVM (powered by Quarkus 3.13.2) started in 9.228s. Listening on: http://localhost:8081
авг. 18, 2024 12:28:26 AM io.quarkus.bootstrap.runner.Timing printStartupTime
INFO: Profile test activated. 
авг. 18, 2024 12:28:26 AM io.quarkus.bootstrap.runner.Timing printStartupTime
INFO: Installed features: [cdi, resteasy, resteasy-jackson, smallrye-context-propagation, smallrye-openapi, swagger-ui, timefold-solver, timefold-solver-jackson, vertx, web-dependency-locator]
]]></system-err>
  </testcase>
</testsuite>